/home/schrodinger/SCHRODINGER_2020-4-r/fep_absolute_binding absolute_binding_ITK-Inactive-J95_run03.maegz -SUBHOST sevenstar_gpu -ppj 4 -maxjob 0 -ensemble muVT -fep-sim-time 5000.0 -md-sim-time 5000.0 -seed 2003 -OPLSDIR opls_dir -JOBNAME absolute_binding_ITK-Inactive-J95_run03 -HOST sevenstar_cpu -VIEWNAME AbfeJob -PROJ /home/ogawa/FEP/20210715_ITK_YCU_ABFEP/01-working.prj
Job launching command:
$SCHRODINGER/utilities/multisim absolute_binding_ITK-Inactive-J95_run03.maegz -HOST sevenstar_cpu -SUBHOST sevenstar_gpu -JOBNAME absolute_binding_ITK-Inactive-J95_run03 -maxjob 0 -m absolute_binding_ITK-Inactive-J95_run03.msj -RETRIES 1 -NICE -OPLSDIR opls_dir -o absolute_binding_ITK-Inactive-J95_run03-out.mae -encoded_description L2hvbWUvc2Nocm9kaW5nZXIvU0NIUk9ESU5HRVJfMjAyMC00LXIvZmVwX2Fic29sdXRlX2JpbmRpbmcgYWJzb2x1dGVfYmluZGluZ19JVEstSW5hY3RpdmUtSjk1X3J1bjAzLm1hZWd6IC1TVUJIT1NUIHNldmVuc3Rhcl9ncHUgLXBwaiA0IC1tYXhqb2IgMCAtZW5zZW1ibGUgbXVWVCAtZmVwLXNpbS10aW1lIDUwMDAuMCAtbWQtc2ltLXRpbWUgNTAwMC4wIC1zZWVkIDIwMDMgLU9QTFNESVIgb3Bsc19kaXIgLUpPQk5BTUUgYWJzb2x1dGVfYmluZGluZ19JVEstSW5hY3RpdmUtSjk1X3J1bjAzIC1IT1NUIHNldmVuc3Rhcl9jcHUgLVZJRVdOQU1FIEFiZmVKb2IgLVBST0ogL2hvbWUvb2dhd2EvRkVQLzIwMjEwNzE1X0lUS19ZQ1VfQUJGRVAvMDEtd29ya2luZy5wcmo=

Booting the multisim workflow engine...
           multisim version: 3.8.5.19
            mmshare version: 5.2
                    Jobname: absolute_binding_ITK-Inactive-J95_run03
                   Username: ogawa
            Master job host: sevenstar
                Subjob host: sevenstar_gpu
                     Job ID: sevenstar-0-6118648a
            multisim script: absolute_binding_ITK-Inactive-J95_run03.msj
       Structure input file: absolute_binding_ITK-Inactive-J95_run03.maegz
            CPUs per subjob: "1"
             Job start time: Sun Aug 15 09:49:28 2021
           Launch directory: /home/ogawa/FEP/20210715_ITK_YCU_ABFEP/absolute_binding_ITK-Inactive-J95_run03
               $SCHRODINGER: /home/schrodinger/SCHRODINGER_2020-4-r

Parsing the multisim script file...

Summary of user stages:
  stage 1 - task
  stage 2 - fep_absolute_binding_md_launcher
  stage 3 - fep_absolute_binding_fep_launcher
  stage 4 - fep_absolute_binding_analysis
(4 stages in total)

Workflow is started now.

Stage 1 - task
stage[1] task: Detecting system type...
stage[1] task:   It seems 
stage[1] task: Recognizing traits of system...
stage[1] task:   (none)

Stage 1 completed successfully.
Stage 1 duration: 0h 0' 0"


Stage 2 - fep_absolute_binding_md_launcher
[running at reduced cpu priority]

Running subjobs on hosts:
  sevenstar_gpu (Max: No limit)
Number of jobs:       1
Max retries per job:  1
Max allowed failures: unlimited
Run with -LOCAL:      False
Verbosity:            normal

Starting JobDJ...

Keep one job on driver host: False
JobDJ columns:
  C: Number of completed subjobs
  A: Number of active subjobs (e.g., submitted, running)
  W: Number of waiting/pending subjobs

C A W | Activity  JobId  JobName  JobHost
- - - | --------- -----------------------
0 1 0 | launched  sevenstar-0-6118649a absolute_binding_ITK-Inactive-J95_run03_09acfc7 sevenstar_gpu
1 0 0 | finished  sevenstar-0-6118649a absolute_binding_ITK-Inactive-J95_run03_09acfc7 sevenstar_gpu [sevenstar]

All jobs have completed.

1 of 1 job(s) succeeded; 0 job(s) failed.


Job("sevenstar-0-6118649a") was successfully finished.
  Host       : localhost
  Launch time: Sun Aug 15 09:49:30 2021
  Start time : Sun Aug 15 09:49:41 2021
  End time   : Sun Aug 15 10:09:44 2021
  Duration   : 0h 20' 3"
  CPUs       : 1
  CPU time   : 0h 20' 3"
  Exit code  : 0
  Jobname    : absolute_binding_ITK-Inactive-J95_run03_09acfc7
  Stage      : 2 (fep_absolute_binding_md_launcher)
Stage 2 duration: 0h 20' 18"


Stage 2 completed successfully.

Stage 2 duration: 0h 20' 18"


Stage 3 - fep_absolute_binding_fep_launcher

Running subjobs on hosts:
  sevenstar_gpu (Max: No limit)
Number of jobs:       2
Max retries per job:  1
Max allowed failures: unlimited
Run with -LOCAL:      False
Verbosity:            normal

Starting JobDJ...

Keep one job on driver host: False
JobDJ columns:
  C: Number of completed subjobs
  A: Number of active subjobs (e.g., submitted, running)
  W: Number of waiting/pending subjobs

C A W | Activity  JobId  JobName  JobHost
- - - | --------- -----------------------
0 1 1 | launched  sevenstar-0-6118695c absolute_binding_ITK-Inactive-J95_run03_09acfc7_complex sevenstar_gpu
0 2 0 | launched  sevenstar-0-6118695f absolute_binding_ITK-Inactive-J95_run03_09acfc7_solvent sevenstar_gpu
1 1 0 | finished  sevenstar-0-6118695c absolute_binding_ITK-Inactive-J95_run03_09acfc7_complex sevenstar_gpu [sevenstar]
2 0 0 | finished  sevenstar-0-6118695f absolute_binding_ITK-Inactive-J95_run03_09acfc7_solvent sevenstar_gpu [sevenstar]

All jobs have completed.

2 of 2 job(s) succeeded; 0 job(s) failed.


Job("sevenstar-0-6118695c") was successfully finished.
  Host       : localhost
  Launch time: Sun Aug 15 10:09:48 2021
  Start time : Sun Aug 15 10:10:26 2021
  End time   : Sun Aug 15 16:55:52 2021
  Duration   : 6h 45' 26"
  CPUs       : 1
  CPU time   : 6h 45' 26"
  Exit code  : 0
  Jobname    : absolute_binding_ITK-Inactive-J95_run03_09acfc7_complex
  Stage      : 3 (fep_absolute_binding_fep_launcher)
Stage 3 duration: 9h 27' 37"


Job("sevenstar-0-6118695f") was successfully finished.
  Host       : localhost
  Launch time: Sun Aug 15 10:09:51 2021
  Start time : Sun Aug 15 16:56:26 2021
  End time   : Sun Aug 15 19:37:22 2021
  Duration   : 2h 40' 56"
  CPUs       : 1
  CPU time   : 2h 40' 56"
  Exit code  : 0
  Jobname    : absolute_binding_ITK-Inactive-J95_run03_09acfc7_solvent
  Stage      : 3 (fep_absolute_binding_fep_launcher)
Stage 3 duration: 9h 27' 37"


Stage 3 completed successfully.

Stage 3 duration: 9h 27' 37"


Stage 4 - fep_absolute_binding_analysis
run -FROM scisol fep_mapper_cleanup.py absolute_binding_ITK-Inactive-J95_run03-multisim_checkpoint -force -fmp absolute_binding_ITK-Inactive-J95_run03.fmp -out-fmp absolute_binding_ITK-Inactive-J95_run03_out.fmp
Start cleanup...
processing: absolute_binding_ITK-Inactive-J95_run03_3/absolute_binding_ITK-Inactive-J95_run03_09acfc7_complex_16-out.tgz
Attach sid file for 09acfc7_complex to out.fmp file
processing: absolute_binding_ITK-Inactive-J95_run03_3/absolute_binding_ITK-Inactive-J95_run03_09acfc7_solvent_17-out.tgz
Attach sid file for 09acfc7_solvent to out.fmp file
Writing absolute_binding_ITK-Inactive-J95_run03_out.fmp file...
Cleanup done.
   Ligand Title      Ligand Binding DG (kcal/mol)    Ligand Binding DG Error (kcal/mol)
   --------------  ------------------------------  ------------------------------------
   J-95                                     -11.0                                   0.1
Results for J-95:
Complex dG: 107.698+-0.0611733
Complex correction dG: -8.94767113999693
Solvent dG: 87.7629+-0.0473808
Final dG: -10.9874+-0.0773764
Number of new compounds completed in the current job: 1

Stage 4 completed successfully.
Stage 4 duration: 0h 0' 7"

Cleaning up files...

Multisim summary (Sun Aug 15 19:37:30 2021):
  Stage 1 completed.
  Stage 2 completed.
  Stage 3 completed.
  Stage 4 completed.
  Total duration: 9h 48' 2"
Multisim completed.
