Reboot from the checkpoint: extend_absolute_binding_ITK-Inactive-J95_run03-multisim_checkpoint

/home/schrodinger/SCHRODINGER_2020-4-r/fep_absolute_binding absolute_binding_ITK-Inactive-J95_run03.maegz -SUBHOST sevenstar_gpu -HOST sevenstar_cpu -checkpoint absolute_binding_ITK-Inactive-J95_run03-multisim_checkpoint -OPLSDIR opls_dir -extend absolute_binding_ITK-Inactive-J95_run03.ligand -fep-sim-time 5000.0
Job launching command:
$SCHRODINGER/utilities/multisim -HOST sevenstar_cpu -SUBHOST sevenstar_gpu -JOBNAME ogawa20210815T212808 -RESTART extend_absolute_binding_ITK-Inactive-J95_run03-multisim_checkpoint -m ogawa20210815T212808.extend.msj -d absolute_binding_ITK-Inactive-J95_run03_1-out.tgz -d absolute_binding_ITK-Inactive-J95_run03_2-out.tgz -d absolute_binding_ITK-Inactive-J95_run03_3-out.tgz -ADD_FILE absolute_binding_ITK-Inactive-J95_run03_out.fmpdb -RETRIES 1 -OPLSDIR opls_dir -o ogawa20210815T212808-out.mae -encoded_description L2hvbWUvc2Nocm9kaW5nZXIvU0NIUk9ESU5HRVJfMjAyMC00LXIvZmVwX2Fic29sdXRlX2JpbmRpbmcgYWJzb2x1dGVfYmluZGluZ19JVEstSW5hY3RpdmUtSjk1X3J1bjAzLm1hZWd6IC1TVUJIT1NUIHNldmVuc3Rhcl9ncHUgLUhPU1Qgc2V2ZW5zdGFyX2NwdSAtY2hlY2twb2ludCBhYnNvbHV0ZV9iaW5kaW5nX0lUSy1JbmFjdGl2ZS1KOTVfcnVuMDMtbXVsdGlzaW1fY2hlY2twb2ludCAtT1BMU0RJUiBvcGxzX2RpciAtZXh0ZW5kIGFic29sdXRlX2JpbmRpbmdfSVRLLUluYWN0aXZlLUo5NV9ydW4wMy5saWdhbmQgLWZlcC1zaW0tdGltZSA1MDAwLjA=

Booting the multisim workflow engine...
           multisim version: 3.8.5.19
            mmshare version: 5.2
                    Jobname: ogawa20210815T212808
                   Username: ogawa
            Master job host: sevenstar
                Subjob host: sevenstar_gpu
                     Job ID: sevenstar-0-61190891
            multisim script: ogawa20210815T212808.extend.msj
       Structure input file: absolute_binding_ITK-Inactive-J95_run03.maegz
            CPUs per subjob: "1"
             Job start time: Sun Aug 15 09:49:28 2021
           Launch directory: /home/ogawa/FEP/20210715_ITK_YCU_ABFEP/absolute_binding_ITK-Inactive-J95_run03
               $SCHRODINGER: /home/schrodinger/SCHRODINGER_2020-4-r

Parsing the multisim script file...

Checkpoint state:
  Stage 1 completed.
  Stage 2 completed.
  Stage 3 partially completed. 2 subjobs failed, 2 subjobs done.
    Jobnames of failed subjobs:
      absolute_binding_ITK-Inactive-J95_run03_09acfc7_complex
      absolute_binding_ITK-Inactive-J95_run03_09acfc7_solvent
  Stage 4 completed.

Summary of user stages:
  stage 1 - task
  stage 2 - fep_absolute_binding_md_launcher
  stage 3 - fep_absolute_binding_fep_launcher
  stage 4 - fep_absolute_binding_analysis
(4 stages in total)

Workflow is started now.
Updating stages with the new .msj file: /var/tmp/ogawa/ogawa20210815T212808/ogawa20210815T212808.extend.msj...
Stage 3 and after will be affected by the new .msj file.
Restart workflow from stage 3.

Stage 3 - fep_absolute_binding_fep_launcher

Running subjobs on hosts:
  sevenstar_gpu (Max: No limit)
Number of jobs:       2
Max retries per job:  1
Max allowed failures: unlimited
Run with -LOCAL:      False
Verbosity:            normal

Starting JobDJ...

Keep one job on driver host: False
JobDJ columns:
  C: Number of completed subjobs
  A: Number of active subjobs (e.g., submitted, running)
  W: Number of waiting/pending subjobs

C A W | Activity  JobId  JobName  JobHost
- - - | --------- -----------------------
0 1 1 | launched  sevenstar-0-611908a9 ogawa20210815T212808_09acfc7_complex sevenstar_gpu
0 2 0 | launched  sevenstar-0-611908ac ogawa20210815T212808_09acfc7_solvent sevenstar_gpu
1 1 0 | finished  sevenstar-0-611908a9 ogawa20210815T212808_09acfc7_complex sevenstar_gpu [sevenstar]
2 0 0 | finished  sevenstar-0-611908ac ogawa20210815T212808_09acfc7_solvent sevenstar_gpu [sevenstar]

All jobs have completed.

2 of 2 job(s) succeeded; 0 job(s) failed.


Job("sevenstar-0-611908a9") was successfully finished.
  Host       : localhost
  Launch time: Sun Aug 15 21:29:29 2021
  Start time : Mon Aug 16 17:52:44 2021
  End time   : Mon Aug 16 22:02:39 2021
  Duration   : 4h 9' 55"
  CPUs       : 1
  CPU time   : 4h 9' 55"
  Exit code  : 0
  Jobname    : ogawa20210815T212808_09acfc7_complex
  Stage      : 3 (fep_absolute_binding_fep_launcher)
Stage 3 duration: 26h 37' 0"


Job("sevenstar-0-611908ac") was successfully finished.
  Host       : localhost
  Launch time: Sun Aug 15 21:29:32 2021
  Start time : Mon Aug 16 22:03:12 2021
  End time   : Tue Aug 17 00:06:25 2021
  Duration   : 2h 3' 13"
  CPUs       : 1
  CPU time   : 2h 3' 13"
  Exit code  : 0
  Jobname    : ogawa20210815T212808_09acfc7_solvent
  Stage      : 3 (fep_absolute_binding_fep_launcher)
Stage 3 duration: 26h 37' 0"


Stage 3 completed successfully.

Stage 3 duration: 26h 37' 0"

run -FROM scisol fep_mapper_cleanup.py ogawa20210815T212808-multisim_checkpoint -force -fmp absolute_binding_ITK-Inactive-J95_run03_out.fmp -out-fmp ogawa20210815T212808_out.fmp
Start cleanup...
absolute_binding_ITK-Inactive-J95_run03_out.fmpdb exists. Making a backup (.bk) file...
processing: absolute_binding_ITK-Inactive-J95_run03_3/ogawa20210815T212808_09acfc7_complex_16-out.tgz
Attach sid file for 09acfc7_complex to out.fmp file
processing: absolute_binding_ITK-Inactive-J95_run03_3/ogawa20210815T212808_09acfc7_solvent_17-out.tgz
Attach sid file for 09acfc7_solvent to out.fmp file
Writing ogawa20210815T212808_out.fmp file...
Copying content from the existing absolute_binding_ITK-Inactive-J95_run03_out.fmpdb.bk...
Cleanup done.
   Ligand Title      Ligand Binding DG (kcal/mol)    Ligand Binding DG Error (kcal/mol)
   --------------  ------------------------------  ------------------------------------
   J-95                                     -11.4                                   0.1
Results for J-95:
Complex dG: 108.052+-0.0686694
Complex correction dG: -8.94767113999693
Solvent dG: 87.6901+-0.0325492
Final dG: -11.4142+-0.075993
Number of new compounds completed in the current job: 0

Stage 4 completed successfully.
Stage 4 duration: 0h 0' 8"

Cleaning up files...

Multisim summary (Tue Aug 17 00:06:35 2021):
  Stage 1 completed.
  Stage 2 completed.
  Stage 3 completed.
  Stage 4 completed.
  Total duration: 26h 37' 8"
Multisim completed.
