Reboot from the checkpoint: extend_absolute_binding_Act-J-run02-multisim_checkpoint

/home/schrodinger/SCHRODINGER_2021-4/fep_absolute_binding absolute_binding_Act-J-run02.fmp -SUBHOST sevenstar_gpu -HOST sevenstar_cpu -JOBNAME absolute_binding_Act-J-run02 -checkpoint absolute_binding_Act-J-run02-multisim_checkpoint -OPLSDIR absolute_binding_Act-J-run02-out.opls -extend absolute_binding_Act-J-run02.ligand -fep-sim-time 5000.0
Job launching command:
$SCHRODINGER/utilities/multisim -HOST sevenstar_cpu -SUBHOST sevenstar_gpu -JOBNAME absolute_binding_Act-J-run02 -RESTART extend_absolute_binding_Act-J-run02-multisim_checkpoint -m absolute_binding_Act-J-run02.extend.msj -d absolute_binding_Act-J-run02_1-out.tgz -d absolute_binding_Act-J-run02_3-out.tgz -d absolute_binding_Act-J-run02_4-out.tgz -ADD_FILE absolute_binding_Act-J-run02_out.fmpdb -RETRIES 1 -OPLSDIR absolute_binding_Act-J-run02-out.opls -o absolute_binding_Act-J-run02-out.mae -encoded_description L2hvbWUvc2Nocm9kaW5nZXIvU0NIUk9ESU5HRVJfMjAyMS00L2ZlcF9hYnNvbHV0ZV9iaW5kaW5nIGFic29sdXRlX2JpbmRpbmdfQWN0LUotcnVuMDIuZm1wIC1TVUJIT1NUIHNldmVuc3Rhcl9ncHUgLUhPU1Qgc2V2ZW5zdGFyX2NwdSAtSk9CTkFNRSBhYnNvbHV0ZV9iaW5kaW5nX0FjdC1KLXJ1bjAyIC1jaGVja3BvaW50IGFic29sdXRlX2JpbmRpbmdfQWN0LUotcnVuMDItbXVsdGlzaW1fY2hlY2twb2ludCAtT1BMU0RJUiBhYnNvbHV0ZV9iaW5kaW5nX0FjdC1KLXJ1bjAyLW91dC5vcGxzIC1leHRlbmQgYWJzb2x1dGVfYmluZGluZ19BY3QtSi1ydW4wMi5saWdhbmQgLWZlcC1zaW0tdGltZSA1MDAwLjA=

Booting the multisim workflow engine...
           multisim version: 4.0.0
            mmshare version: 5.6
                    Jobname: absolute_binding_Act-J-run02
                   Username: ogawa
              Main job host: sevenstar
                Subjob host: sevenstar_gpu
                     Job ID: sevenstar-0-6256a67e
            multisim script: absolute_binding_Act-J-run02.extend.msj
       Structure input file: absolute_binding_Act-J-run02_pv.maegz
            CPUs per subjob: "1"
             Job start time: Sun Apr 10 18:31:51 2022
           Launch directory: /home/ogawa/FEP/20211217_ITK_YCU_ABFEP_v21-4/absolute_binding_Act-J-run02
               $SCHRODINGER: /home/schrodinger/SCHRODINGER_2021-4
               $OPLS_DIR: absolute_binding_Act-J-run02-out.opls

Parsing the multisim script file...

Checkpoint state:
  Stage 1 not run.
  Stage 2 was skipped.
  Stage 3 not run.
  Stage 4 not run.
  Stage 5 not run.

Summary of user stages:
  stage 1 - task
  stage 2 - forcefield_builder_launcher
  stage 3 - fep_absolute_binding_md_launcher
  stage 4 - fep_absolute_binding_fep_launcher
  stage 5 - fep_absolute_binding_analysis
(5 stages in total)

Workflow is started now.
Updating stages with the new .msj file: /var/tmp/ogawa/absolute_binding_Act-J-run02/absolute_binding_Act-J-run02.extend.msj...
Stage 4 and after will be affected by the new .msj file.
Restart workflow from stage 4.

Stage 4 - fep_absolute_binding_fep_launcher

Running subjobs on hosts:
  sevenstar_gpu (Max: No limit)
Number of jobs:       2
Max retries per job:  1
Max allowed failures: unlimited
Verbosity:            normal

Starting JobDJ...

Keep one job on driver host: False
JobDJ columns:
  C: Number of completed subjobs
  A: Number of active subjobs (e.g., submitted, running)
  W: Number of waiting/pending subjobs

C A W | Activity  JobId  JobName  JobHost
- - - | --------- -----------------------
0 1 1 | launched  sevenstar-0-6256a696 absolute_binding_Act-J-run02_6f31b72_complex sevenstar_gpu
0 2 0 | launched  sevenstar-0-6256a69b absolute_binding_Act-J-run02_6f31b72_solvent sevenstar_gpu
1 1 0 | finished  sevenstar-0-6256a696 absolute_binding_Act-J-run02_6f31b72_complex sevenstar_gpu [sevenstar]
2 0 0 | finished  sevenstar-0-6256a69b absolute_binding_Act-J-run02_6f31b72_solvent sevenstar_gpu [sevenstar]

All jobs have completed.

2 of 2 job(s) succeeded; 0 job(s) failed.


Job("sevenstar-0-6256a696") was successfully finished.
  Host       : sevenstar_gpu:4
  Launch time: Wed Apr 13 19:31:50 2022
  Start time : Wed Apr 13 21:15:52 2022
  End time   : Thu Apr 14 03:39:17 2022
  Duration   : 6h 23' 25"
  CPUs       : 1
  CPU time   : 6h 23' 25"
  Exit code  : 0
  Jobname    : absolute_binding_Act-J-run02_6f31b72_complex
  Stage      : 4 (fep_absolute_binding_fep_launcher)
Stage 4 duration: 10h 43' 19"


Job("sevenstar-0-6256a69b") was successfully finished.
  Host       : sevenstar_gpu:4
  Launch time: Wed Apr 13 19:31:55 2022
  Start time : Thu Apr 14 03:39:49 2022
  End time   : Thu Apr 14 06:15:04 2022
  Duration   : 2h 35' 15"
  CPUs       : 1
  CPU time   : 2h 35' 15"
  Exit code  : 0
  Jobname    : absolute_binding_Act-J-run02_6f31b72_solvent
  Stage      : 4 (fep_absolute_binding_fep_launcher)
Stage 4 duration: 10h 43' 19"


Stage 4 completed successfully.

Stage 4 duration: 10h 43' 19"

run -FROM scisol fep_mapper_cleanup.py absolute_binding_Act-J-run02-multisim_checkpoint -force -fmp absolute_binding_Act-J-run02_out.fmp -out-fmp absolute_binding_Act-J-run02_out.fmp
Start cleanup...
absolute_binding_Act-J-run02_out.fmpdb exists. Making a backup (.bk) file...
processing: absolute_binding_Act-J-run02_4/absolute_binding_Act-J-run02_6f31b72_complex_16-out.tgz
Attach sid file for 6f31b72_complex to out.fmp file
processing: absolute_binding_Act-J-run02_4/absolute_binding_Act-J-run02_6f31b72_solvent_17-out.tgz
Attach sid file for 6f31b72_solvent to out.fmp file
Writing absolute_binding_Act-J-run02_out.fmp file...
Copying content from the existing absolute_binding_Act-J-run02_out.fmpdb.bk...
Cleanup done.
   Ligand Title      Ligand Binding DG (kcal/mol)    Ligand Binding DG Error (kcal/mol)
   --------------  ------------------------------  ------------------------------------
   cpdJ                                     -13.3                                   0.1
Results for cpdJ:
Complex dG: 109.906+-0.0566357
Complex correction dG: -9.51670648008287
Solvent dG: 87.0501+-0.0493478
Final dG: -13.3392+-0.0751186
Number of new compounds completed in the current job: 0

Stage 5 completed successfully.

Stage 5 duration: 0h 0' 9"

Cleaning up files...

Multisim summary (Thu Apr 14 06:15:15 2022):
  Stage 1 not run.
  Stage 2 was skipped.
  Stage 3 not run.
  Stage 4 completed.
  Stage 5 completed.
  Total duration: 10h 43' 28"
Multisim completed.
