/home/schrodinger/SCHRODINGER_2020-4-r/fep_absolute_binding absolute_binding_ITK-Inactive-cpdC-atp_run03.maegz -SUBHOST sevenstar_gpu -ppj 4 -maxjob 0 -ensemble muVT -fep-sim-time 5000.0 -md-sim-time 5000.0 -seed 2003 -OPLSDIR opls_dir -JOBNAME absolute_binding_ITK-Inactive-cpdC-atp_run03 -HOST sevenstar_cpu -VIEWNAME AbfeJob -PROJ /home/ogawa/FEP/20210715_ITK_YCU_ABFEP/01-working.prj
Job launching command:
$SCHRODINGER/utilities/multisim absolute_binding_ITK-Inactive-cpdC-atp_run03.maegz -HOST sevenstar_cpu -SUBHOST sevenstar_gpu -JOBNAME absolute_binding_ITK-Inactive-cpdC-atp_run03 -maxjob 0 -m absolute_binding_ITK-Inactive-cpdC-atp_run03.msj -RETRIES 1 -NICE -OPLSDIR opls_dir -o absolute_binding_ITK-Inactive-cpdC-atp_run03-out.mae -encoded_description L2hvbWUvc2Nocm9kaW5nZXIvU0NIUk9ESU5HRVJfMjAyMC00LXIvZmVwX2Fic29sdXRlX2JpbmRpbmcgYWJzb2x1dGVfYmluZGluZ19JVEstSW5hY3RpdmUtY3BkQy1hdHBfcnVuMDMubWFlZ3ogLVNVQkhPU1Qgc2V2ZW5zdGFyX2dwdSAtcHBqIDQgLW1heGpvYiAwIC1lbnNlbWJsZSBtdVZUIC1mZXAtc2ltLXRpbWUgNTAwMC4wIC1tZC1zaW0tdGltZSA1MDAwLjAgLXNlZWQgMjAwMyAtT1BMU0RJUiBvcGxzX2RpciAtSk9CTkFNRSBhYnNvbHV0ZV9iaW5kaW5nX0lUSy1JbmFjdGl2ZS1jcGRDLWF0cF9ydW4wMyAtSE9TVCBzZXZlbnN0YXJfY3B1IC1WSUVXTkFNRSBBYmZlSm9iIC1QUk9KIC9ob21lL29nYXdhL0ZFUC8yMDIxMDcxNV9JVEtfWUNVX0FCRkVQLzAxLXdvcmtpbmcucHJq

Booting the multisim workflow engine...
           multisim version: 3.8.5.19
            mmshare version: 5.2
                    Jobname: absolute_binding_ITK-Inactive-cpdC-atp_run03
                   Username: ogawa
            Master job host: sevenstar
                Subjob host: sevenstar_gpu
                     Job ID: sevenstar-0-615f70c8
            multisim script: absolute_binding_ITK-Inactive-cpdC-atp_run03.msj
       Structure input file: absolute_binding_ITK-Inactive-cpdC-atp_run03.maegz
            CPUs per subjob: "1"
             Job start time: Fri Oct  8 07:13:14 2021
           Launch directory: /home/ogawa/FEP/20210715_ITK_YCU_ABFEP/absolute_binding_ITK-Inactive-cpdC-atp_run03
               $SCHRODINGER: /home/schrodinger/SCHRODINGER_2020-4-r

Parsing the multisim script file...

Summary of user stages:
  stage 1 - task
  stage 2 - fep_absolute_binding_md_launcher
  stage 3 - fep_absolute_binding_fep_launcher
  stage 4 - fep_absolute_binding_analysis
(4 stages in total)

Workflow is started now.

Stage 1 - task
stage[1] task: Detecting system type...
stage[1] task:   It seems 
stage[1] task: Recognizing traits of system...
stage[1] task:   (none)

Stage 1 completed successfully.
Stage 1 duration: 0h 0' 0"


Stage 2 - fep_absolute_binding_md_launcher
[running at reduced cpu priority]

Running subjobs on hosts:
  sevenstar_gpu (Max: No limit)
Number of jobs:       1
Max retries per job:  1
Max allowed failures: unlimited
Run with -LOCAL:      False
Verbosity:            normal

Starting JobDJ...

Keep one job on driver host: False
JobDJ columns:
  C: Number of completed subjobs
  A: Number of active subjobs (e.g., submitted, running)
  W: Number of waiting/pending subjobs

C A W | Activity  JobId  JobName  JobHost
- - - | --------- -----------------------
0 1 0 | launched  sevenstar-0-615f70fd absolute_binding_ITK-Inactive-cpdC-atp_run03_25732d0 sevenstar_gpu
1 0 0 | finished  sevenstar-0-615f70fd absolute_binding_ITK-Inactive-cpdC-atp_run03_25732d0 sevenstar_gpu [sevenstar]

All jobs have completed.

1 of 1 job(s) succeeded; 0 job(s) failed.


Job("sevenstar-0-615f70fd") was successfully finished.
  Host       : localhost
  Launch time: Fri Oct  8 07:13:17 2021
  Start time : Fri Oct  8 14:02:05 2021
  End time   : Fri Oct  8 14:23:32 2021
  Duration   : 0h 21' 27"
  CPUs       : 1
  CPU time   : 0h 21' 27"
  Exit code  : 0
  Jobname    : absolute_binding_ITK-Inactive-cpdC-atp_run03_25732d0
  Stage      : 2 (fep_absolute_binding_md_launcher)
Stage 2 duration: 7h 10' 18"


Stage 2 completed successfully.

Stage 2 duration: 7h 10' 18"


Stage 3 - fep_absolute_binding_fep_launcher

Running subjobs on hosts:
  sevenstar_gpu (Max: No limit)
Number of jobs:       2
Max retries per job:  1
Max allowed failures: unlimited
Run with -LOCAL:      False
Verbosity:            normal

Starting JobDJ...

Keep one job on driver host: False
JobDJ columns:
  C: Number of completed subjobs
  A: Number of active subjobs (e.g., submitted, running)
  W: Number of waiting/pending subjobs

C A W | Activity  JobId  JobName  JobHost
- - - | --------- -----------------------
0 1 1 | launched  sevenstar-0-615fd5d7 absolute_binding_ITK-Inactive-cpdC-atp_run03_25732d0_complex sevenstar_gpu
0 2 0 | launched  sevenstar-0-615fd5da absolute_binding_ITK-Inactive-cpdC-atp_run03_25732d0_solvent sevenstar_gpu
1 1 0 | finished  sevenstar-0-615fd5d7 absolute_binding_ITK-Inactive-cpdC-atp_run03_25732d0_complex sevenstar_gpu [sevenstar]
2 0 0 | finished  sevenstar-0-615fd5da absolute_binding_ITK-Inactive-cpdC-atp_run03_25732d0_solvent sevenstar_gpu [sevenstar]

All jobs have completed.

2 of 2 job(s) succeeded; 0 job(s) failed.


Job("sevenstar-0-615fd5d7") was successfully finished.
  Host       : localhost
  Launch time: Fri Oct  8 14:23:35 2021
  Start time : Fri Oct  8 14:24:05 2021
  End time   : Fri Oct  8 20:48:56 2021
  Duration   : 6h 24' 51"
  CPUs       : 1
  CPU time   : 6h 24' 51"
  Exit code  : 0
  Jobname    : absolute_binding_ITK-Inactive-cpdC-atp_run03_25732d0_complex
  Stage      : 3 (fep_absolute_binding_fep_launcher)
Stage 3 duration: 9h 9' 18"


Job("sevenstar-0-615fd5da") was successfully finished.
  Host       : localhost
  Launch time: Fri Oct  8 14:23:38 2021
  Start time : Fri Oct  8 20:49:20 2021
  End time   : Fri Oct  8 23:32:50 2021
  Duration   : 2h 43' 30"
  CPUs       : 1
  CPU time   : 2h 43' 30"
  Exit code  : 0
  Jobname    : absolute_binding_ITK-Inactive-cpdC-atp_run03_25732d0_solvent
  Stage      : 3 (fep_absolute_binding_fep_launcher)
Stage 3 duration: 9h 9' 18"


Stage 3 completed successfully.

Stage 3 duration: 9h 9' 18"


Stage 4 - fep_absolute_binding_analysis
run -FROM scisol fep_mapper_cleanup.py absolute_binding_ITK-Inactive-cpdC-atp_run03-multisim_checkpoint -force -fmp absolute_binding_ITK-Inactive-cpdC-atp_run03.fmp -out-fmp absolute_binding_ITK-Inactive-cpdC-atp_run03_out.fmp
Start cleanup...
processing: absolute_binding_ITK-Inactive-cpdC-atp_run03_3/absolute_binding_ITK-Inactive-cpdC-atp_run03_25732d0_complex_16-out.tgz
Attach sid file for 25732d0_complex to out.fmp file
processing: absolute_binding_ITK-Inactive-cpdC-atp_run03_3/absolute_binding_ITK-Inactive-cpdC-atp_run03_25732d0_solvent_17-out.tgz
Attach sid file for 25732d0_solvent to out.fmp file
Writing absolute_binding_ITK-Inactive-cpdC-atp_run03_out.fmp file...
Cleanup done.
   Ligand Title      Ligand Binding DG (kcal/mol)    Ligand Binding DG Error (kcal/mol)
   --------------  ------------------------------  ------------------------------------
   cpdC                                      -9.7                                   0.1
Results for cpdC:
Complex dG: 147.384+-0.110145
Complex correction dG: -8.88541429957167
Solvent dG: 128.796+-0.0615077
Final dG: -9.70259+-0.126155
Number of new compounds completed in the current job: 1

Stage 4 completed successfully.
Stage 4 duration: 0h 0' 5"

Cleaning up files...

Multisim summary (Fri Oct  8 23:32:57 2021):
  Stage 1 completed.
  Stage 2 completed.
  Stage 3 completed.
  Stage 4 completed.
  Total duration: 16h 19' 42"
Multisim completed.
