Reboot from the checkpoint: extend_absolute_binding_ITK-Inactive-cpdC-atp_run03-multisim_checkpoint

/home/schrodinger/SCHRODINGER_2020-4-r/fep_absolute_binding absolute_binding_ITK-Inactive-cpdC-atp_run03.maegz -SUBHOST sevenstar_gpu -HOST sevenstar_cpu -checkpoint absolute_binding_ITK-Inactive-cpdC-atp_run03-multisim_checkpoint -OPLSDIR opls_dir -extend absolute_binding_ITK-Inactive-cpdC-atp_run03.ligand -fep-sim-time 5000.0
Job launching command:
$SCHRODINGER/utilities/multisim -HOST sevenstar_cpu -SUBHOST sevenstar_gpu -JOBNAME ogawa20211012T185016 -RESTART extend_absolute_binding_ITK-Inactive-cpdC-atp_run03-multisim_checkpoint -m ogawa20211012T185016.extend.msj -d absolute_binding_ITK-Inactive-cpdC-atp_run03_1-out.tgz -d absolute_binding_ITK-Inactive-cpdC-atp_run03_2-out.tgz -d absolute_binding_ITK-Inactive-cpdC-atp_run03_3-out.tgz -ADD_FILE absolute_binding_ITK-Inactive-cpdC-atp_run03_out.fmpdb -RETRIES 1 -OPLSDIR opls_dir -o ogawa20211012T185016-out.mae -encoded_description L2hvbWUvc2Nocm9kaW5nZXIvU0NIUk9ESU5HRVJfMjAyMC00LXIvZmVwX2Fic29sdXRlX2JpbmRpbmcgYWJzb2x1dGVfYmluZGluZ19JVEstSW5hY3RpdmUtY3BkQy1hdHBfcnVuMDMubWFlZ3ogLVNVQkhPU1Qgc2V2ZW5zdGFyX2dwdSAtSE9TVCBzZXZlbnN0YXJfY3B1IC1jaGVja3BvaW50IGFic29sdXRlX2JpbmRpbmdfSVRLLUluYWN0aXZlLWNwZEMtYXRwX3J1bjAzLW11bHRpc2ltX2NoZWNrcG9pbnQgLU9QTFNESVIgb3Bsc19kaXIgLWV4dGVuZCBhYnNvbHV0ZV9iaW5kaW5nX0lUSy1JbmFjdGl2ZS1jcGRDLWF0cF9ydW4wMy5saWdhbmQgLWZlcC1zaW0tdGltZSA1MDAwLjA=

Booting the multisim workflow engine...
           multisim version: 3.8.5.19
            mmshare version: 5.2
                    Jobname: ogawa20211012T185016
                   Username: ogawa
            Master job host: sevenstar
                Subjob host: sevenstar_gpu
                     Job ID: sevenstar-0-61655a94
            multisim script: ogawa20211012T185016.extend.msj
       Structure input file: absolute_binding_ITK-Inactive-cpdC-atp_run03.maegz
            CPUs per subjob: "1"
             Job start time: Fri Oct  8 07:13:14 2021
           Launch directory: /home/ogawa/FEP/20210715_ITK_YCU_ABFEP/absolute_binding_ITK-Inactive-cpdC-atp_run03
               $SCHRODINGER: /home/schrodinger/SCHRODINGER_2020-4-r

Parsing the multisim script file...

Checkpoint state:
  Stage 1 completed.
  Stage 2 completed.
  Stage 3 partially completed. 2 subjobs failed, 2 subjobs done.
    Jobnames of failed subjobs:
      absolute_binding_ITK-Inactive-cpdC-atp_run03_25732d0_complex
      absolute_binding_ITK-Inactive-cpdC-atp_run03_25732d0_solvent
  Stage 4 completed.

Summary of user stages:
  stage 1 - task
  stage 2 - fep_absolute_binding_md_launcher
  stage 3 - fep_absolute_binding_fep_launcher
  stage 4 - fep_absolute_binding_analysis
(4 stages in total)

Workflow is started now.
Updating stages with the new .msj file: /var/tmp/ogawa/ogawa20211012T185016/ogawa20211012T185016.extend.msj...
Stage 3 and after will be affected by the new .msj file.
Restart workflow from stage 3.

Stage 3 - fep_absolute_binding_fep_launcher

Running subjobs on hosts:
  sevenstar_gpu (Max: No limit)
Number of jobs:       2
Max retries per job:  1
Max allowed failures: unlimited
Run with -LOCAL:      False
Verbosity:            normal

Starting JobDJ...

Keep one job on driver host: False
JobDJ columns:
  C: Number of completed subjobs
  A: Number of active subjobs (e.g., submitted, running)
  W: Number of waiting/pending subjobs

C A W | Activity  JobId  JobName  JobHost
- - - | --------- -----------------------
0 1 1 | launched  sevenstar-0-61655aa9 ogawa20211012T185016_25732d0_solvent sevenstar_gpu
0 2 0 | launched  sevenstar-0-61655aae ogawa20211012T185016_25732d0_complex sevenstar_gpu
1 1 0 | finished  sevenstar-0-61655aa9 ogawa20211012T185016_25732d0_solvent sevenstar_gpu [sevenstar]
2 0 0 | finished  sevenstar-0-61655aae ogawa20211012T185016_25732d0_complex sevenstar_gpu [sevenstar]

All jobs have completed.

2 of 2 job(s) succeeded; 0 job(s) failed.


Job("sevenstar-0-61655aa9") was successfully finished.
  Host       : localhost
  Launch time: Tue Oct 12 18:51:37 2021
  Start time : Wed Oct 13 18:51:36 2021
  End time   : Wed Oct 13 21:01:31 2021
  Duration   : 2h 9' 55"
  CPUs       : 1
  CPU time   : 2h 9' 55"
  Exit code  : 0
  Jobname    : ogawa20211012T185016_25732d0_solvent
  Stage      : 3 (fep_absolute_binding_fep_launcher)
Stage 3 duration: 30h 19' 52"


Job("sevenstar-0-61655aae") was successfully finished.
  Host       : localhost
  Launch time: Tue Oct 12 18:51:42 2021
  Start time : Wed Oct 13 21:02:23 2021
  End time   : Thu Oct 14 01:11:22 2021
  Duration   : 4h 8' 59"
  CPUs       : 1
  CPU time   : 4h 8' 59"
  Exit code  : 0
  Jobname    : ogawa20211012T185016_25732d0_complex
  Stage      : 3 (fep_absolute_binding_fep_launcher)
Stage 3 duration: 30h 19' 52"


Stage 3 completed successfully.

Stage 3 duration: 30h 19' 52"

run -FROM scisol fep_mapper_cleanup.py ogawa20211012T185016-multisim_checkpoint -force -fmp absolute_binding_ITK-Inactive-cpdC-atp_run03_out.fmp -out-fmp ogawa20211012T185016_out.fmp
Start cleanup...
absolute_binding_ITK-Inactive-cpdC-atp_run03_out.fmpdb exists. Making a backup (.bk) file...
processing: absolute_binding_ITK-Inactive-cpdC-atp_run03_3/ogawa20211012T185016_25732d0_complex_16-out.tgz
Attach sid file for 25732d0_complex to out.fmp file
processing: absolute_binding_ITK-Inactive-cpdC-atp_run03_3/ogawa20211012T185016_25732d0_solvent_17-out.tgz
Attach sid file for 25732d0_solvent to out.fmp file
Writing ogawa20211012T185016_out.fmp file...
Copying content from the existing absolute_binding_ITK-Inactive-cpdC-atp_run03_out.fmpdb.bk...
Cleanup done.
   Ligand Title      Ligand Binding DG (kcal/mol)    Ligand Binding DG Error (kcal/mol)
   --------------  ------------------------------  ------------------------------------
   cpdC                                      -9.6                                   0.1
Results for cpdC:
Complex dG: 147.34+-0.0756135
Complex correction dG: -8.88541429957167
Solvent dG: 128.867+-0.0480757
Final dG: -9.58759+-0.0896029
Number of new compounds completed in the current job: 0

Stage 4 completed successfully.
Stage 4 duration: 0h 0' 7"

Cleaning up files...

Multisim summary (Thu Oct 14 01:11:34 2021):
  Stage 1 completed.
  Stage 2 completed.
  Stage 3 completed.
  Stage 4 completed.
  Total duration: 30h 19' 59"
Multisim completed.
