Reboot from the checkpoint: extend_absolute_binding_ITK-Active-J31_run02-multisim_checkpoint

/home/schrodinger/SCHRODINGER_2020-4-r/fep_absolute_binding absolute_binding_ITK-Active-J31_run02.maegz -SUBHOST sevenstar_gpu -HOST sevenstar_cpu -checkpoint absolute_binding_ITK-Active-J31_run02-multisim_checkpoint -OPLSDIR opls_dir -extend absolute_binding_ITK-Active-J31_run02.ligand -fep-sim-time 5000.0
Job launching command:
$SCHRODINGER/utilities/multisim -HOST sevenstar_cpu -SUBHOST sevenstar_gpu -JOBNAME ogawa20211001T085956 -RESTART extend_absolute_binding_ITK-Active-J31_run02-multisim_checkpoint -m ogawa20211001T085956.extend.msj -d absolute_binding_ITK-Active-J31_run02_1-out.tgz -d absolute_binding_ITK-Active-J31_run02_2-out.tgz -d absolute_binding_ITK-Active-J31_run02_3-out.tgz -ADD_FILE absolute_binding_ITK-Active-J31_run02_out.fmpdb -RETRIES 1 -OPLSDIR opls_dir -o ogawa20211001T085956-out.mae -encoded_description L2hvbWUvc2Nocm9kaW5nZXIvU0NIUk9ESU5HRVJfMjAyMC00LXIvZmVwX2Fic29sdXRlX2JpbmRpbmcgYWJzb2x1dGVfYmluZGluZ19JVEstQWN0aXZlLUozMV9ydW4wMi5tYWVneiAtU1VCSE9TVCBzZXZlbnN0YXJfZ3B1IC1IT1NUIHNldmVuc3Rhcl9jcHUgLWNoZWNrcG9pbnQgYWJzb2x1dGVfYmluZGluZ19JVEstQWN0aXZlLUozMV9ydW4wMi1tdWx0aXNpbV9jaGVja3BvaW50IC1PUExTRElSIG9wbHNfZGlyIC1leHRlbmQgYWJzb2x1dGVfYmluZGluZ19JVEstQWN0aXZlLUozMV9ydW4wMi5saWdhbmQgLWZlcC1zaW0tdGltZSA1MDAwLjA=

Booting the multisim workflow engine...
           multisim version: 3.8.5.19
            mmshare version: 5.2
                    Jobname: ogawa20211001T085956
                   Username: ogawa
            Master job host: sevenstar
                Subjob host: sevenstar_gpu
                     Job ID: sevenstar-0-61564fb6
            multisim script: ogawa20211001T085956.extend.msj
       Structure input file: absolute_binding_ITK-Active-J31_run02.maegz
            CPUs per subjob: "1"
             Job start time: Wed Sep 29 08:44:06 2021
           Launch directory: /home/ogawa/FEP/20210715_ITK_YCU_ABFEP/absolute_binding_ITK-Active-J31_run02
               $SCHRODINGER: /home/schrodinger/SCHRODINGER_2020-4-r

Parsing the multisim script file...

Checkpoint state:
  Stage 1 completed.
  Stage 2 completed.
  Stage 3 partially completed. 2 subjobs failed, 2 subjobs done.
    Jobnames of failed subjobs:
      absolute_binding_ITK-Active-J31_run02_6e60ade_complex
      absolute_binding_ITK-Active-J31_run02_6e60ade_solvent
  Stage 4 completed.

Summary of user stages:
  stage 1 - task
  stage 2 - fep_absolute_binding_md_launcher
  stage 3 - fep_absolute_binding_fep_launcher
  stage 4 - fep_absolute_binding_analysis
(4 stages in total)

Workflow is started now.
Updating stages with the new .msj file: /var/tmp/ogawa/ogawa20211001T085956/ogawa20211001T085956.extend.msj...
Stage 3 and after will be affected by the new .msj file.
Restart workflow from stage 3.

Stage 3 - fep_absolute_binding_fep_launcher

Running subjobs on hosts:
  sevenstar_gpu (Max: No limit)
Number of jobs:       2
Max retries per job:  1
Max allowed failures: unlimited
Run with -LOCAL:      False
Verbosity:            normal

Starting JobDJ...

Keep one job on driver host: False
JobDJ columns:
  C: Number of completed subjobs
  A: Number of active subjobs (e.g., submitted, running)
  W: Number of waiting/pending subjobs

C A W | Activity  JobId  JobName  JobHost
- - - | --------- -----------------------
0 1 1 | launched  sevenstar-0-61564fd2 ogawa20211001T085956_6e60ade_solvent sevenstar_gpu
0 2 0 | launched  sevenstar-0-61564fd5 ogawa20211001T085956_6e60ade_complex sevenstar_gpu
1 1 0 | finished  sevenstar-0-61564fd2 ogawa20211001T085956_6e60ade_solvent sevenstar_gpu [sevenstar]
2 0 0 | finished  sevenstar-0-61564fd5 ogawa20211001T085956_6e60ade_complex sevenstar_gpu [sevenstar]

All jobs have completed.

2 of 2 job(s) succeeded; 0 job(s) failed.


Job("sevenstar-0-61564fd2") was successfully finished.
  Host       : localhost
  Launch time: Fri Oct  1 09:01:22 2021
  Start time : Fri Oct  1 14:19:35 2021
  End time   : Fri Oct  1 16:24:55 2021
  Duration   : 2h 5' 20"
  CPUs       : 1
  CPU time   : 2h 5' 20"
  Exit code  : 0
  Jobname    : ogawa20211001T085956_6e60ade_solvent
  Stage      : 3 (fep_absolute_binding_fep_launcher)
Stage 3 duration: 11h 31' 46"


Job("sevenstar-0-61564fd5") was successfully finished.
  Host       : localhost
  Launch time: Fri Oct  1 09:01:25 2021
  Start time : Fri Oct  1 16:25:37 2021
  End time   : Fri Oct  1 20:32:24 2021
  Duration   : 4h 6' 47"
  CPUs       : 1
  CPU time   : 4h 6' 47"
  Exit code  : 0
  Jobname    : ogawa20211001T085956_6e60ade_complex
  Stage      : 3 (fep_absolute_binding_fep_launcher)
Stage 3 duration: 11h 31' 46"


Stage 3 completed successfully.

Stage 3 duration: 11h 31' 46"

run -FROM scisol fep_mapper_cleanup.py ogawa20211001T085956-multisim_checkpoint -force -fmp absolute_binding_ITK-Active-J31_run02_out.fmp -out-fmp ogawa20211001T085956_out.fmp
Start cleanup...
absolute_binding_ITK-Active-J31_run02_out.fmpdb exists. Making a backup (.bk) file...
processing: absolute_binding_ITK-Active-J31_run02_3/ogawa20211001T085956_6e60ade_complex_16-out.tgz
Attach sid file for 6e60ade_complex to out.fmp file
processing: absolute_binding_ITK-Active-J31_run02_3/ogawa20211001T085956_6e60ade_solvent_17-out.tgz
Attach sid file for 6e60ade_solvent to out.fmp file
Writing ogawa20211001T085956_out.fmp file...
Copying content from the existing absolute_binding_ITK-Active-J31_run02_out.fmpdb.bk...
Cleanup done.
   Ligand Title      Ligand Binding DG (kcal/mol)    Ligand Binding DG Error (kcal/mol)
   --------------  ------------------------------  ------------------------------------
   J-31                                     -13.1                                   0.1
Results for J-31:
Complex dG: 38.8065+-0.065104
Complex correction dG: -8.86876713276404
Solvent dG: 16.853+-0.0465118
Final dG: -13.0847+-0.0800117
Number of new compounds completed in the current job: 0

Stage 4 completed successfully.
Stage 4 duration: 0h 0' 8"

Cleaning up files...

Multisim summary (Fri Oct  1 20:33:14 2021):
  Stage 1 completed.
  Stage 2 completed.
  Stage 3 completed.
  Stage 4 completed.
  Total duration: 11h 31' 54"
Multisim completed.
