Reboot from the checkpoint: extend_absolute_binding_ITK-Inactive-cpdC-atp_run01-multisim_checkpoint

/home/schrodinger/SCHRODINGER_2020-4-r/fep_absolute_binding absolute_binding_ITK-Inactive-cpdC-atp_run01.maegz -SUBHOST sevenstar_gpu -HOST sevenstar_cpu -checkpoint absolute_binding_ITK-Inactive-cpdC-atp_run01-multisim_checkpoint -OPLSDIR opls_dir -extend absolute_binding_ITK-Inactive-cpdC-atp_run01.ligand -fep-sim-time 5000.0
Job launching command:
$SCHRODINGER/utilities/multisim -HOST sevenstar_cpu -SUBHOST sevenstar_gpu -JOBNAME ogawa20211012T184432 -RESTART extend_absolute_binding_ITK-Inactive-cpdC-atp_run01-multisim_checkpoint -m ogawa20211012T184432.extend.msj -d absolute_binding_ITK-Inactive-cpdC-atp_run01_1-out.tgz -d absolute_binding_ITK-Inactive-cpdC-atp_run01_2-out.tgz -d absolute_binding_ITK-Inactive-cpdC-atp_run01_3-out.tgz -ADD_FILE absolute_binding_ITK-Inactive-cpdC-atp_run01_out.fmpdb -RETRIES 1 -OPLSDIR opls_dir -o ogawa20211012T184432-out.mae -encoded_description L2hvbWUvc2Nocm9kaW5nZXIvU0NIUk9ESU5HRVJfMjAyMC00LXIvZmVwX2Fic29sdXRlX2JpbmRpbmcgYWJzb2x1dGVfYmluZGluZ19JVEstSW5hY3RpdmUtY3BkQy1hdHBfcnVuMDEubWFlZ3ogLVNVQkhPU1Qgc2V2ZW5zdGFyX2dwdSAtSE9TVCBzZXZlbnN0YXJfY3B1IC1jaGVja3BvaW50IGFic29sdXRlX2JpbmRpbmdfSVRLLUluYWN0aXZlLWNwZEMtYXRwX3J1bjAxLW11bHRpc2ltX2NoZWNrcG9pbnQgLU9QTFNESVIgb3Bsc19kaXIgLWV4dGVuZCBhYnNvbHV0ZV9iaW5kaW5nX0lUSy1JbmFjdGl2ZS1jcGRDLWF0cF9ydW4wMS5saWdhbmQgLWZlcC1zaW0tdGltZSA1MDAwLjA=

Booting the multisim workflow engine...
           multisim version: 3.8.5.19
            mmshare version: 5.2
                    Jobname: ogawa20211012T184432
                   Username: ogawa
            Master job host: sevenstar
                Subjob host: sevenstar_gpu
                     Job ID: sevenstar-0-6165593f
            multisim script: ogawa20211012T184432.extend.msj
       Structure input file: absolute_binding_ITK-Inactive-cpdC-atp_run01.maegz
            CPUs per subjob: "1"
             Job start time: Wed Oct  6 07:18:06 2021
           Launch directory: /home/ogawa/FEP/20210715_ITK_YCU_ABFEP/absolute_binding_ITK-Inactive-cpdC-atp_run01
               $SCHRODINGER: /home/schrodinger/SCHRODINGER_2020-4-r

Parsing the multisim script file...

Checkpoint state:
  Stage 1 completed.
  Stage 2 completed.
  Stage 3 partially completed. 2 subjobs failed, 2 subjobs done.
    Jobnames of failed subjobs:
      absolute_binding_ITK-Inactive-cpdC-atp_run01_25732d0_complex
      absolute_binding_ITK-Inactive-cpdC-atp_run01_25732d0_solvent
  Stage 4 completed.

Summary of user stages:
  stage 1 - task
  stage 2 - fep_absolute_binding_md_launcher
  stage 3 - fep_absolute_binding_fep_launcher
  stage 4 - fep_absolute_binding_analysis
(4 stages in total)

Workflow is started now.
Updating stages with the new .msj file: /var/tmp/ogawa/ogawa20211012T184432/ogawa20211012T184432.extend.msj...
Stage 3 and after will be affected by the new .msj file.
Restart workflow from stage 3.

Stage 3 - fep_absolute_binding_fep_launcher

Running subjobs on hosts:
  sevenstar_gpu (Max: No limit)
Number of jobs:       2
Max retries per job:  1
Max allowed failures: unlimited
Run with -LOCAL:      False
Verbosity:            normal

Starting JobDJ...

Keep one job on driver host: False
JobDJ columns:
  C: Number of completed subjobs
  A: Number of active subjobs (e.g., submitted, running)
  W: Number of waiting/pending subjobs

C A W | Activity  JobId  JobName  JobHost
- - - | --------- -----------------------
0 1 1 | launched  sevenstar-0-61655960 ogawa20211012T184432_25732d0_complex sevenstar_gpu
0 2 0 | launched  sevenstar-0-61655963 ogawa20211012T184432_25732d0_solvent sevenstar_gpu
1 1 0 | finished  sevenstar-0-61655960 ogawa20211012T184432_25732d0_complex sevenstar_gpu [sevenstar]
2 0 0 | finished  sevenstar-0-61655963 ogawa20211012T184432_25732d0_solvent sevenstar_gpu [sevenstar]

All jobs have completed.

2 of 2 job(s) succeeded; 0 job(s) failed.


Job("sevenstar-0-61655960") was successfully finished.
  Host       : localhost
  Launch time: Tue Oct 12 18:46:08 2021
  Start time : Wed Oct 13 06:13:08 2021
  End time   : Wed Oct 13 10:20:01 2021
  Duration   : 4h 6' 53"
  CPUs       : 1
  CPU time   : 4h 6' 53"
  Exit code  : 0
  Jobname    : ogawa20211012T184432_25732d0_complex
  Stage      : 3 (fep_absolute_binding_fep_launcher)
Stage 3 duration: 17h 44' 3"


Job("sevenstar-0-61655963") was successfully finished.
  Host       : localhost
  Launch time: Tue Oct 12 18:46:11 2021
  Start time : Wed Oct 13 10:20:20 2021
  End time   : Wed Oct 13 12:29:29 2021
  Duration   : 2h 9' 9"
  CPUs       : 1
  CPU time   : 2h 9' 9"
  Exit code  : 0
  Jobname    : ogawa20211012T184432_25732d0_solvent
  Stage      : 3 (fep_absolute_binding_fep_launcher)
Stage 3 duration: 17h 44' 3"


Stage 3 completed successfully.

Stage 3 duration: 17h 44' 3"

run -FROM scisol fep_mapper_cleanup.py ogawa20211012T184432-multisim_checkpoint -force -fmp absolute_binding_ITK-Inactive-cpdC-atp_run01_out.fmp -out-fmp ogawa20211012T184432_out.fmp
Start cleanup...
absolute_binding_ITK-Inactive-cpdC-atp_run01_out.fmpdb exists. Making a backup (.bk) file...
processing: absolute_binding_ITK-Inactive-cpdC-atp_run01_3/ogawa20211012T184432_25732d0_complex_16-out.tgz
Attach sid file for 25732d0_complex to out.fmp file
processing: absolute_binding_ITK-Inactive-cpdC-atp_run01_3/ogawa20211012T184432_25732d0_solvent_17-out.tgz
Attach sid file for 25732d0_solvent to out.fmp file
Writing ogawa20211012T184432_out.fmp file...
Copying content from the existing absolute_binding_ITK-Inactive-cpdC-atp_run01_out.fmpdb.bk...
Cleanup done.
   Ligand Title      Ligand Binding DG (kcal/mol)    Ligand Binding DG Error (kcal/mol)
   --------------  ------------------------------  ------------------------------------
   cpdC                                     -10.0                                   0.1
Results for cpdC:
Complex dG: 147.789+-0.0825972
Complex correction dG: -8.85444467001998
Solvent dG: 128.913+-0.0544087
Final dG: -10.0216+-0.098907
Number of new compounds completed in the current job: 0

Stage 4 completed successfully.
Stage 4 duration: 0h 0' 7"

Cleaning up files...

Multisim summary (Wed Oct 13 12:30:16 2021):
  Stage 1 completed.
  Stage 2 completed.
  Stage 3 completed.
  Stage 4 completed.
  Total duration: 17h 44' 10"
Multisim completed.
