/home/schrodinger/SCHRODINGER_2020-4-r/fep_absolute_binding absolute_binding_ITK-Inactive-cpdC-atp_run02.maegz -SUBHOST sevenstar_gpu -ppj 4 -maxjob 0 -ensemble muVT -fep-sim-time 5000.0 -md-sim-time 5000.0 -seed 1009 -OPLSDIR opls_dir -JOBNAME absolute_binding_ITK-Inactive-cpdC-atp_run02 -HOST sevenstar_cpu -VIEWNAME AbfeJob -PROJ /home/ogawa/FEP/20210715_ITK_YCU_ABFEP/01-working.prj
Job launching command:
$SCHRODINGER/utilities/multisim absolute_binding_ITK-Inactive-cpdC-atp_run02.maegz -HOST sevenstar_cpu -SUBHOST sevenstar_gpu -JOBNAME absolute_binding_ITK-Inactive-cpdC-atp_run02 -maxjob 0 -m absolute_binding_ITK-Inactive-cpdC-atp_run02.msj -RETRIES 1 -NICE -OPLSDIR opls_dir -o absolute_binding_ITK-Inactive-cpdC-atp_run02-out.mae -encoded_description L2hvbWUvc2Nocm9kaW5nZXIvU0NIUk9ESU5HRVJfMjAyMC00LXIvZmVwX2Fic29sdXRlX2JpbmRpbmcgYWJzb2x1dGVfYmluZGluZ19JVEstSW5hY3RpdmUtY3BkQy1hdHBfcnVuMDIubWFlZ3ogLVNVQkhPU1Qgc2V2ZW5zdGFyX2dwdSAtcHBqIDQgLW1heGpvYiAwIC1lbnNlbWJsZSBtdVZUIC1mZXAtc2ltLXRpbWUgNTAwMC4wIC1tZC1zaW0tdGltZSA1MDAwLjAgLXNlZWQgMTAwOSAtT1BMU0RJUiBvcGxzX2RpciAtSk9CTkFNRSBhYnNvbHV0ZV9iaW5kaW5nX0lUSy1JbmFjdGl2ZS1jcGRDLWF0cF9ydW4wMiAtSE9TVCBzZXZlbnN0YXJfY3B1IC1WSUVXTkFNRSBBYmZlSm9iIC1QUk9KIC9ob21lL29nYXdhL0ZFUC8yMDIxMDcxNV9JVEtfWUNVX0FCRkVQLzAxLXdvcmtpbmcucHJq

Booting the multisim workflow engine...
           multisim version: 3.8.5.19
            mmshare version: 5.2
                    Jobname: absolute_binding_ITK-Inactive-cpdC-atp_run02
                   Username: ogawa
            Master job host: sevenstar
                Subjob host: sevenstar_gpu
                     Job ID: sevenstar-0-615ecc52
            multisim script: absolute_binding_ITK-Inactive-cpdC-atp_run02.msj
       Structure input file: absolute_binding_ITK-Inactive-cpdC-atp_run02.maegz
            CPUs per subjob: "1"
             Job start time: Thu Oct  7 19:30:51 2021
           Launch directory: /home/ogawa/FEP/20210715_ITK_YCU_ABFEP/absolute_binding_ITK-Inactive-cpdC-atp_run02
               $SCHRODINGER: /home/schrodinger/SCHRODINGER_2020-4-r

Parsing the multisim script file...

Summary of user stages:
  stage 1 - task
  stage 2 - fep_absolute_binding_md_launcher
  stage 3 - fep_absolute_binding_fep_launcher
  stage 4 - fep_absolute_binding_analysis
(4 stages in total)

Workflow is started now.

Stage 1 - task
stage[1] task: Detecting system type...
stage[1] task:   It seems 
stage[1] task: Recognizing traits of system...
stage[1] task:   (none)

Stage 1 completed successfully.
Stage 1 duration: 0h 0' 0"


Stage 2 - fep_absolute_binding_md_launcher
[running at reduced cpu priority]

Running subjobs on hosts:
  sevenstar_gpu (Max: No limit)
Number of jobs:       1
Max retries per job:  1
Max allowed failures: unlimited
Run with -LOCAL:      False
Verbosity:            normal

Starting JobDJ...

Keep one job on driver host: False
JobDJ columns:
  C: Number of completed subjobs
  A: Number of active subjobs (e.g., submitted, running)
  W: Number of waiting/pending subjobs

C A W | Activity  JobId  JobName  JobHost
- - - | --------- -----------------------
0 1 0 | launched  sevenstar-0-615ecc5e absolute_binding_ITK-Inactive-cpdC-atp_run02_25732d0 sevenstar_gpu
1 0 0 | finished  sevenstar-0-615ecc5e absolute_binding_ITK-Inactive-cpdC-atp_run02_25732d0 sevenstar_gpu [sevenstar]

All jobs have completed.

1 of 1 job(s) succeeded; 0 job(s) failed.


Job("sevenstar-0-615ecc5e") was successfully finished.
  Host       : localhost
  Launch time: Thu Oct  7 19:30:54 2021
  Start time : Fri Oct  8 04:28:05 2021
  End time   : Fri Oct  8 04:49:39 2021
  Duration   : 0h 21' 34"
  CPUs       : 1
  CPU time   : 0h 21' 34"
  Exit code  : 0
  Jobname    : absolute_binding_ITK-Inactive-cpdC-atp_run02_25732d0
  Stage      : 2 (fep_absolute_binding_md_launcher)
Stage 2 duration: 9h 18' 48"


Stage 2 completed successfully.

Stage 2 duration: 9h 18' 48"


Stage 3 - fep_absolute_binding_fep_launcher

Running subjobs on hosts:
  sevenstar_gpu (Max: No limit)
Number of jobs:       2
Max retries per job:  1
Max allowed failures: unlimited
Run with -LOCAL:      False
Verbosity:            normal

Starting JobDJ...

Keep one job on driver host: False
JobDJ columns:
  C: Number of completed subjobs
  A: Number of active subjobs (e.g., submitted, running)
  W: Number of waiting/pending subjobs

C A W | Activity  JobId  JobName  JobHost
- - - | --------- -----------------------
0 1 1 | launched  sevenstar-0-615f4f57 absolute_binding_ITK-Inactive-cpdC-atp_run02_25732d0_complex sevenstar_gpu
0 2 0 | launched  sevenstar-0-615f4f5a absolute_binding_ITK-Inactive-cpdC-atp_run02_25732d0_solvent sevenstar_gpu
1 1 0 | finished  sevenstar-0-615f4f57 absolute_binding_ITK-Inactive-cpdC-atp_run02_25732d0_complex sevenstar_gpu [sevenstar]
2 0 0 | finished  sevenstar-0-615f4f5a absolute_binding_ITK-Inactive-cpdC-atp_run02_25732d0_solvent sevenstar_gpu [sevenstar]

All jobs have completed.

2 of 2 job(s) succeeded; 0 job(s) failed.


Job("sevenstar-0-615f4f57") was successfully finished.
  Host       : localhost
  Launch time: Fri Oct  8 04:49:43 2021
  Start time : Fri Oct  8 04:50:05 2021
  End time   : Fri Oct  8 11:15:07 2021
  Duration   : 6h 25' 2"
  CPUs       : 1
  CPU time   : 6h 25' 2"
  Exit code  : 0
  Jobname    : absolute_binding_ITK-Inactive-cpdC-atp_run02_25732d0_complex
  Stage      : 3 (fep_absolute_binding_fep_launcher)
Stage 3 duration: 9h 11' 52"


Job("sevenstar-0-615f4f5a") was successfully finished.
  Host       : localhost
  Launch time: Fri Oct  8 04:49:46 2021
  Start time : Fri Oct  8 11:16:05 2021
  End time   : Fri Oct  8 14:01:32 2021
  Duration   : 2h 45' 27"
  CPUs       : 1
  CPU time   : 2h 45' 27"
  Exit code  : 0
  Jobname    : absolute_binding_ITK-Inactive-cpdC-atp_run02_25732d0_solvent
  Stage      : 3 (fep_absolute_binding_fep_launcher)
Stage 3 duration: 9h 11' 52"


Stage 3 completed successfully.

Stage 3 duration: 9h 11' 52"


Stage 4 - fep_absolute_binding_analysis
run -FROM scisol fep_mapper_cleanup.py absolute_binding_ITK-Inactive-cpdC-atp_run02-multisim_checkpoint -force -fmp absolute_binding_ITK-Inactive-cpdC-atp_run02.fmp -out-fmp absolute_binding_ITK-Inactive-cpdC-atp_run02_out.fmp
Start cleanup...
processing: absolute_binding_ITK-Inactive-cpdC-atp_run02_3/absolute_binding_ITK-Inactive-cpdC-atp_run02_25732d0_complex_16-out.tgz
Attach sid file for 25732d0_complex to out.fmp file
processing: absolute_binding_ITK-Inactive-cpdC-atp_run02_3/absolute_binding_ITK-Inactive-cpdC-atp_run02_25732d0_solvent_17-out.tgz
Attach sid file for 25732d0_solvent to out.fmp file
Writing absolute_binding_ITK-Inactive-cpdC-atp_run02_out.fmp file...
Cleanup done.
   Ligand Title      Ligand Binding DG (kcal/mol)    Ligand Binding DG Error (kcal/mol)
   --------------  ------------------------------  ------------------------------------
   cpdC                                     -10.3                                   0.1
Results for cpdC:
Complex dG: 147.955+-0.0888848
Complex correction dG: -8.85323221919291
Solvent dG: 128.756+-0.0571784
Final dG: -10.3458+-0.105688
Number of new compounds completed in the current job: 1

Stage 4 completed successfully.
Stage 4 duration: 0h 0' 5"

Cleaning up files...

Multisim summary (Fri Oct  8 14:01:39 2021):
  Stage 1 completed.
  Stage 2 completed.
  Stage 3 completed.
  Stage 4 completed.
  Total duration: 18h 30' 47"
Multisim completed.
