Reboot from the checkpoint: extend_absolute_binding_ITK-Active-J13_run02-multisim_checkpoint

/home/schrodinger/SCHRODINGER_2020-4-r/fep_absolute_binding absolute_binding_ITK-Active-J13_run02.maegz -SUBHOST sevenstar_gpu -HOST sevenstar_cpu -checkpoint absolute_binding_ITK-Active-J13_run02-multisim_checkpoint -OPLSDIR opls_dir -extend absolute_binding_ITK-Active-J13_run02.ligand -fep-sim-time 5000.0
Job launching command:
$SCHRODINGER/utilities/multisim -HOST sevenstar_cpu -SUBHOST sevenstar_gpu -JOBNAME ogawa20211021T132607 -RESTART extend_absolute_binding_ITK-Active-J13_run02-multisim_checkpoint -m ogawa20211021T132607.extend.msj -d absolute_binding_ITK-Active-J13_run02_1-out.tgz -d absolute_binding_ITK-Active-J13_run02_2-out.tgz -d absolute_binding_ITK-Active-J13_run02_3-out.tgz -ADD_FILE absolute_binding_ITK-Active-J13_run02_out.fmpdb -RETRIES 1 -OPLSDIR opls_dir -o ogawa20211021T132607-out.mae -encoded_description L2hvbWUvc2Nocm9kaW5nZXIvU0NIUk9ESU5HRVJfMjAyMC00LXIvZmVwX2Fic29sdXRlX2JpbmRpbmcgYWJzb2x1dGVfYmluZGluZ19JVEstQWN0aXZlLUoxM19ydW4wMi5tYWVneiAtU1VCSE9TVCBzZXZlbnN0YXJfZ3B1IC1IT1NUIHNldmVuc3Rhcl9jcHUgLWNoZWNrcG9pbnQgYWJzb2x1dGVfYmluZGluZ19JVEstQWN0aXZlLUoxM19ydW4wMi1tdWx0aXNpbV9jaGVja3BvaW50IC1PUExTRElSIG9wbHNfZGlyIC1leHRlbmQgYWJzb2x1dGVfYmluZGluZ19JVEstQWN0aXZlLUoxM19ydW4wMi5saWdhbmQgLWZlcC1zaW0tdGltZSA1MDAwLjA=

Booting the multisim workflow engine...
           multisim version: 3.8.5.19
            mmshare version: 5.2
                    Jobname: ogawa20211021T132607
                   Username: ogawa
            Master job host: sevenstar
                Subjob host: sevenstar_gpu
                     Job ID: sevenstar-0-6170ec1f
            multisim script: ogawa20211021T132607.extend.msj
       Structure input file: absolute_binding_ITK-Active-J13_run02.maegz
            CPUs per subjob: "1"
             Job start time: Mon Oct 11 08:04:21 2021
           Launch directory: /home/ogawa/FEP/20210715_ITK_YCU_ABFEP/absolute_binding_ITK-Active-J13_run02
               $SCHRODINGER: /home/schrodinger/SCHRODINGER_2020-4-r

Parsing the multisim script file...

Checkpoint state:
  Stage 1 completed.
  Stage 2 completed.
  Stage 3 partially completed. 2 subjobs failed, 2 subjobs done.
    Jobnames of failed subjobs:
      absolute_binding_ITK-Active-J13_run02_caac656_complex
      absolute_binding_ITK-Active-J13_run02_caac656_solvent
  Stage 4 completed.

Summary of user stages:
  stage 1 - task
  stage 2 - fep_absolute_binding_md_launcher
  stage 3 - fep_absolute_binding_fep_launcher
  stage 4 - fep_absolute_binding_analysis
(4 stages in total)

Workflow is started now.
Updating stages with the new .msj file: /var/tmp/ogawa/ogawa20211021T132607/ogawa20211021T132607.extend.msj...
Stage 3 and after will be affected by the new .msj file.
Restart workflow from stage 3.

Stage 3 - fep_absolute_binding_fep_launcher

Running subjobs on hosts:
  sevenstar_gpu (Max: No limit)
Number of jobs:       2
Max retries per job:  1
Max allowed failures: unlimited
Run with -LOCAL:      False
Verbosity:            normal

Starting JobDJ...

Keep one job on driver host: False
JobDJ columns:
  C: Number of completed subjobs
  A: Number of active subjobs (e.g., submitted, running)
  W: Number of waiting/pending subjobs

C A W | Activity  JobId  JobName  JobHost
- - - | --------- -----------------------
0 1 1 | launched  sevenstar-0-6170ec3c ogawa20211021T132607_caac656_solvent sevenstar_gpu
0 2 0 | launched  sevenstar-0-6170ec40 ogawa20211021T132607_caac656_complex sevenstar_gpu
1 1 0 | finished  sevenstar-0-6170ec3c ogawa20211021T132607_caac656_solvent sevenstar_gpu [sevenstar]
2 0 0 | finished  sevenstar-0-6170ec40 ogawa20211021T132607_caac656_complex sevenstar_gpu [sevenstar]

All jobs have completed.

2 of 2 job(s) succeeded; 0 job(s) failed.


Job("sevenstar-0-6170ec3c") was successfully finished.
  Host       : localhost
  Launch time: Thu Oct 21 13:27:40 2021
  Start time : Thu Oct 21 19:22:05 2021
  End time   : Thu Oct 21 21:28:31 2021
  Duration   : 2h 6' 26"
  CPUs       : 1
  CPU time   : 2h 6' 26"
  Exit code  : 0
  Jobname    : ogawa20211021T132607_caac656_solvent
  Stage      : 3 (fep_absolute_binding_fep_launcher)
Stage 3 duration: 12h 9' 25"


Job("sevenstar-0-6170ec40") was successfully finished.
  Host       : localhost
  Launch time: Thu Oct 21 13:27:44 2021
  Start time : Thu Oct 21 21:28:53 2021
  End time   : Fri Oct 22 01:36:59 2021
  Duration   : 4h 8' 6"
  CPUs       : 1
  CPU time   : 4h 8' 6"
  Exit code  : 0
  Jobname    : ogawa20211021T132607_caac656_complex
  Stage      : 3 (fep_absolute_binding_fep_launcher)
Stage 3 duration: 12h 9' 25"


Stage 3 completed successfully.

Stage 3 duration: 12h 9' 25"

run -FROM scisol fep_mapper_cleanup.py ogawa20211021T132607-multisim_checkpoint -force -fmp absolute_binding_ITK-Active-J13_run02_out.fmp -out-fmp ogawa20211021T132607_out.fmp
Start cleanup...
absolute_binding_ITK-Active-J13_run02_out.fmpdb exists. Making a backup (.bk) file...
processing: absolute_binding_ITK-Active-J13_run02_3/ogawa20211021T132607_caac656_complex_16-out.tgz
Attach sid file for caac656_complex to out.fmp file
processing: absolute_binding_ITK-Active-J13_run02_3/ogawa20211021T132607_caac656_solvent_17-out.tgz
Attach sid file for caac656_solvent to out.fmp file
Writing ogawa20211021T132607_out.fmp file...
Copying content from the existing absolute_binding_ITK-Active-J13_run02_out.fmpdb.bk...
Cleanup done.
   Ligand Title      Ligand Binding DG (kcal/mol)    Ligand Binding DG Error (kcal/mol)
   --------------  ------------------------------  ------------------------------------
   J-13                                      -7.8                                   0.1
Results for J-13:
Complex dG: 54.074+-0.0644616
Complex correction dG: -8.92625605395334
Solvent dG: 37.3458+-0.0357589
Final dG: -7.80194+-0.0737156
Number of new compounds completed in the current job: 0

Stage 4 completed successfully.
Stage 4 duration: 0h 0' 8"

Cleaning up files...

Multisim summary (Fri Oct 22 01:37:12 2021):
  Stage 1 completed.
  Stage 2 completed.
  Stage 3 completed.
  Stage 4 completed.
  Total duration: 12h 9' 34"
Multisim completed.
