/home/schrodinger/SCHRODINGER_2020-4-r/fep_absolute_binding absolute_binding_ITK-Inactive-cpdJ_run01.maegz -SUBHOST sevenstar_gpu -ppj 4 -maxjob 0 -ensemble muVT -fep-sim-time 5000.0 -md-sim-time 5000.0 -seed 2007 -OPLSDIR opls_dir -JOBNAME absolute_binding_ITK-Inactive-cpdJ_run01 -HOST sevenstar_cpu -VIEWNAME AbfeJob -PROJ /home/ogawa/FEP/20210715_ITK_YCU_ABFEP/01-working.prj
Job launching command:
$SCHRODINGER/utilities/multisim absolute_binding_ITK-Inactive-cpdJ_run01.maegz -HOST sevenstar_cpu -SUBHOST sevenstar_gpu -JOBNAME absolute_binding_ITK-Inactive-cpdJ_run01 -maxjob 0 -m absolute_binding_ITK-Inactive-cpdJ_run01.msj -RETRIES 1 -NICE -OPLSDIR opls_dir -o absolute_binding_ITK-Inactive-cpdJ_run01-out.mae -encoded_description L2hvbWUvc2Nocm9kaW5nZXIvU0NIUk9ESU5HRVJfMjAyMC00LXIvZmVwX2Fic29sdXRlX2JpbmRpbmcgYWJzb2x1dGVfYmluZGluZ19JVEstSW5hY3RpdmUtY3BkSl9ydW4wMS5tYWVneiAtU1VCSE9TVCBzZXZlbnN0YXJfZ3B1IC1wcGogNCAtbWF4am9iIDAgLWVuc2VtYmxlIG11VlQgLWZlcC1zaW0tdGltZSA1MDAwLjAgLW1kLXNpbS10aW1lIDUwMDAuMCAtc2VlZCAyMDA3IC1PUExTRElSIG9wbHNfZGlyIC1KT0JOQU1FIGFic29sdXRlX2JpbmRpbmdfSVRLLUluYWN0aXZlLWNwZEpfcnVuMDEgLUhPU1Qgc2V2ZW5zdGFyX2NwdSAtVklFV05BTUUgQWJmZUpvYiAtUFJPSiAvaG9tZS9vZ2F3YS9GRVAvMjAyMTA3MTVfSVRLX1lDVV9BQkZFUC8wMS13b3JraW5nLnByag==

Booting the multisim workflow engine...
           multisim version: 3.8.5.19
            mmshare version: 5.2
                    Jobname: absolute_binding_ITK-Inactive-cpdJ_run01
                   Username: ogawa
            Master job host: sevenstar
                Subjob host: sevenstar_gpu
                     Job ID: sevenstar-0-61206120
            multisim script: absolute_binding_ITK-Inactive-cpdJ_run01.msj
       Structure input file: absolute_binding_ITK-Inactive-cpdJ_run01.maegz
            CPUs per subjob: "1"
             Job start time: Sat Aug 21 11:12:58 2021
           Launch directory: /home/ogawa/FEP/20210715_ITK_YCU_ABFEP/absolute_binding_ITK-Inactive-cpdJ_run01
               $SCHRODINGER: /home/schrodinger/SCHRODINGER_2020-4-r

Parsing the multisim script file...

Summary of user stages:
  stage 1 - task
  stage 2 - fep_absolute_binding_md_launcher
  stage 3 - fep_absolute_binding_fep_launcher
  stage 4 - fep_absolute_binding_analysis
(4 stages in total)

Workflow is started now.

Stage 1 - task
stage[1] task: Detecting system type...
stage[1] task:   It seems 
stage[1] task: Recognizing traits of system...
stage[1] task:   (none)

Stage 1 completed successfully.
Stage 1 duration: 0h 0' 0"


Stage 2 - fep_absolute_binding_md_launcher
[running at reduced cpu priority]

Running subjobs on hosts:
  sevenstar_gpu (Max: No limit)
Number of jobs:       1
Max retries per job:  1
Max allowed failures: unlimited
Run with -LOCAL:      False
Verbosity:            normal

Starting JobDJ...

Keep one job on driver host: False
JobDJ columns:
  C: Number of completed subjobs
  A: Number of active subjobs (e.g., submitted, running)
  W: Number of waiting/pending subjobs

C A W | Activity  JobId  JobName  JobHost
- - - | --------- -----------------------
0 1 0 | launched  sevenstar-0-6120612d absolute_binding_ITK-Inactive-cpdJ_run01_6f31b72 sevenstar_gpu
1 0 0 | finished  sevenstar-0-6120612d absolute_binding_ITK-Inactive-cpdJ_run01_6f31b72 sevenstar_gpu [sevenstar]

All jobs have completed.

1 of 1 job(s) succeeded; 0 job(s) failed.


Job("sevenstar-0-6120612d") was successfully finished.
  Host       : localhost
  Launch time: Sat Aug 21 11:13:01 2021
  Start time : Sun Aug 22 05:46:56 2021
  End time   : Sun Aug 22 06:10:16 2021
  Duration   : 0h 23' 20"
  CPUs       : 1
  CPU time   : 0h 23' 20"
  Exit code  : 0
  Jobname    : absolute_binding_ITK-Inactive-cpdJ_run01_6f31b72
  Stage      : 2 (fep_absolute_binding_md_launcher)
Stage 2 duration: 18h 57' 18"


Stage 2 completed successfully.

Stage 2 duration: 18h 57' 18"


Stage 3 - fep_absolute_binding_fep_launcher

Running subjobs on hosts:
  sevenstar_gpu (Max: No limit)
Number of jobs:       2
Max retries per job:  1
Max allowed failures: unlimited
Run with -LOCAL:      False
Verbosity:            normal

Starting JobDJ...

Keep one job on driver host: False
JobDJ columns:
  C: Number of completed subjobs
  A: Number of active subjobs (e.g., submitted, running)
  W: Number of waiting/pending subjobs

C A W | Activity  JobId  JobName  JobHost
- - - | --------- -----------------------
0 1 1 | launched  sevenstar-0-61216bbc absolute_binding_ITK-Inactive-cpdJ_run01_6f31b72_complex sevenstar_gpu
0 2 0 | launched  sevenstar-0-61216bbf absolute_binding_ITK-Inactive-cpdJ_run01_6f31b72_solvent sevenstar_gpu
1 1 0 | finished  sevenstar-0-61216bbc absolute_binding_ITK-Inactive-cpdJ_run01_6f31b72_complex sevenstar_gpu [sevenstar]
2 0 0 | finished  sevenstar-0-61216bbf absolute_binding_ITK-Inactive-cpdJ_run01_6f31b72_solvent sevenstar_gpu [sevenstar]

All jobs have completed.

2 of 2 job(s) succeeded; 0 job(s) failed.


Job("sevenstar-0-61216bbc") was successfully finished.
  Host       : localhost
  Launch time: Sun Aug 22 06:10:20 2021
  Start time : Sun Aug 22 06:10:56 2021
  End time   : Sun Aug 22 17:13:04 2021
  Duration   : 11h 2' 8"
  CPUs       : 1
  CPU time   : 11h 2' 8"
  Exit code  : 0
  Jobname    : absolute_binding_ITK-Inactive-cpdJ_run01_6f31b72_complex
  Stage      : 3 (fep_absolute_binding_fep_launcher)
Stage 3 duration: 13h 58' 44"


Job("sevenstar-0-61216bbf") was successfully finished.
  Host       : localhost
  Launch time: Sun Aug 22 06:10:23 2021
  Start time : Sun Aug 22 17:13:43 2021
  End time   : Sun Aug 22 20:09:00 2021
  Duration   : 2h 55' 17"
  CPUs       : 1
  CPU time   : 2h 55' 17"
  Exit code  : 0
  Jobname    : absolute_binding_ITK-Inactive-cpdJ_run01_6f31b72_solvent
  Stage      : 3 (fep_absolute_binding_fep_launcher)
Stage 3 duration: 13h 58' 44"


Stage 3 completed successfully.

Stage 3 duration: 13h 58' 44"


Stage 4 - fep_absolute_binding_analysis
run -FROM scisol fep_mapper_cleanup.py absolute_binding_ITK-Inactive-cpdJ_run01-multisim_checkpoint -force -fmp absolute_binding_ITK-Inactive-cpdJ_run01.fmp -out-fmp absolute_binding_ITK-Inactive-cpdJ_run01_out.fmp
Start cleanup...
processing: absolute_binding_ITK-Inactive-cpdJ_run01_3/absolute_binding_ITK-Inactive-cpdJ_run01_6f31b72_complex_16-out.tgz
Attach sid file for 6f31b72_complex to out.fmp file
processing: absolute_binding_ITK-Inactive-cpdJ_run01_3/absolute_binding_ITK-Inactive-cpdJ_run01_6f31b72_solvent_17-out.tgz
Attach sid file for 6f31b72_solvent to out.fmp file
Writing absolute_binding_ITK-Inactive-cpdJ_run01_out.fmp file...
Cleanup done.
   Ligand Title      Ligand Binding DG (kcal/mol)    Ligand Binding DG Error (kcal/mol)
   --------------  ------------------------------  ------------------------------------
   cpdJ                                     -13.9                                   0.1
Results for cpdJ:
Complex dG: 112.404+-0.0792041
Complex correction dG: -8.89935918642418
Solvent dG: 89.5629+-0.0592804
Final dG: -13.9417+-0.0989316
Number of new compounds completed in the current job: 1

Stage 4 completed successfully.
Stage 4 duration: 0h 0' 7"

Cleaning up files...

Multisim summary (Sun Aug 22 20:09:09 2021):
  Stage 1 completed.
  Stage 2 completed.
  Stage 3 completed.
  Stage 4 completed.
  Total duration: 32h 56' 10"
Multisim completed.
