Reboot from the checkpoint: extend_absolute_binding_ITK-Active-J13_ru01-multisim_checkpoint

/home/schrodinger/SCHRODINGER_2020-4-r/fep_absolute_binding absolute_binding_ITK-Active-J13_ru01.maegz -SUBHOST sevenstar_gpu -HOST sevenstar_cpu -checkpoint absolute_binding_ITK-Active-J13_ru01-multisim_checkpoint -OPLSDIR opls_dir -extend absolute_binding_ITK-Active-J13_ru01.ligand -fep-sim-time 5000.0
Job launching command:
$SCHRODINGER/utilities/multisim -HOST sevenstar_cpu -SUBHOST sevenstar_gpu -JOBNAME ogawa20211021T130138 -RESTART extend_absolute_binding_ITK-Active-J13_ru01-multisim_checkpoint -m ogawa20211021T130138.extend.msj -d absolute_binding_ITK-Active-J13_ru01_1-out.tgz -d absolute_binding_ITK-Active-J13_ru01_2-out.tgz -d absolute_binding_ITK-Active-J13_ru01_3-out.tgz -ADD_FILE absolute_binding_ITK-Active-J13_ru01_out.fmpdb -RETRIES 1 -OPLSDIR opls_dir -o ogawa20211021T130138-out.mae -encoded_description L2hvbWUvc2Nocm9kaW5nZXIvU0NIUk9ESU5HRVJfMjAyMC00LXIvZmVwX2Fic29sdXRlX2JpbmRpbmcgYWJzb2x1dGVfYmluZGluZ19JVEstQWN0aXZlLUoxM19ydTAxLm1hZWd6IC1TVUJIT1NUIHNldmVuc3Rhcl9ncHUgLUhPU1Qgc2V2ZW5zdGFyX2NwdSAtY2hlY2twb2ludCBhYnNvbHV0ZV9iaW5kaW5nX0lUSy1BY3RpdmUtSjEzX3J1MDEtbXVsdGlzaW1fY2hlY2twb2ludCAtT1BMU0RJUiBvcGxzX2RpciAtZXh0ZW5kIGFic29sdXRlX2JpbmRpbmdfSVRLLUFjdGl2ZS1KMTNfcnUwMS5saWdhbmQgLWZlcC1zaW0tdGltZSA1MDAwLjA=

Booting the multisim workflow engine...
           multisim version: 3.8.5.19
            mmshare version: 5.2
                    Jobname: ogawa20211021T130138
                   Username: ogawa
            Master job host: sevenstar
                Subjob host: sevenstar_gpu
                     Job ID: sevenstar-0-6170e660
            multisim script: ogawa20211021T130138.extend.msj
       Structure input file: absolute_binding_ITK-Active-J13_ru01.maegz
            CPUs per subjob: "1"
             Job start time: Sun Oct 10 10:47:21 2021
           Launch directory: /home/ogawa/FEP/20210715_ITK_YCU_ABFEP/absolute_binding_ITK-Active-J13_ru01
               $SCHRODINGER: /home/schrodinger/SCHRODINGER_2020-4-r

Parsing the multisim script file...

Checkpoint state:
  Stage 1 completed.
  Stage 2 completed.
  Stage 3 partially completed. 2 subjobs failed, 2 subjobs done.
    Jobnames of failed subjobs:
      absolute_binding_ITK-Active-J13_ru01_caac656_complex
      absolute_binding_ITK-Active-J13_ru01_caac656_solvent
  Stage 4 completed.

Summary of user stages:
  stage 1 - task
  stage 2 - fep_absolute_binding_md_launcher
  stage 3 - fep_absolute_binding_fep_launcher
  stage 4 - fep_absolute_binding_analysis
(4 stages in total)

Workflow is started now.
Updating stages with the new .msj file: /var/tmp/ogawa/ogawa20211021T130138/ogawa20211021T130138.extend.msj...
Stage 3 and after will be affected by the new .msj file.
Restart workflow from stage 3.

Stage 3 - fep_absolute_binding_fep_launcher

Running subjobs on hosts:
  sevenstar_gpu (Max: No limit)
Number of jobs:       2
Max retries per job:  1
Max allowed failures: unlimited
Run with -LOCAL:      False
Verbosity:            normal

Starting JobDJ...

Keep one job on driver host: False
JobDJ columns:
  C: Number of completed subjobs
  A: Number of active subjobs (e.g., submitted, running)
  W: Number of waiting/pending subjobs

C A W | Activity  JobId  JobName  JobHost
- - - | --------- -----------------------
0 1 1 | launched  sevenstar-0-6170e67a ogawa20211021T130138_caac656_complex sevenstar_gpu
0 2 0 | launched  sevenstar-0-6170e680 ogawa20211021T130138_caac656_solvent sevenstar_gpu
1 1 0 | finished  sevenstar-0-6170e67a ogawa20211021T130138_caac656_complex sevenstar_gpu [sevenstar]
2 0 0 | finished  sevenstar-0-6170e680 ogawa20211021T130138_caac656_solvent sevenstar_gpu [sevenstar]

All jobs have completed.

2 of 2 job(s) succeeded; 0 job(s) failed.


Job("sevenstar-0-6170e67a") was successfully finished.
  Host       : localhost
  Launch time: Thu Oct 21 13:03:06 2021
  Start time : Thu Oct 21 13:03:23 2021
  End time   : Thu Oct 21 17:14:26 2021
  Duration   : 4h 11' 3"
  CPUs       : 1
  CPU time   : 4h 11' 3"
  Exit code  : 0
  Jobname    : ogawa20211021T130138_caac656_complex
  Stage      : 3 (fep_absolute_binding_fep_launcher)
Stage 3 duration: 6h 18' 49"


Job("sevenstar-0-6170e680") was successfully finished.
  Host       : localhost
  Launch time: Thu Oct 21 13:03:12 2021
  Start time : Thu Oct 21 17:14:50 2021
  End time   : Thu Oct 21 19:21:52 2021
  Duration   : 2h 7' 2"
  CPUs       : 1
  CPU time   : 2h 7' 2"
  Exit code  : 0
  Jobname    : ogawa20211021T130138_caac656_solvent
  Stage      : 3 (fep_absolute_binding_fep_launcher)
Stage 3 duration: 6h 18' 49"


Stage 3 completed successfully.

Stage 3 duration: 6h 18' 49"

run -FROM scisol fep_mapper_cleanup.py ogawa20211021T130138-multisim_checkpoint -force -fmp absolute_binding_ITK-Active-J13_ru01_out.fmp -out-fmp ogawa20211021T130138_out.fmp
Start cleanup...
absolute_binding_ITK-Active-J13_ru01_out.fmpdb exists. Making a backup (.bk) file...
processing: absolute_binding_ITK-Active-J13_ru01_3/ogawa20211021T130138_caac656_complex_16-out.tgz
Attach sid file for caac656_complex to out.fmp file
processing: absolute_binding_ITK-Active-J13_ru01_3/ogawa20211021T130138_caac656_solvent_17-out.tgz
Attach sid file for caac656_solvent to out.fmp file
Writing ogawa20211021T130138_out.fmp file...
Copying content from the existing absolute_binding_ITK-Active-J13_ru01_out.fmpdb.bk...
Cleanup done.
   Ligand Title      Ligand Binding DG (kcal/mol)    Ligand Binding DG Error (kcal/mol)
   --------------  ------------------------------  ------------------------------------
   J-13                                      -8.1                                   0.1
Results for J-13:
Complex dG: 54.2564+-0.0860517
Complex correction dG: -8.92675714649889
Solvent dG: 37.2407+-0.0420989
Final dG: -8.08894+-0.0957978
Number of new compounds completed in the current job: 0

Stage 4 completed successfully.
Stage 4 duration: 0h 0' 8"

Cleaning up files...

Multisim summary (Thu Oct 21 19:22:03 2021):
  Stage 1 completed.
  Stage 2 completed.
  Stage 3 completed.
  Stage 4 completed.
  Total duration: 6h 18' 58"
Multisim completed.
