Reboot from the checkpoint: extend_absolute_binding_ITK-Active-cpdG_run02-multisim_checkpoint

/home/schrodinger/SCHRODINGER_2020-4-r/fep_absolute_binding absolute_binding_ITK-Active-cpdG_run02.maegz -SUBHOST sevenstar_gpu -HOST sevenstar_cpu -checkpoint absolute_binding_ITK-Active-cpdG_run02-multisim_checkpoint -OPLSDIR opls_dir -extend absolute_binding_ITK-Active-cpdG_run02.ligand -fep-sim-time 5000.0
Job launching command:
$SCHRODINGER/utilities/multisim -HOST sevenstar_cpu -SUBHOST sevenstar_gpu -JOBNAME ogawa20210917T201947 -RESTART extend_absolute_binding_ITK-Active-cpdG_run02-multisim_checkpoint -m ogawa20210917T201947.extend.msj -d absolute_binding_ITK-Active-cpdG_run02_1-out.tgz -d absolute_binding_ITK-Active-cpdG_run02_2-out.tgz -d absolute_binding_ITK-Active-cpdG_run02_3-out.tgz -ADD_FILE absolute_binding_ITK-Active-cpdG_run02_out.fmpdb -RETRIES 1 -OPLSDIR opls_dir -o ogawa20210917T201947-out.mae -encoded_description L2hvbWUvc2Nocm9kaW5nZXIvU0NIUk9ESU5HRVJfMjAyMC00LXIvZmVwX2Fic29sdXRlX2JpbmRpbmcgYWJzb2x1dGVfYmluZGluZ19JVEstQWN0aXZlLWNwZEdfcnVuMDIubWFlZ3ogLVNVQkhPU1Qgc2V2ZW5zdGFyX2dwdSAtSE9TVCBzZXZlbnN0YXJfY3B1IC1jaGVja3BvaW50IGFic29sdXRlX2JpbmRpbmdfSVRLLUFjdGl2ZS1jcGRHX3J1bjAyLW11bHRpc2ltX2NoZWNrcG9pbnQgLU9QTFNESVIgb3Bsc19kaXIgLWV4dGVuZCBhYnNvbHV0ZV9iaW5kaW5nX0lUSy1BY3RpdmUtY3BkR19ydW4wMi5saWdhbmQgLWZlcC1zaW0tdGltZSA1MDAwLjA=

Booting the multisim workflow engine...
           multisim version: 3.8.5.19
            mmshare version: 5.2
                    Jobname: ogawa20210917T201947
                   Username: ogawa
            Master job host: sevenstar
                Subjob host: sevenstar_gpu
                     Job ID: sevenstar-0-61447a13
            multisim script: ogawa20210917T201947.extend.msj
       Structure input file: absolute_binding_ITK-Active-cpdG_run02.maegz
            CPUs per subjob: "1"
             Job start time: Sun Aug  8 15:42:43 2021
           Launch directory: /home/ogawa/FEP/20210715_ITK_YCU_ABFEP/absolute_binding_ITK-Active-cpdG_run02
               $SCHRODINGER: /home/schrodinger/SCHRODINGER_2020-4-r

Parsing the multisim script file...

Checkpoint state:
  Stage 1 completed.
  Stage 2 completed.
  Stage 3 partially completed. 2 subjobs failed, 2 subjobs done.
    Jobnames of failed subjobs:
      absolute_binding_ITK-Active-cpdG_run02_57d4443_complex
      absolute_binding_ITK-Active-cpdG_run02_57d4443_solvent
  Stage 4 completed.

Summary of user stages:
  stage 1 - task
  stage 2 - fep_absolute_binding_md_launcher
  stage 3 - fep_absolute_binding_fep_launcher
  stage 4 - fep_absolute_binding_analysis
(4 stages in total)

Workflow is started now.
Updating stages with the new .msj file: /var/tmp/ogawa/ogawa20210917T201947/ogawa20210917T201947.extend.msj...
Stage 3 and after will be affected by the new .msj file.
Restart workflow from stage 3.

Stage 3 - fep_absolute_binding_fep_launcher

Running subjobs on hosts:
  sevenstar_gpu (Max: No limit)
Number of jobs:       2
Max retries per job:  1
Max allowed failures: unlimited
Run with -LOCAL:      False
Verbosity:            normal

Starting JobDJ...

Keep one job on driver host: False
JobDJ columns:
  C: Number of completed subjobs
  A: Number of active subjobs (e.g., submitted, running)
  W: Number of waiting/pending subjobs

C A W | Activity  JobId  JobName  JobHost
- - - | --------- -----------------------
0 1 1 | launched  sevenstar-0-61447a2a ogawa20210917T201947_57d4443_solvent sevenstar_gpu
0 2 0 | launched  sevenstar-0-61447a33 ogawa20210917T201947_57d4443_complex sevenstar_gpu
1 1 0 | finished  sevenstar-0-61447a2a ogawa20210917T201947_57d4443_solvent sevenstar_gpu [sevenstar]
2 0 0 | finished  sevenstar-0-61447a33 ogawa20210917T201947_57d4443_complex sevenstar_gpu [sevenstar]

All jobs have completed.

2 of 2 job(s) succeeded; 0 job(s) failed.


Job("sevenstar-0-61447a2a") was successfully finished.
  Host       : localhost
  Launch time: Fri Sep 17 20:21:14 2021
  Start time : Mon Sep 20 00:40:27 2021
  End time   : Mon Sep 20 02:50:28 2021
  Duration   : 2h 10' 1"
  CPUs       : 1
  CPU time   : 2h 10' 1"
  Exit code  : 0
  Jobname    : ogawa20210917T201947_57d4443_solvent
  Stage      : 3 (fep_absolute_binding_fep_launcher)
Stage 3 duration: 58h 42' 21"


Job("sevenstar-0-61447a33") was successfully finished.
  Host       : localhost
  Launch time: Fri Sep 17 20:21:23 2021
  Start time : Mon Sep 20 02:51:14 2021
  End time   : Mon Sep 20 07:03:28 2021
  Duration   : 4h 12' 14"
  CPUs       : 1
  CPU time   : 4h 12' 14"
  Exit code  : 0
  Jobname    : ogawa20210917T201947_57d4443_complex
  Stage      : 3 (fep_absolute_binding_fep_launcher)
Stage 3 duration: 58h 42' 21"


Stage 3 completed successfully.

Stage 3 duration: 58h 42' 21"

run -FROM scisol fep_mapper_cleanup.py ogawa20210917T201947-multisim_checkpoint -force -fmp absolute_binding_ITK-Active-cpdG_run02_out.fmp -out-fmp ogawa20210917T201947_out.fmp
Start cleanup...
absolute_binding_ITK-Active-cpdG_run02_out.fmpdb exists. Making a backup (.bk) file...
processing: absolute_binding_ITK-Active-cpdG_run02_3/ogawa20210917T201947_57d4443_complex_16-out.tgz
Attach sid file for 57d4443_complex to out.fmp file
processing: absolute_binding_ITK-Active-cpdG_run02_3/ogawa20210917T201947_57d4443_solvent_17-out.tgz
Attach sid file for 57d4443_solvent to out.fmp file
Writing ogawa20210917T201947_out.fmp file...
Copying content from the existing absolute_binding_ITK-Active-cpdG_run02_out.fmpdb.bk...
Cleanup done.
   Ligand Title      Ligand Binding DG (kcal/mol)    Ligand Binding DG Error (kcal/mol)
   --------------  ------------------------------  ------------------------------------
   cpdG                                     -18.2                                   0.1
Results for cpdG:
Complex dG: 86.7191+-0.0659922
Complex correction dG: -9.23970847787388
Solvent dG: 59.3095+-0.0574249
Final dG: -18.1699+-0.0874791
Number of new compounds completed in the current job: 0

Stage 4 completed successfully.
Stage 4 duration: 0h 0' 8"

Cleaning up files...

Multisim summary (Mon Sep 20 07:03:42 2021):
  Stage 1 completed.
  Stage 2 completed.
  Stage 3 completed.
  Stage 4 completed.
  Total duration: 58h 42' 30"
Multisim completed.
