/home/schrodinger/SCHRODINGER_2020-4-r/fep_absolute_binding absolute_binding_ITK-Inactive-cpdI_run01.maegz -SUBHOST sevenstar_gpu -ppj 4 -maxjob 0 -ensemble muVT -fep-sim-time 5000.0 -md-sim-time 5000.0 -seed 2007 -OPLSDIR opls_dir -JOBNAME absolute_binding_ITK-Inactive-cpdI_run01 -HOST sevenstar_cpu -VIEWNAME AbfeJob -PROJ /home/ogawa/FEP/20210715_ITK_YCU_ABFEP/01-working.prj
Job launching command:
$SCHRODINGER/utilities/multisim absolute_binding_ITK-Inactive-cpdI_run01.maegz -HOST sevenstar_cpu -SUBHOST sevenstar_gpu -JOBNAME absolute_binding_ITK-Inactive-cpdI_run01 -maxjob 0 -m absolute_binding_ITK-Inactive-cpdI_run01.msj -RETRIES 1 -NICE -OPLSDIR opls_dir -o absolute_binding_ITK-Inactive-cpdI_run01-out.mae -encoded_description L2hvbWUvc2Nocm9kaW5nZXIvU0NIUk9ESU5HRVJfMjAyMC00LXIvZmVwX2Fic29sdXRlX2JpbmRpbmcgYWJzb2x1dGVfYmluZGluZ19JVEstSW5hY3RpdmUtY3BkSV9ydW4wMS5tYWVneiAtU1VCSE9TVCBzZXZlbnN0YXJfZ3B1IC1wcGogNCAtbWF4am9iIDAgLWVuc2VtYmxlIG11VlQgLWZlcC1zaW0tdGltZSA1MDAwLjAgLW1kLXNpbS10aW1lIDUwMDAuMCAtc2VlZCAyMDA3IC1PUExTRElSIG9wbHNfZGlyIC1KT0JOQU1FIGFic29sdXRlX2JpbmRpbmdfSVRLLUluYWN0aXZlLWNwZElfcnVuMDEgLUhPU1Qgc2V2ZW5zdGFyX2NwdSAtVklFV05BTUUgQWJmZUpvYiAtUFJPSiAvaG9tZS9vZ2F3YS9GRVAvMjAyMTA3MTVfSVRLX1lDVV9BQkZFUC8wMS13b3JraW5nLnByag==

Booting the multisim workflow engine...
           multisim version: 3.8.5.19
            mmshare version: 5.2
                    Jobname: absolute_binding_ITK-Inactive-cpdI_run01
                   Username: ogawa
            Master job host: sevenstar
                Subjob host: sevenstar_gpu
                     Job ID: sevenstar-0-61309d17
            multisim script: absolute_binding_ITK-Inactive-cpdI_run01.msj
       Structure input file: absolute_binding_ITK-Inactive-cpdI_run01.maegz
            CPUs per subjob: "1"
             Job start time: Thu Sep  2 18:45:13 2021
           Launch directory: /home/ogawa/FEP/20210715_ITK_YCU_ABFEP/absolute_binding_ITK-Inactive-cpdI_run01
               $SCHRODINGER: /home/schrodinger/SCHRODINGER_2020-4-r

Parsing the multisim script file...

Summary of user stages:
  stage 1 - task
  stage 2 - fep_absolute_binding_md_launcher
  stage 3 - fep_absolute_binding_fep_launcher
  stage 4 - fep_absolute_binding_analysis
(4 stages in total)

Workflow is started now.

Stage 1 - task
stage[1] task: Detecting system type...
stage[1] task:   It seems 
stage[1] task: Recognizing traits of system...
stage[1] task:   (none)

Stage 1 completed successfully.
Stage 1 duration: 0h 0' 0"


Stage 2 - fep_absolute_binding_md_launcher
[running at reduced cpu priority]

Running subjobs on hosts:
  sevenstar_gpu (Max: No limit)
Number of jobs:       1
Max retries per job:  1
Max allowed failures: unlimited
Run with -LOCAL:      False
Verbosity:            normal

Starting JobDJ...

Keep one job on driver host: False
JobDJ columns:
  C: Number of completed subjobs
  A: Number of active subjobs (e.g., submitted, running)
  W: Number of waiting/pending subjobs

C A W | Activity  JobId  JobName  JobHost
- - - | --------- -----------------------
0 1 0 | launched  sevenstar-0-61309d2c absolute_binding_ITK-Inactive-cpdI_run01_10b581b sevenstar_gpu
1 0 0 | finished  sevenstar-0-61309d2c absolute_binding_ITK-Inactive-cpdI_run01_10b581b sevenstar_gpu [sevenstar]

All jobs have completed.

1 of 1 job(s) succeeded; 0 job(s) failed.


Job("sevenstar-0-61309d2c") was successfully finished.
  Host       : localhost
  Launch time: Thu Sep  2 18:45:16 2021
  Start time : Fri Sep  3 04:33:56 2021
  End time   : Fri Sep  3 04:57:16 2021
  Duration   : 0h 23' 20"
  CPUs       : 1
  CPU time   : 0h 23' 20"
  Exit code  : 0
  Jobname    : absolute_binding_ITK-Inactive-cpdI_run01_10b581b
  Stage      : 2 (fep_absolute_binding_md_launcher)
Stage 2 duration: 10h 12' 5"


Stage 2 completed successfully.

Stage 2 duration: 10h 12' 5"


Stage 3 - fep_absolute_binding_fep_launcher

Running subjobs on hosts:
  sevenstar_gpu (Max: No limit)
Number of jobs:       2
Max retries per job:  1
Max allowed failures: unlimited
Run with -LOCAL:      False
Verbosity:            normal

Starting JobDJ...

Keep one job on driver host: False
JobDJ columns:
  C: Number of completed subjobs
  A: Number of active subjobs (e.g., submitted, running)
  W: Number of waiting/pending subjobs

C A W | Activity  JobId  JobName  JobHost
- - - | --------- -----------------------
0 1 1 | launched  sevenstar-0-61312ca1 absolute_binding_ITK-Inactive-cpdI_run01_10b581b_complex sevenstar_gpu
0 2 0 | launched  sevenstar-0-61312ca4 absolute_binding_ITK-Inactive-cpdI_run01_10b581b_solvent sevenstar_gpu
1 1 0 | finished  sevenstar-0-61312ca1 absolute_binding_ITK-Inactive-cpdI_run01_10b581b_complex sevenstar_gpu [sevenstar]
2 0 0 | finished  sevenstar-0-61312ca4 absolute_binding_ITK-Inactive-cpdI_run01_10b581b_solvent sevenstar_gpu [sevenstar]

All jobs have completed.

2 of 2 job(s) succeeded; 0 job(s) failed.


Job("sevenstar-0-61312ca1") was successfully finished.
  Host       : localhost
  Launch time: Fri Sep  3 04:57:21 2021
  Start time : Fri Sep  3 04:57:56 2021
  End time   : Fri Sep  3 16:00:52 2021
  Duration   : 11h 2' 56"
  CPUs       : 1
  CPU time   : 11h 2' 56"
  Exit code  : 0
  Jobname    : absolute_binding_ITK-Inactive-cpdI_run01_10b581b_complex
  Stage      : 3 (fep_absolute_binding_fep_launcher)
Stage 3 duration: 14h 7' 14"


Job("sevenstar-0-61312ca4") was successfully finished.
  Host       : localhost
  Launch time: Fri Sep  3 04:57:24 2021
  Start time : Fri Sep  3 16:01:11 2021
  End time   : Fri Sep  3 19:04:30 2021
  Duration   : 3h 3' 19"
  CPUs       : 1
  CPU time   : 3h 3' 19"
  Exit code  : 0
  Jobname    : absolute_binding_ITK-Inactive-cpdI_run01_10b581b_solvent
  Stage      : 3 (fep_absolute_binding_fep_launcher)
Stage 3 duration: 14h 7' 14"


Stage 3 completed successfully.

Stage 3 duration: 14h 7' 14"


Stage 4 - fep_absolute_binding_analysis
run -FROM scisol fep_mapper_cleanup.py absolute_binding_ITK-Inactive-cpdI_run01-multisim_checkpoint -force -fmp absolute_binding_ITK-Inactive-cpdI_run01.fmp -out-fmp absolute_binding_ITK-Inactive-cpdI_run01_out.fmp
Start cleanup...
processing: absolute_binding_ITK-Inactive-cpdI_run01_3/absolute_binding_ITK-Inactive-cpdI_run01_10b581b_complex_16-out.tgz
Attach sid file for 10b581b_complex to out.fmp file
processing: absolute_binding_ITK-Inactive-cpdI_run01_3/absolute_binding_ITK-Inactive-cpdI_run01_10b581b_solvent_17-out.tgz
Attach sid file for 10b581b_solvent to out.fmp file
Writing absolute_binding_ITK-Inactive-cpdI_run01_out.fmp file...
Cleanup done.
   Ligand Title      Ligand Binding DG (kcal/mol)    Ligand Binding DG Error (kcal/mol)
   --------------  ------------------------------  ------------------------------------
   cpdI                                     -12.2                                   0.1
Results for cpdI:
Complex dG: 123.157+-0.0823194
Complex correction dG: -9.28191403522331
Solvent dG: 101.621+-0.0787206
Final dG: -12.2541+-0.113901
Number of new compounds completed in the current job: 1

Stage 4 completed successfully.
Stage 4 duration: 0h 0' 7"

Cleaning up files...

Multisim summary (Fri Sep  3 19:04:40 2021):
  Stage 1 completed.
  Stage 2 completed.
  Stage 3 completed.
  Stage 4 completed.
  Total duration: 24h 19' 27"
Multisim completed.
