Reboot from the checkpoint: extend_absolute_binding_ITK-Inactive-B49_run03-multisim_checkpoint

/home/schrodinger/SCHRODINGER_2020-4-r/fep_absolute_binding absolute_binding_ITK-Inactive-B49_run03.maegz -SUBHOST sevenstar_gpu -HOST sevenstar_cpu -checkpoint absolute_binding_ITK-Inactive-B49_run03-multisim_checkpoint -OPLSDIR opls_dir -extend absolute_binding_ITK-Inactive-B49_run03.ligand -fep-sim-time 5000.0
Job launching command:
$SCHRODINGER/utilities/multisim -HOST sevenstar_cpu -SUBHOST sevenstar_gpu -JOBNAME ogawa20210809T120053 -RESTART extend_absolute_binding_ITK-Inactive-B49_run03-multisim_checkpoint -m ogawa20210809T120053.extend.msj -d absolute_binding_ITK-Inactive-B49_run03_1-out.tgz -d absolute_binding_ITK-Inactive-B49_run03_2-out.tgz -d absolute_binding_ITK-Inactive-B49_run03_3-out.tgz -ADD_FILE absolute_binding_ITK-Inactive-B49_run03_out.fmpdb -RETRIES 1 -OPLSDIR opls_dir -o ogawa20210809T120053-out.mae -encoded_description L2hvbWUvc2Nocm9kaW5nZXIvU0NIUk9ESU5HRVJfMjAyMC00LXIvZmVwX2Fic29sdXRlX2JpbmRpbmcgYWJzb2x1dGVfYmluZGluZ19JVEstSW5hY3RpdmUtQjQ5X3J1bjAzLm1hZWd6IC1TVUJIT1NUIHNldmVuc3Rhcl9ncHUgLUhPU1Qgc2V2ZW5zdGFyX2NwdSAtY2hlY2twb2ludCBhYnNvbHV0ZV9iaW5kaW5nX0lUSy1JbmFjdGl2ZS1CNDlfcnVuMDMtbXVsdGlzaW1fY2hlY2twb2ludCAtT1BMU0RJUiBvcGxzX2RpciAtZXh0ZW5kIGFic29sdXRlX2JpbmRpbmdfSVRLLUluYWN0aXZlLUI0OV9ydW4wMy5saWdhbmQgLWZlcC1zaW0tdGltZSA1MDAwLjA=

Booting the multisim workflow engine...
           multisim version: 3.8.5.19
            mmshare version: 5.2
                    Jobname: ogawa20210809T120053
                   Username: ogawa
            Master job host: sevenstar
                Subjob host: sevenstar_gpu
                     Job ID: sevenstar-0-61109abd
            multisim script: ogawa20210809T120053.extend.msj
       Structure input file: absolute_binding_ITK-Inactive-B49_run03.maegz
            CPUs per subjob: "1"
             Job start time: Mon Jul 26 07:43:13 2021
           Launch directory: /home/ogawa/FEP/20210715_ITK_YCU_ABFEP/absolute_binding_ITK-Inactive-B49_run03
               $SCHRODINGER: /home/schrodinger/SCHRODINGER_2020-4-r

Parsing the multisim script file...

Checkpoint state:
  Stage 1 completed.
  Stage 2 completed.
  Stage 3 partially completed. 2 subjobs failed, 2 subjobs done.
    Jobnames of failed subjobs:
      absolute_binding_ITK-Inactive-B49_run03_47ad6d1_complex
      absolute_binding_ITK-Inactive-B49_run03_47ad6d1_solvent
  Stage 4 completed.

Summary of user stages:
  stage 1 - task
  stage 2 - fep_absolute_binding_md_launcher
  stage 3 - fep_absolute_binding_fep_launcher
  stage 4 - fep_absolute_binding_analysis
(4 stages in total)

Workflow is started now.
Updating stages with the new .msj file: /var/tmp/ogawa/ogawa20210809T120053/ogawa20210809T120053.extend.msj...
Stage 3 and after will be affected by the new .msj file.
Restart workflow from stage 3.

Stage 3 - fep_absolute_binding_fep_launcher

Running subjobs on hosts:
  sevenstar_gpu (Max: No limit)
Number of jobs:       2
Max retries per job:  1
Max allowed failures: unlimited
Run with -LOCAL:      False
Verbosity:            normal

Starting JobDJ...

Keep one job on driver host: False
JobDJ columns:
  C: Number of completed subjobs
  A: Number of active subjobs (e.g., submitted, running)
  W: Number of waiting/pending subjobs

C A W | Activity  JobId  JobName  JobHost
- - - | --------- -----------------------
0 1 1 | launched  sevenstar-0-61109adb ogawa20210809T120053_47ad6d1_solvent sevenstar_gpu
0 2 0 | launched  sevenstar-0-61109adf ogawa20210809T120053_47ad6d1_complex sevenstar_gpu
1 1 0 | finished  sevenstar-0-61109adb ogawa20210809T120053_47ad6d1_solvent sevenstar_gpu [sevenstar]
2 0 0 | finished  sevenstar-0-61109adf ogawa20210809T120053_47ad6d1_complex sevenstar_gpu [sevenstar]

All jobs have completed.

2 of 2 job(s) succeeded; 0 job(s) failed.


Job("sevenstar-0-61109adb") was successfully finished.
  Host       : localhost
  Launch time: Mon Aug  9 12:02:51 2021
  Start time : Thu Aug 12 05:19:27 2021
  End time   : Thu Aug 12 07:32:59 2021
  Duration   : 2h 13' 32"
  CPUs       : 1
  CPU time   : 2h 13' 32"
  Exit code  : 0
  Jobname    : ogawa20210809T120053_47ad6d1_solvent
  Stage      : 3 (fep_absolute_binding_fep_launcher)
Stage 3 duration: 74h 18' 30"


Job("sevenstar-0-61109adf") was successfully finished.
  Host       : localhost
  Launch time: Mon Aug  9 12:02:55 2021
  Start time : Thu Aug 12 07:33:31 2021
  End time   : Thu Aug 12 14:21:12 2021
  Duration   : 6h 47' 41"
  CPUs       : 1
  CPU time   : 6h 47' 41"
  Exit code  : 0
  Jobname    : ogawa20210809T120053_47ad6d1_complex
  Stage      : 3 (fep_absolute_binding_fep_launcher)
Stage 3 duration: 74h 18' 30"


Stage 3 completed successfully.

Stage 3 duration: 74h 18' 30"

run -FROM scisol fep_mapper_cleanup.py ogawa20210809T120053-multisim_checkpoint -force -fmp absolute_binding_ITK-Inactive-B49_run03_out.fmp -out-fmp ogawa20210809T120053_out.fmp
Start cleanup...
absolute_binding_ITK-Inactive-B49_run03_out.fmpdb exists. Making a backup (.bk) file...
processing: absolute_binding_ITK-Inactive-B49_run03_3/ogawa20210809T120053_47ad6d1_complex_16-out.tgz
Attach sid file for 47ad6d1_complex to out.fmp file
processing: absolute_binding_ITK-Inactive-B49_run03_3/ogawa20210809T120053_47ad6d1_solvent_17-out.tgz
Attach sid file for 47ad6d1_solvent to out.fmp file
Writing ogawa20210809T120053_out.fmp file...
Copying content from the existing absolute_binding_ITK-Inactive-B49_run03_out.fmpdb.bk...
Cleanup done.
   Ligand Title               Ligand Binding DG (kcal/mol)    Ligand Binding DG Error (kcal/mol)
   -----------------------  ------------------------------  ------------------------------------
   ITK-inactive_B49_ligand                           -12.5                                   0.1
Results for ITK-inactive_B49_ligand:
Complex dG: 166.514+-0.0791388
Complex correction dG: -9.20440374557947
Solvent dG: 144.838+-0.045472
Final dG: -12.4716+-0.0912724
Number of new compounds completed in the current job: 0

Stage 4 completed successfully.
Stage 4 duration: 0h 0' 12"

Cleaning up files...

Multisim summary (Thu Aug 12 14:21:31 2021):
  Stage 1 completed.
  Stage 2 completed.
  Stage 3 completed.
  Stage 4 completed.
  Total duration: 74h 18' 42"
Multisim completed.
