Reboot from the checkpoint: extend_absolute_binding_Act-C-run02-multisim_checkpoint

/home/schrodinger/SCHRODINGER_2021-4/fep_absolute_binding absolute_binding_Act-C-run02.fmp -SUBHOST sevenstar_gpu -HOST sevenstar_cpu -JOBNAME absolute_binding_Act-C-run02 -checkpoint absolute_binding_Act-C-run02-multisim_checkpoint -OPLSDIR absolute_binding_Act-C-run02-out.opls -extend absolute_binding_Act-C-run02.ligand -fep-sim-time 5000.0
Job launching command:
$SCHRODINGER/utilities/multisim -HOST sevenstar_cpu -SUBHOST sevenstar_gpu -JOBNAME absolute_binding_Act-C-run02 -RESTART extend_absolute_binding_Act-C-run02-multisim_checkpoint -m absolute_binding_Act-C-run02.extend.msj -d absolute_binding_Act-C-run02_1-out.tgz -d absolute_binding_Act-C-run02_3-out.tgz -d absolute_binding_Act-C-run02_4-out.tgz -ADD_FILE absolute_binding_Act-C-run02_out.fmpdb -RETRIES 1 -OPLSDIR absolute_binding_Act-C-run02-out.opls -o absolute_binding_Act-C-run02-out.mae -encoded_description L2hvbWUvc2Nocm9kaW5nZXIvU0NIUk9ESU5HRVJfMjAyMS00L2ZlcF9hYnNvbHV0ZV9iaW5kaW5nIGFic29sdXRlX2JpbmRpbmdfQWN0LUMtcnVuMDIuZm1wIC1TVUJIT1NUIHNldmVuc3Rhcl9ncHUgLUhPU1Qgc2V2ZW5zdGFyX2NwdSAtSk9CTkFNRSBhYnNvbHV0ZV9iaW5kaW5nX0FjdC1DLXJ1bjAyIC1jaGVja3BvaW50IGFic29sdXRlX2JpbmRpbmdfQWN0LUMtcnVuMDItbXVsdGlzaW1fY2hlY2twb2ludCAtT1BMU0RJUiBhYnNvbHV0ZV9iaW5kaW5nX0FjdC1DLXJ1bjAyLW91dC5vcGxzIC1leHRlbmQgYWJzb2x1dGVfYmluZGluZ19BY3QtQy1ydW4wMi5saWdhbmQgLWZlcC1zaW0tdGltZSA1MDAwLjA=

Booting the multisim workflow engine...
           multisim version: 4.0.0
            mmshare version: 5.6
                    Jobname: absolute_binding_Act-C-run02
                   Username: ogawa
              Main job host: sevenstar
                Subjob host: sevenstar_gpu
                     Job ID: sevenstar-0-61f8bd45
            multisim script: absolute_binding_Act-C-run02.extend.msj
       Structure input file: absolute_binding_Act-C-run02_pv.maegz
            CPUs per subjob: "1"
             Job start time: Mon Jan 31 19:22:51 2022
           Launch directory: /home/ogawa/FEP/20211217_ITK_YCU_ABFEP_v21-4/absolute_binding_Act-C-run02
               $SCHRODINGER: /home/schrodinger/SCHRODINGER_2021-4
               $OPLS_DIR: absolute_binding_Act-C-run02-out.opls

Parsing the multisim script file...

Checkpoint state:
  Stage 1 not run.
  Stage 2 was skipped.
  Stage 3 not run.
  Stage 4 not run.
  Stage 5 not run.

Summary of user stages:
  stage 1 - task
  stage 2 - forcefield_builder_launcher
  stage 3 - fep_absolute_binding_md_launcher
  stage 4 - fep_absolute_binding_fep_launcher
  stage 5 - fep_absolute_binding_analysis
(5 stages in total)

Workflow is started now.
Updating stages with the new .msj file: /var/tmp/ogawa/absolute_binding_Act-C-run02/absolute_binding_Act-C-run02.extend.msj...
Stage 4 and after will be affected by the new .msj file.
Restart workflow from stage 4.

Stage 4 - fep_absolute_binding_fep_launcher

Running subjobs on hosts:
  sevenstar_gpu (Max: No limit)
Number of jobs:       2
Max retries per job:  1
Max allowed failures: unlimited
Verbosity:            normal

Starting JobDJ...

Keep one job on driver host: False
JobDJ columns:
  C: Number of completed subjobs
  A: Number of active subjobs (e.g., submitted, running)
  W: Number of waiting/pending subjobs

C A W | Activity  JobId  JobName  JobHost
- - - | --------- -----------------------
0 1 1 | launched  sevenstar-0-61f8bd60 absolute_binding_Act-C-run02_25732d0_complex sevenstar_gpu
0 2 0 | launched  sevenstar-0-61f8bd65 absolute_binding_Act-C-run02_25732d0_solvent sevenstar_gpu
1 1 0 | finished  sevenstar-0-61f8bd60 absolute_binding_Act-C-run02_25732d0_complex sevenstar_gpu [sevenstar]
2 0 0 | finished  sevenstar-0-61f8bd65 absolute_binding_Act-C-run02_25732d0_solvent sevenstar_gpu [sevenstar]

All jobs have completed.

2 of 2 job(s) succeeded; 0 job(s) failed.


Job("sevenstar-0-61f8bd60") was successfully finished.
  Host       : sevenstar_gpu:4
  Launch time: Tue Feb  1 13:56:00 2022
  Start time : Tue Feb  1 13:56:06 2022
  End time   : Tue Feb  1 17:22:08 2022
  Duration   : 3h 26' 2"
  CPUs       : 1
  CPU time   : 3h 26' 2"
  Exit code  : 0
  Jobname    : absolute_binding_Act-C-run02_25732d0_complex
  Stage      : 4 (fep_absolute_binding_fep_launcher)
Stage 4 duration: 5h 37' 11"


Job("sevenstar-0-61f8bd65") was successfully finished.
  Host       : sevenstar_gpu:4
  Launch time: Tue Feb  1 13:56:05 2022
  Start time : Tue Feb  1 17:22:49 2022
  End time   : Tue Feb  1 19:33:06 2022
  Duration   : 2h 10' 17"
  CPUs       : 1
  CPU time   : 2h 10' 17"
  Exit code  : 0
  Jobname    : absolute_binding_Act-C-run02_25732d0_solvent
  Stage      : 4 (fep_absolute_binding_fep_launcher)
Stage 4 duration: 5h 37' 11"


Stage 4 completed successfully.

Stage 4 duration: 5h 37' 11"

run -FROM scisol fep_mapper_cleanup.py absolute_binding_Act-C-run02-multisim_checkpoint -force -fmp absolute_binding_Act-C-run02_out.fmp -out-fmp absolute_binding_Act-C-run02_out.fmp
Start cleanup...
absolute_binding_Act-C-run02_out.fmpdb exists. Making a backup (.bk) file...
processing: absolute_binding_Act-C-run02_4/absolute_binding_Act-C-run02_25732d0_complex_16-out.tgz
Attach sid file for 25732d0_complex to out.fmp file
processing: absolute_binding_Act-C-run02_4/absolute_binding_Act-C-run02_25732d0_solvent_17-out.tgz
Attach sid file for 25732d0_solvent to out.fmp file
Writing absolute_binding_Act-C-run02_out.fmp file...
Copying content from the existing absolute_binding_Act-C-run02_out.fmpdb.bk...
Cleanup done.
   Ligand Title      Ligand Binding DG (kcal/mol)    Ligand Binding DG Error (kcal/mol)
   --------------  ------------------------------  ------------------------------------
   cpdC                                     -11.4                                   0.1
Results for cpdC:
Complex dG: 39.0722+-0.0678521
Complex correction dG: -9.38841278600217
Solvent dG: 18.2845+-0.0408432
Final dG: -11.3993+-0.0791964
Number of new compounds completed in the current job: 0

Stage 5 completed successfully.

Stage 5 duration: 0h 0' 8"

Cleaning up files...

Multisim summary (Tue Feb  1 19:33:17 2022):
  Stage 1 not run.
  Stage 2 was skipped.
  Stage 3 not run.
  Stage 4 completed.
  Stage 5 completed.
  Total duration: 5h 37' 20"
Multisim completed.
