/home/schrodinger/SCHRODINGER_2020-4-r/fep_absolute_binding absolute_binding_ITK-Active-cpdJ_run03.maegz -SUBHOST sevenstar_gpu -ppj 4 -maxjob 0 -ensemble muVT -fep-sim-time 5000.0 -md-sim-time 5000.0 -seed 2003 -OPLSDIR opls_dir -JOBNAME absolute_binding_ITK-Active-cpdJ_run03 -HOST sevenstar_cpu -VIEWNAME AbfeJob -PROJ /home/ogawa/FEP/20210715_ITK_YCU_ABFEP/01-working.prj
Job launching command:
$SCHRODINGER/utilities/multisim absolute_binding_ITK-Active-cpdJ_run03.maegz -HOST sevenstar_cpu -SUBHOST sevenstar_gpu -JOBNAME absolute_binding_ITK-Active-cpdJ_run03 -maxjob 0 -m absolute_binding_ITK-Active-cpdJ_run03.msj -RETRIES 1 -NICE -OPLSDIR opls_dir -o absolute_binding_ITK-Active-cpdJ_run03-out.mae -encoded_description L2hvbWUvc2Nocm9kaW5nZXIvU0NIUk9ESU5HRVJfMjAyMC00LXIvZmVwX2Fic29sdXRlX2JpbmRpbmcgYWJzb2x1dGVfYmluZGluZ19JVEstQWN0aXZlLWNwZEpfcnVuMDMubWFlZ3ogLVNVQkhPU1Qgc2V2ZW5zdGFyX2dwdSAtcHBqIDQgLW1heGpvYiAwIC1lbnNlbWJsZSBtdVZUIC1mZXAtc2ltLXRpbWUgNTAwMC4wIC1tZC1zaW0tdGltZSA1MDAwLjAgLXNlZWQgMjAwMyAtT1BMU0RJUiBvcGxzX2RpciAtSk9CTkFNRSBhYnNvbHV0ZV9iaW5kaW5nX0lUSy1BY3RpdmUtY3BkSl9ydW4wMyAtSE9TVCBzZXZlbnN0YXJfY3B1IC1WSUVXTkFNRSBBYmZlSm9iIC1QUk9KIC9ob21lL29nYXdhL0ZFUC8yMDIxMDcxNV9JVEtfWUNVX0FCRkVQLzAxLXdvcmtpbmcucHJq

Booting the multisim workflow engine...
           multisim version: 3.8.5.19
            mmshare version: 5.2
                    Jobname: absolute_binding_ITK-Active-cpdJ_run03
                   Username: ogawa
            Master job host: sevenstar
                Subjob host: sevenstar_gpu
                     Job ID: sevenstar-0-6126c420
            multisim script: absolute_binding_ITK-Active-cpdJ_run03.msj
       Structure input file: absolute_binding_ITK-Active-cpdJ_run03.maegz
            CPUs per subjob: "1"
             Job start time: Thu Aug 26 07:28:58 2021
           Launch directory: /home/ogawa/FEP/20210715_ITK_YCU_ABFEP/absolute_binding_ITK-Active-cpdJ_run03
               $SCHRODINGER: /home/schrodinger/SCHRODINGER_2020-4-r

Parsing the multisim script file...

Summary of user stages:
  stage 1 - task
  stage 2 - fep_absolute_binding_md_launcher
  stage 3 - fep_absolute_binding_fep_launcher
  stage 4 - fep_absolute_binding_analysis
(4 stages in total)

Workflow is started now.

Stage 1 - task
stage[1] task: Detecting system type...
stage[1] task:   It seems 
stage[1] task: Recognizing traits of system...
stage[1] task:   (none)

Stage 1 completed successfully.
Stage 1 duration: 0h 0' 0"


Stage 2 - fep_absolute_binding_md_launcher
[running at reduced cpu priority]

Running subjobs on hosts:
  sevenstar_gpu (Max: No limit)
Number of jobs:       1
Max retries per job:  1
Max allowed failures: unlimited
Run with -LOCAL:      False
Verbosity:            normal

Starting JobDJ...

Keep one job on driver host: False
JobDJ columns:
  C: Number of completed subjobs
  A: Number of active subjobs (e.g., submitted, running)
  W: Number of waiting/pending subjobs

C A W | Activity  JobId  JobName  JobHost
- - - | --------- -----------------------
0 1 0 | launched  sevenstar-0-6126c42d absolute_binding_ITK-Active-cpdJ_run03_6f31b72 sevenstar_gpu
1 0 0 | finished  sevenstar-0-6126c42d absolute_binding_ITK-Active-cpdJ_run03_6f31b72 sevenstar_gpu [sevenstar]

All jobs have completed.

1 of 1 job(s) succeeded; 0 job(s) failed.


Job("sevenstar-0-6126c42d") was successfully finished.
  Host       : localhost
  Launch time: Thu Aug 26 07:29:01 2021
  Start time : Thu Aug 26 20:15:26 2021
  End time   : Thu Aug 26 20:39:51 2021
  Duration   : 0h 24' 25"
  CPUs       : 1
  CPU time   : 0h 24' 25"
  Exit code  : 0
  Jobname    : absolute_binding_ITK-Active-cpdJ_run03_6f31b72
  Stage      : 2 (fep_absolute_binding_md_launcher)
Stage 2 duration: 13h 10' 54"


Stage 2 completed successfully.

Stage 2 duration: 13h 10' 54"


Stage 3 - fep_absolute_binding_fep_launcher

Running subjobs on hosts:
  sevenstar_gpu (Max: No limit)
Number of jobs:       2
Max retries per job:  1
Max allowed failures: unlimited
Run with -LOCAL:      False
Verbosity:            normal

Starting JobDJ...

Keep one job on driver host: False
JobDJ columns:
  C: Number of completed subjobs
  A: Number of active subjobs (e.g., submitted, running)
  W: Number of waiting/pending subjobs

C A W | Activity  JobId  JobName  JobHost
- - - | --------- -----------------------
0 1 1 | launched  sevenstar-0-61277d8c absolute_binding_ITK-Active-cpdJ_run03_6f31b72_complex sevenstar_gpu
0 2 0 | launched  sevenstar-0-61277d8f absolute_binding_ITK-Active-cpdJ_run03_6f31b72_solvent sevenstar_gpu
1 1 0 | finished  sevenstar-0-61277d8c absolute_binding_ITK-Active-cpdJ_run03_6f31b72_complex sevenstar_gpu [sevenstar]
2 0 0 | finished  sevenstar-0-61277d8f absolute_binding_ITK-Active-cpdJ_run03_6f31b72_solvent sevenstar_gpu [sevenstar]

All jobs have completed.

2 of 2 job(s) succeeded; 0 job(s) failed.


Job("sevenstar-0-61277d8c") was successfully finished.
  Host       : localhost
  Launch time: Thu Aug 26 20:39:56 2021
  Start time : Thu Aug 26 20:40:11 2021
  End time   : Fri Aug 27 07:29:14 2021
  Duration   : 10h 49' 3"
  CPUs       : 1
  CPU time   : 10h 49' 3"
  Exit code  : 0
  Jobname    : absolute_binding_ITK-Active-cpdJ_run03_6f31b72_complex
  Stage      : 3 (fep_absolute_binding_fep_launcher)
Stage 3 duration: 13h 43' 21"


Job("sevenstar-0-61277d8f") was successfully finished.
  Host       : localhost
  Launch time: Thu Aug 26 20:39:59 2021
  Start time : Fri Aug 27 07:30:11 2021
  End time   : Fri Aug 27 10:22:35 2021
  Duration   : 2h 52' 24"
  CPUs       : 1
  CPU time   : 2h 52' 24"
  Exit code  : 0
  Jobname    : absolute_binding_ITK-Active-cpdJ_run03_6f31b72_solvent
  Stage      : 3 (fep_absolute_binding_fep_launcher)
Stage 3 duration: 13h 43' 21"


Stage 3 completed successfully.

Stage 3 duration: 13h 43' 21"


Stage 4 - fep_absolute_binding_analysis
run -FROM scisol fep_mapper_cleanup.py absolute_binding_ITK-Active-cpdJ_run03-multisim_checkpoint -force -fmp absolute_binding_ITK-Active-cpdJ_run03.fmp -out-fmp absolute_binding_ITK-Active-cpdJ_run03_out.fmp
Start cleanup...
processing: absolute_binding_ITK-Active-cpdJ_run03_3/absolute_binding_ITK-Active-cpdJ_run03_6f31b72_complex_16-out.tgz
Attach sid file for 6f31b72_complex to out.fmp file
processing: absolute_binding_ITK-Active-cpdJ_run03_3/absolute_binding_ITK-Active-cpdJ_run03_6f31b72_solvent_17-out.tgz
Attach sid file for 6f31b72_solvent to out.fmp file
Writing absolute_binding_ITK-Active-cpdJ_run03_out.fmp file...
Cleanup done.
   Ligand Title      Ligand Binding DG (kcal/mol)    Ligand Binding DG Error (kcal/mol)
   --------------  ------------------------------  ------------------------------------
   cpdJ                                     -17.4                                   0.1
Results for cpdJ:
Complex dG: 119.751+-0.078928
Complex correction dG: -9.02121835913001
Solvent dG: 93.3551+-0.0634955
Final dG: -17.3747+-0.101298
Number of new compounds completed in the current job: 1

Stage 4 completed successfully.
Stage 4 duration: 0h 0' 7"

Cleaning up files...

Multisim summary (Fri Aug 27 10:23:22 2021):
  Stage 1 completed.
  Stage 2 completed.
  Stage 3 completed.
  Stage 4 completed.
  Total duration: 26h 54' 23"
Multisim completed.
