Reboot from the checkpoint: extend_absolute_binding_ITK-Active-cpdJ_run03-multisim_checkpoint

/home/schrodinger/SCHRODINGER_2020-4-r/fep_absolute_binding absolute_binding_ITK-Active-cpdJ_run03.maegz -SUBHOST sevenstar_gpu -HOST sevenstar_cpu -checkpoint absolute_binding_ITK-Active-cpdJ_run03-multisim_checkpoint -OPLSDIR opls_dir -extend absolute_binding_ITK-Active-cpdJ_run03.ligand -fep-sim-time 5000.0
Job launching command:
$SCHRODINGER/utilities/multisim -HOST sevenstar_cpu -SUBHOST sevenstar_gpu -JOBNAME ogawa20210830T114806 -RESTART extend_absolute_binding_ITK-Active-cpdJ_run03-multisim_checkpoint -m ogawa20210830T114806.extend.msj -d absolute_binding_ITK-Active-cpdJ_run03_1-out.tgz -d absolute_binding_ITK-Active-cpdJ_run03_2-out.tgz -d absolute_binding_ITK-Active-cpdJ_run03_3-out.tgz -ADD_FILE absolute_binding_ITK-Active-cpdJ_run03_out.fmpdb -RETRIES 1 -OPLSDIR opls_dir -o ogawa20210830T114806-out.mae -encoded_description L2hvbWUvc2Nocm9kaW5nZXIvU0NIUk9ESU5HRVJfMjAyMC00LXIvZmVwX2Fic29sdXRlX2JpbmRpbmcgYWJzb2x1dGVfYmluZGluZ19JVEstQWN0aXZlLWNwZEpfcnVuMDMubWFlZ3ogLVNVQkhPU1Qgc2V2ZW5zdGFyX2dwdSAtSE9TVCBzZXZlbnN0YXJfY3B1IC1jaGVja3BvaW50IGFic29sdXRlX2JpbmRpbmdfSVRLLUFjdGl2ZS1jcGRKX3J1bjAzLW11bHRpc2ltX2NoZWNrcG9pbnQgLU9QTFNESVIgb3Bsc19kaXIgLWV4dGVuZCBhYnNvbHV0ZV9iaW5kaW5nX0lUSy1BY3RpdmUtY3BkSl9ydW4wMy5saWdhbmQgLWZlcC1zaW0tdGltZSA1MDAwLjA=

Booting the multisim workflow engine...
           multisim version: 3.8.5.19
            mmshare version: 5.2
                    Jobname: ogawa20210830T114806
                   Username: ogawa
            Master job host: sevenstar
                Subjob host: sevenstar_gpu
                     Job ID: sevenstar-0-612c473c
            multisim script: ogawa20210830T114806.extend.msj
       Structure input file: absolute_binding_ITK-Active-cpdJ_run03.maegz
            CPUs per subjob: "1"
             Job start time: Thu Aug 26 07:28:58 2021
           Launch directory: /home/ogawa/FEP/20210715_ITK_YCU_ABFEP/absolute_binding_ITK-Active-cpdJ_run03
               $SCHRODINGER: /home/schrodinger/SCHRODINGER_2020-4-r

Parsing the multisim script file...

Checkpoint state:
  Stage 1 completed.
  Stage 2 completed.
  Stage 3 partially completed. 2 subjobs failed, 2 subjobs done.
    Jobnames of failed subjobs:
      absolute_binding_ITK-Active-cpdJ_run03_6f31b72_complex
      absolute_binding_ITK-Active-cpdJ_run03_6f31b72_solvent
  Stage 4 completed.

Summary of user stages:
  stage 1 - task
  stage 2 - fep_absolute_binding_md_launcher
  stage 3 - fep_absolute_binding_fep_launcher
  stage 4 - fep_absolute_binding_analysis
(4 stages in total)

Workflow is started now.
Updating stages with the new .msj file: /var/tmp/ogawa/ogawa20210830T114806/ogawa20210830T114806.extend.msj...
Stage 3 and after will be affected by the new .msj file.
Restart workflow from stage 3.

Stage 3 - fep_absolute_binding_fep_launcher

Running subjobs on hosts:
  sevenstar_gpu (Max: No limit)
Number of jobs:       2
Max retries per job:  1
Max allowed failures: unlimited
Run with -LOCAL:      False
Verbosity:            normal

Starting JobDJ...

Keep one job on driver host: False
JobDJ columns:
  C: Number of completed subjobs
  A: Number of active subjobs (e.g., submitted, running)
  W: Number of waiting/pending subjobs

C A W | Activity  JobId  JobName  JobHost
- - - | --------- -----------------------
0 1 1 | launched  sevenstar-0-612c475d ogawa20210830T114806_6f31b72_complex sevenstar_gpu
0 2 0 | launched  sevenstar-0-612c4760 ogawa20210830T114806_6f31b72_solvent sevenstar_gpu
1 1 0 | finished  sevenstar-0-612c475d ogawa20210830T114806_6f31b72_complex sevenstar_gpu [sevenstar]
2 0 0 | finished  sevenstar-0-612c4760 ogawa20210830T114806_6f31b72_solvent sevenstar_gpu [sevenstar]

All jobs have completed.

2 of 2 job(s) succeeded; 0 job(s) failed.


Job("sevenstar-0-612c475d") was successfully finished.
  Host       : localhost
  Launch time: Mon Aug 30 11:50:05 2021
  Start time : Tue Aug 31 09:11:48 2021
  End time   : Tue Aug 31 15:59:18 2021
  Duration   : 6h 47' 30"
  CPUs       : 1
  CPU time   : 6h 47' 30"
  Exit code  : 0
  Jobname    : ogawa20210830T114806_6f31b72_complex
  Stage      : 3 (fep_absolute_binding_fep_launcher)
Stage 3 duration: 30h 24' 57"


Job("sevenstar-0-612c4760") was successfully finished.
  Host       : localhost
  Launch time: Mon Aug 30 11:50:08 2021
  Start time : Tue Aug 31 16:00:27 2021
  End time   : Tue Aug 31 18:14:58 2021
  Duration   : 2h 14' 31"
  CPUs       : 1
  CPU time   : 2h 14' 31"
  Exit code  : 0
  Jobname    : ogawa20210830T114806_6f31b72_solvent
  Stage      : 3 (fep_absolute_binding_fep_launcher)
Stage 3 duration: 30h 24' 57"


Stage 3 completed successfully.

Stage 3 duration: 30h 24' 57"

run -FROM scisol fep_mapper_cleanup.py ogawa20210830T114806-multisim_checkpoint -force -fmp absolute_binding_ITK-Active-cpdJ_run03_out.fmp -out-fmp ogawa20210830T114806_out.fmp
Start cleanup...
absolute_binding_ITK-Active-cpdJ_run03_out.fmpdb exists. Making a backup (.bk) file...
processing: absolute_binding_ITK-Active-cpdJ_run03_3/ogawa20210830T114806_6f31b72_complex_16-out.tgz
Attach sid file for 6f31b72_complex to out.fmp file
processing: absolute_binding_ITK-Active-cpdJ_run03_3/ogawa20210830T114806_6f31b72_solvent_17-out.tgz
Attach sid file for 6f31b72_solvent to out.fmp file
Writing ogawa20210830T114806_out.fmp file...
Copying content from the existing absolute_binding_ITK-Active-cpdJ_run03_out.fmpdb.bk...
Cleanup done.
   Ligand Title      Ligand Binding DG (kcal/mol)    Ligand Binding DG Error (kcal/mol)
   --------------  ------------------------------  ------------------------------------
   cpdJ                                     -17.3                                   0.1
Results for cpdJ:
Complex dG: 119.69+-0.0740834
Complex correction dG: -9.02121835913001
Solvent dG: 93.3776+-0.0421825
Final dG: -17.2912+-0.0852509
Number of new compounds completed in the current job: 0

Stage 4 completed successfully.
Stage 4 duration: 0h 0' 9"

Cleaning up files...

Multisim summary (Tue Aug 31 18:15:10 2021):
  Stage 1 completed.
  Stage 2 completed.
  Stage 3 completed.
  Stage 4 completed.
  Total duration: 30h 25' 7"
Multisim completed.
