/home/schrodinger/SCHRODINGER_2020-4-r/fep_absolute_binding absolute_binding_ITK-Active-J13-2_run02.maegz -SUBHOST sevenstar_gpu -ppj 4 -maxjob 0 -ensemble muVT -fep-sim-time 5000.0 -md-sim-time 5000.0 -seed 1009 -OPLSDIR opls_dir -JOBNAME absolute_binding_ITK-Active-J13-2_run02 -HOST sevenstar_cpu -VIEWNAME AbfeJob -PROJ /home/ogawa/FEP/20210715_ITK_YCU_ABFEP/01-working.prj
Job launching command:
$SCHRODINGER/utilities/multisim absolute_binding_ITK-Active-J13-2_run02.maegz -HOST sevenstar_cpu -SUBHOST sevenstar_gpu -JOBNAME absolute_binding_ITK-Active-J13-2_run02 -maxjob 0 -m absolute_binding_ITK-Active-J13-2_run02.msj -RETRIES 1 -NICE -OPLSDIR opls_dir -o absolute_binding_ITK-Active-J13-2_run02-out.mae -encoded_description L2hvbWUvc2Nocm9kaW5nZXIvU0NIUk9ESU5HRVJfMjAyMC00LXIvZmVwX2Fic29sdXRlX2JpbmRpbmcgYWJzb2x1dGVfYmluZGluZ19JVEstQWN0aXZlLUoxMy0yX3J1bjAyLm1hZWd6IC1TVUJIT1NUIHNldmVuc3Rhcl9ncHUgLXBwaiA0IC1tYXhqb2IgMCAtZW5zZW1ibGUgbXVWVCAtZmVwLXNpbS10aW1lIDUwMDAuMCAtbWQtc2ltLXRpbWUgNTAwMC4wIC1zZWVkIDEwMDkgLU9QTFNESVIgb3Bsc19kaXIgLUpPQk5BTUUgYWJzb2x1dGVfYmluZGluZ19JVEstQWN0aXZlLUoxMy0yX3J1bjAyIC1IT1NUIHNldmVuc3Rhcl9jcHUgLVZJRVdOQU1FIEFiZmVKb2IgLVBST0ogL2hvbWUvb2dhd2EvRkVQLzIwMjEwNzE1X0lUS19ZQ1VfQUJGRVAvMDEtd29ya2luZy5wcmo=

Booting the multisim workflow engine...
           multisim version: 3.8.5.19
            mmshare version: 5.2
                    Jobname: absolute_binding_ITK-Active-J13-2_run02
                   Username: ogawa
            Master job host: sevenstar
                Subjob host: sevenstar_gpu
                     Job ID: sevenstar-0-616ca941
            multisim script: absolute_binding_ITK-Active-J13-2_run02.msj
       Structure input file: absolute_binding_ITK-Active-J13-2_run02.maegz
            CPUs per subjob: "1"
             Job start time: Mon Oct 18 07:53:06 2021
           Launch directory: /home/ogawa/FEP/20210715_ITK_YCU_ABFEP/absolute_binding_ITK-Active-J13-2_run02
               $SCHRODINGER: /home/schrodinger/SCHRODINGER_2020-4-r

Parsing the multisim script file...

Summary of user stages:
  stage 1 - task
  stage 2 - fep_absolute_binding_md_launcher
  stage 3 - fep_absolute_binding_fep_launcher
  stage 4 - fep_absolute_binding_analysis
(4 stages in total)

Workflow is started now.

Stage 1 - task
stage[1] task: Detecting system type...
stage[1] task:   It seems 
stage[1] task: Recognizing traits of system...
stage[1] task:   (none)

Stage 1 completed successfully.
Stage 1 duration: 0h 0' 0"


Stage 2 - fep_absolute_binding_md_launcher
[running at reduced cpu priority]

Running subjobs on hosts:
  sevenstar_gpu (Max: No limit)
Number of jobs:       1
Max retries per job:  1
Max allowed failures: unlimited
Run with -LOCAL:      False
Verbosity:            normal

Starting JobDJ...

Keep one job on driver host: False
JobDJ columns:
  C: Number of completed subjobs
  A: Number of active subjobs (e.g., submitted, running)
  W: Number of waiting/pending subjobs

C A W | Activity  JobId  JobName  JobHost
- - - | --------- -----------------------
0 1 0 | launched  sevenstar-0-616ca955 absolute_binding_ITK-Active-J13-2_run02_2494660 sevenstar_gpu
1 0 0 | finished  sevenstar-0-616ca955 absolute_binding_ITK-Active-J13-2_run02_2494660 sevenstar_gpu [sevenstar]

All jobs have completed.

1 of 1 job(s) succeeded; 0 job(s) failed.


Job("sevenstar-0-616ca955") was successfully finished.
  Host       : localhost
  Launch time: Mon Oct 18 07:53:09 2021
  Start time : Mon Oct 18 07:53:20 2021
  End time   : Mon Oct 18 08:13:24 2021
  Duration   : 0h 20' 4"
  CPUs       : 1
  CPU time   : 0h 20' 4"
  Exit code  : 0
  Jobname    : absolute_binding_ITK-Active-J13-2_run02_2494660
  Stage      : 2 (fep_absolute_binding_md_launcher)
Stage 2 duration: 0h 20' 19"


Stage 2 completed successfully.

Stage 2 duration: 0h 20' 19"


Stage 3 - fep_absolute_binding_fep_launcher

Running subjobs on hosts:
  sevenstar_gpu (Max: No limit)
Number of jobs:       2
Max retries per job:  1
Max allowed failures: unlimited
Run with -LOCAL:      False
Verbosity:            normal

Starting JobDJ...

Keep one job on driver host: False
JobDJ columns:
  C: Number of completed subjobs
  A: Number of active subjobs (e.g., submitted, running)
  W: Number of waiting/pending subjobs

C A W | Activity  JobId  JobName  JobHost
- - - | --------- -----------------------
0 1 1 | launched  sevenstar-0-616cae19 absolute_binding_ITK-Active-J13-2_run02_2494660_complex sevenstar_gpu
0 2 0 | launched  sevenstar-0-616cae1c absolute_binding_ITK-Active-J13-2_run02_2494660_solvent sevenstar_gpu
1 1 0 | finished  sevenstar-0-616cae19 absolute_binding_ITK-Active-J13-2_run02_2494660_complex sevenstar_gpu [sevenstar]
2 0 0 | finished  sevenstar-0-616cae1c absolute_binding_ITK-Active-J13-2_run02_2494660_solvent sevenstar_gpu [sevenstar]

All jobs have completed.

2 of 2 job(s) succeeded; 0 job(s) failed.


Job("sevenstar-0-616cae19") was successfully finished.
  Host       : localhost
  Launch time: Mon Oct 18 08:13:29 2021
  Start time : Mon Oct 18 08:13:50 2021
  End time   : Mon Oct 18 15:00:06 2021
  Duration   : 6h 46' 16"
  CPUs       : 1
  CPU time   : 6h 46' 16"
  Exit code  : 0
  Jobname    : absolute_binding_ITK-Active-J13-2_run02_2494660_complex
  Stage      : 3 (fep_absolute_binding_fep_launcher)
Stage 3 duration: 9h 32' 13"


Job("sevenstar-0-616cae1c") was successfully finished.
  Host       : localhost
  Launch time: Mon Oct 18 08:13:32 2021
  Start time : Mon Oct 18 15:00:35 2021
  End time   : Mon Oct 18 17:45:39 2021
  Duration   : 2h 45' 4"
  CPUs       : 1
  CPU time   : 2h 45' 4"
  Exit code  : 0
  Jobname    : absolute_binding_ITK-Active-J13-2_run02_2494660_solvent
  Stage      : 3 (fep_absolute_binding_fep_launcher)
Stage 3 duration: 9h 32' 13"


Stage 3 completed successfully.

Stage 3 duration: 9h 32' 13"


Stage 4 - fep_absolute_binding_analysis
run -FROM scisol fep_mapper_cleanup.py absolute_binding_ITK-Active-J13-2_run02-multisim_checkpoint -force -fmp absolute_binding_ITK-Active-J13-2_run02.fmp -out-fmp absolute_binding_ITK-Active-J13-2_run02_out.fmp
Start cleanup...
processing: absolute_binding_ITK-Active-J13-2_run02_3/absolute_binding_ITK-Active-J13-2_run02_2494660_complex_16-out.tgz
Attach sid file for 2494660_complex to out.fmp file
processing: absolute_binding_ITK-Active-J13-2_run02_3/absolute_binding_ITK-Active-J13-2_run02_2494660_solvent_17-out.tgz
Attach sid file for 2494660_solvent to out.fmp file
Writing absolute_binding_ITK-Active-J13-2_run02_out.fmp file...
Cleanup done.
   Ligand Title      Ligand Binding DG (kcal/mol)    Ligand Binding DG Error (kcal/mol)
   --------------  ------------------------------  ------------------------------------
   J-13-2                                    -4.5                                   0.2
Results for J-13-2:
Complex dG: 62.5235+-0.226761
Complex correction dG: -9.18194992410264
Solvent dG: 48.8862+-0.0468256
Final dG: -4.45535+-0.231545
Number of new compounds completed in the current job: 1

Stage 4 completed successfully.
Stage 4 duration: 0h 0' 6"

Cleaning up files...

Multisim summary (Mon Oct 18 17:45:47 2021):
  Stage 1 completed.
  Stage 2 completed.
  Stage 3 completed.
  Stage 4 completed.
  Total duration: 9h 52' 40"
Multisim completed.
