Reboot from the checkpoint: extend_absolute_binding_ITK-Inactive-J13-2_run01-multisim_checkpoint

/home/schrodinger/SCHRODINGER_2020-4-r/fep_absolute_binding absolute_binding_ITK-Inactive-J13-2_run01.maegz -SUBHOST sevenstar_gpu -HOST sevenstar_cpu -checkpoint absolute_binding_ITK-Inactive-J13-2_run01-multisim_checkpoint -OPLSDIR opls_dir -extend absolute_binding_ITK-Inactive-J13-2_run01.ligand -fep-sim-time 5000.0
Job launching command:
$SCHRODINGER/utilities/multisim -HOST sevenstar_cpu -SUBHOST sevenstar_gpu -JOBNAME ogawa20211020T074223 -RESTART extend_absolute_binding_ITK-Inactive-J13-2_run01-multisim_checkpoint -m ogawa20211020T074223.extend.msj -d absolute_binding_ITK-Inactive-J13-2_run01_1-out.tgz -d absolute_binding_ITK-Inactive-J13-2_run01_2-out.tgz -d absolute_binding_ITK-Inactive-J13-2_run01_3-out.tgz -ADD_FILE absolute_binding_ITK-Inactive-J13-2_run01_out.fmpdb -RETRIES 1 -OPLSDIR opls_dir -o ogawa20211020T074223-out.mae -encoded_description L2hvbWUvc2Nocm9kaW5nZXIvU0NIUk9ESU5HRVJfMjAyMC00LXIvZmVwX2Fic29sdXRlX2JpbmRpbmcgYWJzb2x1dGVfYmluZGluZ19JVEstSW5hY3RpdmUtSjEzLTJfcnVuMDEubWFlZ3ogLVNVQkhPU1Qgc2V2ZW5zdGFyX2dwdSAtSE9TVCBzZXZlbnN0YXJfY3B1IC1jaGVja3BvaW50IGFic29sdXRlX2JpbmRpbmdfSVRLLUluYWN0aXZlLUoxMy0yX3J1bjAxLW11bHRpc2ltX2NoZWNrcG9pbnQgLU9QTFNESVIgb3Bsc19kaXIgLWV4dGVuZCBhYnNvbHV0ZV9iaW5kaW5nX0lUSy1JbmFjdGl2ZS1KMTMtMl9ydW4wMS5saWdhbmQgLWZlcC1zaW0tdGltZSA1MDAwLjA=

Booting the multisim workflow engine...
           multisim version: 3.8.5.19
            mmshare version: 5.2
                    Jobname: ogawa20211020T074223
                   Username: ogawa
            Master job host: sevenstar
                Subjob host: sevenstar_gpu
                     Job ID: sevenstar-0-616f4a0a
            multisim script: ogawa20211020T074223.extend.msj
       Structure input file: absolute_binding_ITK-Inactive-J13-2_run01.maegz
            CPUs per subjob: "1"
             Job start time: Thu Oct 14 18:06:21 2021
           Launch directory: /home/ogawa/FEP/20210715_ITK_YCU_ABFEP/absolute_binding_ITK-Inactive-J13-2_run01
               $SCHRODINGER: /home/schrodinger/SCHRODINGER_2020-4-r

Parsing the multisim script file...

Checkpoint state:
  Stage 1 completed.
  Stage 2 completed.
  Stage 3 partially completed. 2 subjobs failed, 2 subjobs done.
    Jobnames of failed subjobs:
      absolute_binding_ITK-Inactive-J13-2_run01_2494660_complex
      absolute_binding_ITK-Inactive-J13-2_run01_2494660_solvent
  Stage 4 completed.

Summary of user stages:
  stage 1 - task
  stage 2 - fep_absolute_binding_md_launcher
  stage 3 - fep_absolute_binding_fep_launcher
  stage 4 - fep_absolute_binding_analysis
(4 stages in total)

Workflow is started now.
Updating stages with the new .msj file: /var/tmp/ogawa/ogawa20211020T074223/ogawa20211020T074223.extend.msj...
Stage 3 and after will be affected by the new .msj file.
Restart workflow from stage 3.

Stage 3 - fep_absolute_binding_fep_launcher

Running subjobs on hosts:
  sevenstar_gpu (Max: No limit)
Number of jobs:       2
Max retries per job:  1
Max allowed failures: unlimited
Run with -LOCAL:      False
Verbosity:            normal

Starting JobDJ...

Keep one job on driver host: False
JobDJ columns:
  C: Number of completed subjobs
  A: Number of active subjobs (e.g., submitted, running)
  W: Number of waiting/pending subjobs

C A W | Activity  JobId  JobName  JobHost
- - - | --------- -----------------------
0 1 1 | launched  sevenstar-0-616f4a27 ogawa20211020T074223_2494660_complex sevenstar_gpu
0 2 0 | launched  sevenstar-0-616f4a2b ogawa20211020T074223_2494660_solvent sevenstar_gpu
1 1 0 | finished  sevenstar-0-616f4a27 ogawa20211020T074223_2494660_complex sevenstar_gpu [sevenstar]
2 0 0 | finished  sevenstar-0-616f4a2b ogawa20211020T074223_2494660_solvent sevenstar_gpu [sevenstar]

All jobs have completed.

2 of 2 job(s) succeeded; 0 job(s) failed.


Job("sevenstar-0-616f4a27") was successfully finished.
  Host       : localhost
  Launch time: Wed Oct 20 07:43:51 2021
  Start time : Wed Oct 20 08:24:08 2021
  End time   : Wed Oct 20 12:33:41 2021
  Duration   : 4h 9' 33"
  CPUs       : 1
  CPU time   : 4h 9' 33"
  Exit code  : 0
  Jobname    : ogawa20211020T074223_2494660_complex
  Stage      : 3 (fep_absolute_binding_fep_launcher)
Stage 3 duration: 6h 58' 22"


Job("sevenstar-0-616f4a2b") was successfully finished.
  Host       : localhost
  Launch time: Wed Oct 20 07:43:55 2021
  Start time : Wed Oct 20 12:34:05 2021
  End time   : Wed Oct 20 14:42:10 2021
  Duration   : 2h 8' 5"
  CPUs       : 1
  CPU time   : 2h 8' 5"
  Exit code  : 0
  Jobname    : ogawa20211020T074223_2494660_solvent
  Stage      : 3 (fep_absolute_binding_fep_launcher)
Stage 3 duration: 6h 58' 22"


Stage 3 completed successfully.

Stage 3 duration: 6h 58' 22"

run -FROM scisol fep_mapper_cleanup.py ogawa20211020T074223-multisim_checkpoint -force -fmp absolute_binding_ITK-Inactive-J13-2_run01_out.fmp -out-fmp ogawa20211020T074223_out.fmp
Start cleanup...
absolute_binding_ITK-Inactive-J13-2_run01_out.fmpdb exists. Making a backup (.bk) file...
processing: absolute_binding_ITK-Inactive-J13-2_run01_3/ogawa20211020T074223_2494660_complex_16-out.tgz
Attach sid file for 2494660_complex to out.fmp file
processing: absolute_binding_ITK-Inactive-J13-2_run01_3/ogawa20211020T074223_2494660_solvent_17-out.tgz
Attach sid file for 2494660_solvent to out.fmp file
Writing ogawa20211020T074223_out.fmp file...
Copying content from the existing absolute_binding_ITK-Inactive-J13-2_run01_out.fmpdb.bk...
Cleanup done.
   Ligand Title      Ligand Binding DG (kcal/mol)    Ligand Binding DG Error (kcal/mol)
   --------------  ------------------------------  ------------------------------------
   J-13-2                                    -8.4                                   0.1
Results for J-13-2:
Complex dG: 68.9067+-0.107023
Complex correction dG: -9.21781455122773
Solvent dG: 51.2836+-0.0380225
Final dG: -8.40529+-0.113577
Number of new compounds completed in the current job: 0

Stage 4 completed successfully.
Stage 4 duration: 0h 0' 6"

Cleaning up files...

Multisim summary (Wed Oct 20 14:42:18 2021):
  Stage 1 completed.
  Stage 2 completed.
  Stage 3 completed.
  Stage 4 completed.
  Total duration: 6h 58' 29"
Multisim completed.
