Reboot from the checkpoint: extend_absolute_binding_Act-A-run02-multisim_checkpoint

/home/schrodinger/SCHRODINGER_2021-4/fep_absolute_binding absolute_binding_Act-A-run02.fmp -SUBHOST sevenstar_gpu -HOST sevenstar_cpu -JOBNAME absolute_binding_Act-A-run02 -checkpoint absolute_binding_Act-A-run02-multisim_checkpoint -OPLSDIR absolute_binding_Act-A-run02-out.opls -extend absolute_binding_Act-A-run02.ligand -fep-sim-time 5000.0
Job launching command:
$SCHRODINGER/utilities/multisim -HOST sevenstar_cpu -SUBHOST sevenstar_gpu -JOBNAME absolute_binding_Act-A-run02 -RESTART extend_absolute_binding_Act-A-run02-multisim_checkpoint -m absolute_binding_Act-A-run02.extend.msj -d absolute_binding_Act-A-run02_1-out.tgz -d absolute_binding_Act-A-run02_3-out.tgz -d absolute_binding_Act-A-run02_4-out.tgz -ADD_FILE absolute_binding_Act-A-run02_out.fmpdb -RETRIES 1 -OPLSDIR absolute_binding_Act-A-run02-out.opls -o absolute_binding_Act-A-run02-out.mae -encoded_description L2hvbWUvc2Nocm9kaW5nZXIvU0NIUk9ESU5HRVJfMjAyMS00L2ZlcF9hYnNvbHV0ZV9iaW5kaW5nIGFic29sdXRlX2JpbmRpbmdfQWN0LUEtcnVuMDIuZm1wIC1TVUJIT1NUIHNldmVuc3Rhcl9ncHUgLUhPU1Qgc2V2ZW5zdGFyX2NwdSAtSk9CTkFNRSBhYnNvbHV0ZV9iaW5kaW5nX0FjdC1BLXJ1bjAyIC1jaGVja3BvaW50IGFic29sdXRlX2JpbmRpbmdfQWN0LUEtcnVuMDItbXVsdGlzaW1fY2hlY2twb2ludCAtT1BMU0RJUiBhYnNvbHV0ZV9iaW5kaW5nX0FjdC1BLXJ1bjAyLW91dC5vcGxzIC1leHRlbmQgYWJzb2x1dGVfYmluZGluZ19BY3QtQS1ydW4wMi5saWdhbmQgLWZlcC1zaW0tdGltZSA1MDAwLjA=

Booting the multisim workflow engine...
           multisim version: 4.0.0
            mmshare version: 5.6
                    Jobname: absolute_binding_Act-A-run02
                   Username: ogawa
              Main job host: sevenstar
                Subjob host: sevenstar_gpu
                     Job ID: sevenstar-0-61c4516d
            multisim script: absolute_binding_Act-A-run02.extend.msj
       Structure input file: absolute_binding_Act-A-run02_pv.maegz
            CPUs per subjob: "1"
             Job start time: Sun Dec 19 22:00:21 2021
           Launch directory: /home/ogawa/FEP/20211217_ITK_YCU_ABFEP_v21-4/absolute_binding_Act-A-run02
               $SCHRODINGER: /home/schrodinger/SCHRODINGER_2021-4
               $OPLS_DIR: absolute_binding_Act-A-run02-out.opls

Parsing the multisim script file...

Checkpoint state:
  Stage 1 not run.
  Stage 2 was skipped.
  Stage 3 not run.
  Stage 4 not run.
  Stage 5 not run.

Summary of user stages:
  stage 1 - task
  stage 2 - forcefield_builder_launcher
  stage 3 - fep_absolute_binding_md_launcher
  stage 4 - fep_absolute_binding_fep_launcher
  stage 5 - fep_absolute_binding_analysis
(5 stages in total)

Workflow is started now.
Updating stages with the new .msj file: /var/tmp/ogawa/absolute_binding_Act-A-run02/absolute_binding_Act-A-run02.extend.msj...
Stage 4 and after will be affected by the new .msj file.
Restart workflow from stage 4.

Stage 4 - fep_absolute_binding_fep_launcher

Running subjobs on hosts:
  sevenstar_gpu (Max: No limit)
Number of jobs:       2
Max retries per job:  1
Max allowed failures: unlimited
Verbosity:            normal

Starting JobDJ...

Keep one job on driver host: False
JobDJ columns:
  C: Number of completed subjobs
  A: Number of active subjobs (e.g., submitted, running)
  W: Number of waiting/pending subjobs

C A W | Activity  JobId  JobName  JobHost
- - - | --------- -----------------------
0 1 1 | launched  sevenstar-0-61c4518d absolute_binding_Act-A-run02_5da41b1_complex sevenstar_gpu
0 2 0 | launched  sevenstar-0-61c45192 absolute_binding_Act-A-run02_5da41b1_solvent sevenstar_gpu
1 1 0 | finished  sevenstar-0-61c4518d absolute_binding_Act-A-run02_5da41b1_complex sevenstar_gpu [sevenstar]
2 0 0 | finished  sevenstar-0-61c45192 absolute_binding_Act-A-run02_5da41b1_solvent sevenstar_gpu [sevenstar]

All jobs have completed.

2 of 2 job(s) succeeded; 0 job(s) failed.


Job("sevenstar-0-61c4518d") was successfully finished.
  Host       : sevenstar_gpu:4
  Launch time: Thu Dec 23 19:38:05 2021
  Start time : Fri Dec 24 12:28:52 2021
  End time   : Fri Dec 24 19:25:20 2021
  Duration   : 6h 56' 28"
  CPUs       : 1
  CPU time   : 6h 56' 28"
  Exit code  : 0
  Jobname    : absolute_binding_Act-A-run02_5da41b1_complex
  Stage      : 4 (fep_absolute_binding_fep_launcher)
Stage 4 duration: 26h 22' 14"


Job("sevenstar-0-61c45192") was successfully finished.
  Host       : sevenstar_gpu:4
  Launch time: Thu Dec 23 19:38:10 2021
  Start time : Fri Dec 24 19:26:04 2021
  End time   : Fri Dec 24 22:00:15 2021
  Duration   : 2h 34' 11"
  CPUs       : 1
  CPU time   : 2h 34' 11"
  Exit code  : 0
  Jobname    : absolute_binding_Act-A-run02_5da41b1_solvent
  Stage      : 4 (fep_absolute_binding_fep_launcher)
Stage 4 duration: 26h 22' 14"


Stage 4 completed successfully.

Stage 4 duration: 26h 22' 14"

run -FROM scisol fep_mapper_cleanup.py absolute_binding_Act-A-run02-multisim_checkpoint -force -fmp absolute_binding_Act-A-run02_out.fmp -out-fmp absolute_binding_Act-A-run02_out.fmp
Start cleanup...
absolute_binding_Act-A-run02_out.fmpdb exists. Making a backup (.bk) file...
processing: absolute_binding_Act-A-run02_4/absolute_binding_Act-A-run02_5da41b1_complex_16-out.tgz
Attach sid file for 5da41b1_complex to out.fmp file
processing: absolute_binding_Act-A-run02_4/absolute_binding_Act-A-run02_5da41b1_solvent_17-out.tgz
Attach sid file for 5da41b1_solvent to out.fmp file
Writing absolute_binding_Act-A-run02_out.fmp file...
Copying content from the existing absolute_binding_Act-A-run02_out.fmpdb.bk...
Cleanup done.
   Ligand Title      Ligand Binding DG (kcal/mol)    Ligand Binding DG Error (kcal/mol)
   --------------  ------------------------------  ------------------------------------
   cpdA                                     -12.8                                   0.1
Results for cpdA:
Complex dG: 89.3801+-0.0715996
Complex correction dG: -9.33281756211233
Solvent dG: 67.298+-0.0676639
Final dG: -12.7493+-0.0985135
Number of new compounds completed in the current job: 0

Stage 5 completed successfully.

Stage 5 duration: 0h 0' 9"

Cleaning up files...

Multisim summary (Fri Dec 24 22:00:26 2021):
  Stage 1 not run.
  Stage 2 was skipped.
  Stage 3 not run.
  Stage 4 completed.
  Stage 5 completed.
  Total duration: 26h 22' 24"
Multisim completed.
