Reboot from the checkpoint: extend_absolute_binding_Ina-E-all-run02-multisim_checkpoint

/home/schrodinger/SCHRODINGER_2021-4/fep_absolute_binding absolute_binding_Ina-E-all-run02.fmp -SUBHOST sevenstar_gpu -HOST sevenstar_cpu -JOBNAME absolute_binding_Ina-E-all-run02 -checkpoint absolute_binding_Ina-E-all-run02-multisim_checkpoint -OPLSDIR absolute_binding_Ina-E-all-run02-out.opls -extend absolute_binding_Ina-E-all-run02.ligand -fep-sim-time 5000.0
Job launching command:
$SCHRODINGER/utilities/multisim -HOST sevenstar_cpu -SUBHOST sevenstar_gpu -JOBNAME absolute_binding_Ina-E-all-run02 -RESTART extend_absolute_binding_Ina-E-all-run02-multisim_checkpoint -m absolute_binding_Ina-E-all-run02.extend.msj -d absolute_binding_Ina-E-all-run02_1-out.tgz -d absolute_binding_Ina-E-all-run02_3-out.tgz -d absolute_binding_Ina-E-all-run02_4-out.tgz -ADD_FILE absolute_binding_Ina-E-all-run02_out.fmpdb -RETRIES 1 -OPLSDIR absolute_binding_Ina-E-all-run02-out.opls -o absolute_binding_Ina-E-all-run02-out.mae -encoded_description L2hvbWUvc2Nocm9kaW5nZXIvU0NIUk9ESU5HRVJfMjAyMS00L2ZlcF9hYnNvbHV0ZV9iaW5kaW5nIGFic29sdXRlX2JpbmRpbmdfSW5hLUUtYWxsLXJ1bjAyLmZtcCAtU1VCSE9TVCBzZXZlbnN0YXJfZ3B1IC1IT1NUIHNldmVuc3Rhcl9jcHUgLUpPQk5BTUUgYWJzb2x1dGVfYmluZGluZ19JbmEtRS1hbGwtcnVuMDIgLWNoZWNrcG9pbnQgYWJzb2x1dGVfYmluZGluZ19JbmEtRS1hbGwtcnVuMDItbXVsdGlzaW1fY2hlY2twb2ludCAtT1BMU0RJUiBhYnNvbHV0ZV9iaW5kaW5nX0luYS1FLWFsbC1ydW4wMi1vdXQub3BscyAtZXh0ZW5kIGFic29sdXRlX2JpbmRpbmdfSW5hLUUtYWxsLXJ1bjAyLmxpZ2FuZCAtZmVwLXNpbS10aW1lIDUwMDAuMA==

Booting the multisim workflow engine...
           multisim version: 4.0.0
            mmshare version: 5.6
                    Jobname: absolute_binding_Ina-E-all-run02
                   Username: ogawa
              Main job host: sevenstar
                Subjob host: sevenstar_gpu
                     Job ID: sevenstar-0-62f09bcc
            multisim script: absolute_binding_Ina-E-all-run02.extend.msj
       Structure input file: absolute_binding_Ina-E-all-run02_pv.maegz
            CPUs per subjob: "1"
             Job start time: Fri Jul 22 11:15:48 2022
           Launch directory: /home/ogawa/FEP/20211217_ITK_YCU_ABFEP_v21-4/absolute_binding_Ina-E-all-run02
               $SCHRODINGER: /home/schrodinger/SCHRODINGER_2021-4
               $OPLS_DIR: absolute_binding_Ina-E-all-run02-out.opls

Parsing the multisim script file...

Checkpoint state:
  Stage 1 not run.
  Stage 2 was skipped.
  Stage 3 not run.
  Stage 4 not run.
  Stage 5 not run.

Summary of user stages:
  stage 1 - task
  stage 2 - forcefield_builder_launcher
  stage 3 - fep_absolute_binding_md_launcher
  stage 4 - fep_absolute_binding_fep_launcher
  stage 5 - fep_absolute_binding_analysis
(5 stages in total)

Workflow is started now.
Updating stages with the new .msj file: /var/tmp/ogawa/absolute_binding_Ina-E-all-run02/absolute_binding_Ina-E-all-run02.extend.msj...
Stage 4 and after will be affected by the new .msj file.
Restart workflow from stage 4.

Stage 4 - fep_absolute_binding_fep_launcher

Running subjobs on hosts:
  sevenstar_gpu (Max: No limit)
Number of jobs:       2
Max retries per job:  1
Max allowed failures: unlimited
Verbosity:            normal

Starting JobDJ...

Keep one job on driver host: False
JobDJ columns:
  C: Number of completed subjobs
  A: Number of active subjobs (e.g., submitted, running)
  W: Number of waiting/pending subjobs

C A W | Activity  JobId  JobName  JobHost
- - - | --------- -----------------------
0 1 1 | launched  sevenstar-0-62f09be1 absolute_binding_Ina-E-all-run02_989077c_complex sevenstar_gpu
0 2 0 | launched  sevenstar-0-62f09be5 absolute_binding_Ina-E-all-run02_989077c_solvent sevenstar_gpu
1 1 0 | finished  sevenstar-0-62f09be1 absolute_binding_Ina-E-all-run02_989077c_complex sevenstar_gpu [sevenstar]
2 0 0 | finished  sevenstar-0-62f09be5 absolute_binding_Ina-E-all-run02_989077c_solvent sevenstar_gpu [sevenstar]

All jobs have completed.

2 of 2 job(s) succeeded; 0 job(s) failed.


Job("sevenstar-0-62f09be1") was successfully finished.
  Host       : sevenstar_gpu:4
  Launch time: Mon Aug  8 14:15:13 2022
  Start time : Thu Aug 11 18:33:19 2022
  End time   : Thu Aug 11 22:33:25 2022
  Duration   : 4h 0' 6"
  CPUs       : 1
  CPU time   : 4h 0' 6"
  Exit code  : 0
  Jobname    : absolute_binding_Ina-E-all-run02_989077c_complex
  Stage      : 4 (fep_absolute_binding_fep_launcher)
Stage 4 duration: 82h 54' 44"


Job("sevenstar-0-62f09be5") was successfully finished.
  Host       : sevenstar_gpu:4
  Launch time: Mon Aug  8 14:15:17 2022
  Start time : Thu Aug 11 22:33:47 2022
  End time   : Fri Aug 12 01:09:51 2022
  Duration   : 2h 36' 4"
  CPUs       : 1
  CPU time   : 2h 36' 4"
  Exit code  : 0
  Jobname    : absolute_binding_Ina-E-all-run02_989077c_solvent
  Stage      : 4 (fep_absolute_binding_fep_launcher)
Stage 4 duration: 82h 54' 44"


Stage 4 completed successfully.

Stage 4 duration: 82h 54' 44"

run -FROM scisol fep_mapper_cleanup.py absolute_binding_Ina-E-all-run02-multisim_checkpoint -force -fmp absolute_binding_Ina-E-all-run02_out.fmp -out-fmp absolute_binding_Ina-E-all-run02_out.fmp
Start cleanup...
absolute_binding_Ina-E-all-run02_out.fmpdb exists. Making a backup (.bk) file...
processing: absolute_binding_Ina-E-all-run02_4/absolute_binding_Ina-E-all-run02_989077c_complex_16-out.tgz
Attach sid file for 989077c_complex to out.fmp file
processing: absolute_binding_Ina-E-all-run02_4/absolute_binding_Ina-E-all-run02_989077c_solvent_17-out.tgz
Attach sid file for 989077c_solvent to out.fmp file
Writing absolute_binding_Ina-E-all-run02_out.fmp file...
Copying content from the existing absolute_binding_Ina-E-all-run02_out.fmpdb.bk...
Cleanup done.
   Ligand Title      Ligand Binding DG (kcal/mol)    Ligand Binding DG Error (kcal/mol)
   --------------  ------------------------------  ------------------------------------
   cpdE-all                                 -15.1                                   0.1
Results for cpdE-all:
Complex dG: 153.927+-0.0706143
Complex correction dG: -9.49179508070573
Solvent dG: 129.357+-0.0425468
Final dG: -15.0782+-0.0824416
Number of new compounds completed in the current job: 0

Stage 5 completed successfully.

Stage 5 duration: 0h 0' 8"

Cleaning up files...

Multisim summary (Fri Aug 12 01:10:03 2022):
  Stage 1 not run.
  Stage 2 was skipped.
  Stage 3 not run.
  Stage 4 completed.
  Stage 5 completed.
  Total duration: 82h 54' 53"
Multisim completed.
