Reboot from the checkpoint: extend_absolute_binding_Ina-D-run02-multisim_checkpoint

/home/schrodinger/SCHRODINGER_2021-4/fep_absolute_binding absolute_binding_Ina-D-run02.fmp -SUBHOST sevenstar_gpu -HOST sevenstar_cpu -JOBNAME absolute_binding_Ina-D-run02 -checkpoint absolute_binding_Ina-D-run02-multisim_checkpoint -OPLSDIR absolute_binding_Ina-D-run02-out.opls -extend absolute_binding_Ina-D-run02.ligand -fep-sim-time 5000.0
Job launching command:
$SCHRODINGER/utilities/multisim -HOST sevenstar_cpu -SUBHOST sevenstar_gpu -JOBNAME absolute_binding_Ina-D-run02 -RESTART extend_absolute_binding_Ina-D-run02-multisim_checkpoint -m absolute_binding_Ina-D-run02.extend.msj -d absolute_binding_Ina-D-run02_1-out.tgz -d absolute_binding_Ina-D-run02_3-out.tgz -d absolute_binding_Ina-D-run02_4-out.tgz -ADD_FILE absolute_binding_Ina-D-run02_out.fmpdb -RETRIES 1 -OPLSDIR absolute_binding_Ina-D-run02-out.opls -o absolute_binding_Ina-D-run02-out.mae -encoded_description L2hvbWUvc2Nocm9kaW5nZXIvU0NIUk9ESU5HRVJfMjAyMS00L2ZlcF9hYnNvbHV0ZV9iaW5kaW5nIGFic29sdXRlX2JpbmRpbmdfSW5hLUQtcnVuMDIuZm1wIC1TVUJIT1NUIHNldmVuc3Rhcl9ncHUgLUhPU1Qgc2V2ZW5zdGFyX2NwdSAtSk9CTkFNRSBhYnNvbHV0ZV9iaW5kaW5nX0luYS1ELXJ1bjAyIC1jaGVja3BvaW50IGFic29sdXRlX2JpbmRpbmdfSW5hLUQtcnVuMDItbXVsdGlzaW1fY2hlY2twb2ludCAtT1BMU0RJUiBhYnNvbHV0ZV9iaW5kaW5nX0luYS1ELXJ1bjAyLW91dC5vcGxzIC1leHRlbmQgYWJzb2x1dGVfYmluZGluZ19JbmEtRC1ydW4wMi5saWdhbmQgLWZlcC1zaW0tdGltZSA1MDAwLjA=

Booting the multisim workflow engine...
           multisim version: 4.0.0
            mmshare version: 5.6
                    Jobname: absolute_binding_Ina-D-run02
                   Username: ogawa
              Main job host: sevenstar
                Subjob host: sevenstar_gpu
                     Job ID: sevenstar-0-61e4c7a0
            multisim script: absolute_binding_Ina-D-run02.extend.msj
       Structure input file: absolute_binding_Ina-D-run02_pv.maegz
            CPUs per subjob: "1"
             Job start time: Sun Jan 16 17:29:51 2022
           Launch directory: /home/ogawa/FEP/20211217_ITK_YCU_ABFEP_v21-4/absolute_binding_Ina-D-run02
               $SCHRODINGER: /home/schrodinger/SCHRODINGER_2021-4
               $OPLS_DIR: absolute_binding_Ina-D-run02-out.opls

Parsing the multisim script file...

Checkpoint state:
  Stage 1 not run.
  Stage 2 was skipped.
  Stage 3 not run.
  Stage 4 not run.
  Stage 5 not run.

Summary of user stages:
  stage 1 - task
  stage 2 - forcefield_builder_launcher
  stage 3 - fep_absolute_binding_md_launcher
  stage 4 - fep_absolute_binding_fep_launcher
  stage 5 - fep_absolute_binding_analysis
(5 stages in total)

Workflow is started now.
Updating stages with the new .msj file: /var/tmp/ogawa/absolute_binding_Ina-D-run02/absolute_binding_Ina-D-run02.extend.msj...
Stage 4 and after will be affected by the new .msj file.
Restart workflow from stage 4.

Stage 4 - fep_absolute_binding_fep_launcher

Running subjobs on hosts:
  sevenstar_gpu (Max: No limit)
Number of jobs:       2
Max retries per job:  1
Max allowed failures: unlimited
Verbosity:            normal

Starting JobDJ...

Keep one job on driver host: False
JobDJ columns:
  C: Number of completed subjobs
  A: Number of active subjobs (e.g., submitted, running)
  W: Number of waiting/pending subjobs

C A W | Activity  JobId  JobName  JobHost
- - - | --------- -----------------------
0 1 1 | launched  sevenstar-0-61e4c7b5 absolute_binding_Ina-D-run02_7c81dac_complex sevenstar_gpu
0 2 0 | launched  sevenstar-0-61e4c7ba absolute_binding_Ina-D-run02_7c81dac_solvent sevenstar_gpu
1 1 0 | finished  sevenstar-0-61e4c7b5 absolute_binding_Ina-D-run02_7c81dac_complex sevenstar_gpu [sevenstar]
2 0 0 | finished  sevenstar-0-61e4c7ba absolute_binding_Ina-D-run02_7c81dac_solvent sevenstar_gpu [sevenstar]

All jobs have completed.

2 of 2 job(s) succeeded; 0 job(s) failed.


Job("sevenstar-0-61e4c7b5") was successfully finished.
  Host       : sevenstar_gpu:4
  Launch time: Mon Jan 17 10:34:45 2022
  Start time : Tue Jan 18 06:58:06 2022
  End time   : Tue Jan 18 10:26:36 2022
  Duration   : 3h 28' 30"
  CPUs       : 1
  CPU time   : 3h 28' 30"
  Exit code  : 0
  Jobname    : absolute_binding_Ina-D-run02_7c81dac_complex
  Stage      : 4 (fep_absolute_binding_fep_launcher)
Stage 4 duration: 26h 0' 5"


Job("sevenstar-0-61e4c7ba") was successfully finished.
  Host       : sevenstar_gpu:4
  Launch time: Mon Jan 17 10:34:50 2022
  Start time : Tue Jan 18 10:28:04 2022
  End time   : Tue Jan 18 12:34:45 2022
  Duration   : 2h 6' 41"
  CPUs       : 1
  CPU time   : 2h 6' 41"
  Exit code  : 0
  Jobname    : absolute_binding_Ina-D-run02_7c81dac_solvent
  Stage      : 4 (fep_absolute_binding_fep_launcher)
Stage 4 duration: 26h 0' 5"


Stage 4 completed successfully.

Stage 4 duration: 26h 0' 5"

run -FROM scisol fep_mapper_cleanup.py absolute_binding_Ina-D-run02-multisim_checkpoint -force -fmp absolute_binding_Ina-D-run02_out.fmp -out-fmp absolute_binding_Ina-D-run02_out.fmp
Start cleanup...
absolute_binding_Ina-D-run02_out.fmpdb exists. Making a backup (.bk) file...
processing: absolute_binding_Ina-D-run02_4/absolute_binding_Ina-D-run02_7c81dac_complex_16-out.tgz
Attach sid file for 7c81dac_complex to out.fmp file
processing: absolute_binding_Ina-D-run02_4/absolute_binding_Ina-D-run02_7c81dac_solvent_17-out.tgz
Attach sid file for 7c81dac_solvent to out.fmp file
Writing absolute_binding_Ina-D-run02_out.fmp file...
Copying content from the existing absolute_binding_Ina-D-run02_out.fmpdb.bk...
Cleanup done.
   Ligand Title      Ligand Binding DG (kcal/mol)    Ligand Binding DG Error (kcal/mol)
   --------------  ------------------------------  ------------------------------------
   cpdD                                      -9.6                                   0.1
Results for cpdD:
Complex dG: 107.459+-0.0466542
Complex correction dG: -9.38394250514309
Solvent dG: 88.49+-0.0332236
Final dG: -9.58506+-0.057275
Number of new compounds completed in the current job: 0

Stage 5 completed successfully.

Stage 5 duration: 0h 0' 8"

Cleaning up files...

Multisim summary (Tue Jan 18 12:34:57 2022):
  Stage 1 not run.
  Stage 2 was skipped.
  Stage 3 not run.
  Stage 4 completed.
  Stage 5 completed.
  Total duration: 26h 0' 14"
Multisim completed.
