/home/schrodinger/SCHRODINGER_2020-4-r/fep_absolute_binding absolute_binding_ITK-Active-cpdH_run02.maegz -SUBHOST sevenstar_gpu -ppj 4 -maxjob 0 -ensemble muVT -fep-sim-time 5000.0 -md-sim-time 5000.0 -seed 1009 -OPLSDIR opls_dir -JOBNAME absolute_binding_ITK-Active-cpdH_run02 -HOST sevenstar_cpu -VIEWNAME AbfeJob -PROJ /home/ogawa/FEP/20210715_ITK_YCU_ABFEP/01-working.prj
Job launching command:
$SCHRODINGER/utilities/multisim absolute_binding_ITK-Active-cpdH_run02.maegz -HOST sevenstar_cpu -SUBHOST sevenstar_gpu -JOBNAME absolute_binding_ITK-Active-cpdH_run02 -maxjob 0 -m absolute_binding_ITK-Active-cpdH_run02.msj -RETRIES 1 -NICE -OPLSDIR opls_dir -o absolute_binding_ITK-Active-cpdH_run02-out.mae -encoded_description L2hvbWUvc2Nocm9kaW5nZXIvU0NIUk9ESU5HRVJfMjAyMC00LXIvZmVwX2Fic29sdXRlX2JpbmRpbmcgYWJzb2x1dGVfYmluZGluZ19JVEstQWN0aXZlLWNwZEhfcnVuMDIubWFlZ3ogLVNVQkhPU1Qgc2V2ZW5zdGFyX2dwdSAtcHBqIDQgLW1heGpvYiAwIC1lbnNlbWJsZSBtdVZUIC1mZXAtc2ltLXRpbWUgNTAwMC4wIC1tZC1zaW0tdGltZSA1MDAwLjAgLXNlZWQgMTAwOSAtT1BMU0RJUiBvcGxzX2RpciAtSk9CTkFNRSBhYnNvbHV0ZV9iaW5kaW5nX0lUSy1BY3RpdmUtY3BkSF9ydW4wMiAtSE9TVCBzZXZlbnN0YXJfY3B1IC1WSUVXTkFNRSBBYmZlSm9iIC1QUk9KIC9ob21lL29nYXdhL0ZFUC8yMDIxMDcxNV9JVEtfWUNVX0FCRkVQLzAxLXdvcmtpbmcucHJq

Booting the multisim workflow engine...
           multisim version: 3.8.5.19
            mmshare version: 5.2
                    Jobname: absolute_binding_ITK-Active-cpdH_run02
                   Username: ogawa
            Master job host: sevenstar
                Subjob host: sevenstar_gpu
                     Job ID: sevenstar-0-61395a7f
            multisim script: absolute_binding_ITK-Active-cpdH_run02.msj
       Structure input file: absolute_binding_ITK-Active-cpdH_run02.maegz
            CPUs per subjob: "1"
             Job start time: Thu Sep  9 09:51:28 2021
           Launch directory: /home/ogawa/FEP/20210715_ITK_YCU_ABFEP/absolute_binding_ITK-Active-cpdH_run02
               $SCHRODINGER: /home/schrodinger/SCHRODINGER_2020-4-r

Parsing the multisim script file...

Summary of user stages:
  stage 1 - task
  stage 2 - fep_absolute_binding_md_launcher
  stage 3 - fep_absolute_binding_fep_launcher
  stage 4 - fep_absolute_binding_analysis
(4 stages in total)

Workflow is started now.

Stage 1 - task
stage[1] task: Detecting system type...
stage[1] task:   It seems 
stage[1] task: Recognizing traits of system...
stage[1] task:   (none)

Stage 1 completed successfully.
Stage 1 duration: 0h 0' 0"


Stage 2 - fep_absolute_binding_md_launcher
[running at reduced cpu priority]

Running subjobs on hosts:
  sevenstar_gpu (Max: No limit)
Number of jobs:       1
Max retries per job:  1
Max allowed failures: unlimited
Run with -LOCAL:      False
Verbosity:            normal

Starting JobDJ...

Keep one job on driver host: False
JobDJ columns:
  C: Number of completed subjobs
  A: Number of active subjobs (e.g., submitted, running)
  W: Number of waiting/pending subjobs

C A W | Activity  JobId  JobName  JobHost
- - - | --------- -----------------------
0 1 0 | launched  sevenstar-0-61395a93 absolute_binding_ITK-Active-cpdH_run02_dce756f sevenstar_gpu
1 0 0 | finished  sevenstar-0-61395a93 absolute_binding_ITK-Active-cpdH_run02_dce756f sevenstar_gpu [sevenstar]

All jobs have completed.

1 of 1 job(s) succeeded; 0 job(s) failed.


Job("sevenstar-0-61395a93") was successfully finished.
  Host       : localhost
  Launch time: Thu Sep  9 09:51:31 2021
  Start time : Fri Sep 10 10:34:27 2021
  End time   : Fri Sep 10 10:57:05 2021
  Duration   : 0h 22' 38"
  CPUs       : 1
  CPU time   : 0h 22' 38"
  Exit code  : 0
  Jobname    : absolute_binding_ITK-Active-cpdH_run02_dce756f
  Stage      : 2 (fep_absolute_binding_md_launcher)
Stage 2 duration: 25h 5' 38"


Stage 2 completed successfully.

Stage 2 duration: 25h 5' 38"


Stage 3 - fep_absolute_binding_fep_launcher

Running subjobs on hosts:
  sevenstar_gpu (Max: No limit)
Number of jobs:       2
Max retries per job:  1
Max allowed failures: unlimited
Run with -LOCAL:      False
Verbosity:            normal

Starting JobDJ...

Keep one job on driver host: False
JobDJ columns:
  C: Number of completed subjobs
  A: Number of active subjobs (e.g., submitted, running)
  W: Number of waiting/pending subjobs

C A W | Activity  JobId  JobName  JobHost
- - - | --------- -----------------------
0 1 1 | launched  sevenstar-0-613abb75 absolute_binding_ITK-Active-cpdH_run02_dce756f_complex sevenstar_gpu
0 2 0 | launched  sevenstar-0-613abb78 absolute_binding_ITK-Active-cpdH_run02_dce756f_solvent sevenstar_gpu
1 1 0 | finished  sevenstar-0-613abb75 absolute_binding_ITK-Active-cpdH_run02_dce756f_complex sevenstar_gpu [sevenstar]
2 0 0 | finished  sevenstar-0-613abb78 absolute_binding_ITK-Active-cpdH_run02_dce756f_solvent sevenstar_gpu [sevenstar]

All jobs have completed.

2 of 2 job(s) succeeded; 0 job(s) failed.


Job("sevenstar-0-613abb75") was successfully finished.
  Host       : localhost
  Launch time: Fri Sep 10 10:57:09 2021
  Start time : Fri Sep 10 10:57:41 2021
  End time   : Fri Sep 10 22:03:40 2021
  Duration   : 11h 5' 59"
  CPUs       : 1
  CPU time   : 11h 5' 59"
  Exit code  : 0
  Jobname    : absolute_binding_ITK-Active-cpdH_run02_dce756f_complex
  Stage      : 3 (fep_absolute_binding_fep_launcher)
Stage 3 duration: 14h 1' 31"


Job("sevenstar-0-613abb78") was successfully finished.
  Host       : localhost
  Launch time: Fri Sep 10 10:57:12 2021
  Start time : Fri Sep 10 22:04:26 2021
  End time   : Sat Sep 11 00:58:36 2021
  Duration   : 2h 54' 10"
  CPUs       : 1
  CPU time   : 2h 54' 10"
  Exit code  : 0
  Jobname    : absolute_binding_ITK-Active-cpdH_run02_dce756f_solvent
  Stage      : 3 (fep_absolute_binding_fep_launcher)
Stage 3 duration: 14h 1' 31"


Stage 3 completed successfully.

Stage 3 duration: 14h 1' 31"


Stage 4 - fep_absolute_binding_analysis
run -FROM scisol fep_mapper_cleanup.py absolute_binding_ITK-Active-cpdH_run02-multisim_checkpoint -force -fmp absolute_binding_ITK-Active-cpdH_run02.fmp -out-fmp absolute_binding_ITK-Active-cpdH_run02_out.fmp
Start cleanup...
processing: absolute_binding_ITK-Active-cpdH_run02_3/absolute_binding_ITK-Active-cpdH_run02_dce756f_complex_16-out.tgz
Attach sid file for dce756f_complex to out.fmp file
processing: absolute_binding_ITK-Active-cpdH_run02_3/absolute_binding_ITK-Active-cpdH_run02_dce756f_solvent_17-out.tgz
Attach sid file for dce756f_solvent to out.fmp file
Writing absolute_binding_ITK-Active-cpdH_run02_out.fmp file...
Cleanup done.
   Ligand Title      Ligand Binding DG (kcal/mol)    Ligand Binding DG Error (kcal/mol)
   --------------  ------------------------------  ------------------------------------
   cpdH                                     -16.1                                   0.1
Results for cpdH:
Complex dG: 131.868+-0.109294
Complex correction dG: -9.15896483109809
Solvent dG: 106.628+-0.0763703
Final dG: -16.081+-0.133333
Number of new compounds completed in the current job: 1

Stage 4 completed successfully.
Stage 4 duration: 0h 0' 7"

Cleaning up files...

Multisim summary (Sat Sep 11 00:58:46 2021):
  Stage 1 completed.
  Stage 2 completed.
  Stage 3 completed.
  Stage 4 completed.
  Total duration: 39h 7' 17"
Multisim completed.
