Reboot from the checkpoint: extend_absolute_binding_ITK-Active-J31-alt_run02-multisim_checkpoint

/home/schrodinger/SCHRODINGER_2020-4-r/fep_absolute_binding absolute_binding_ITK-Active-J31-alt_run02.maegz -SUBHOST sevenstar_gpu -HOST sevenstar_cpu -checkpoint absolute_binding_ITK-Active-J31-alt_run02-multisim_checkpoint -OPLSDIR opls_dir -extend absolute_binding_ITK-Active-J31-alt_run02.ligand -fep-sim-time 5000.0
Job launching command:
$SCHRODINGER/utilities/multisim -HOST sevenstar_cpu -SUBHOST sevenstar_gpu -JOBNAME ogawa20211005T081919 -RESTART extend_absolute_binding_ITK-Active-J31-alt_run02-multisim_checkpoint -m ogawa20211005T081919.extend.msj -d absolute_binding_ITK-Active-J31-alt_run02_1-out.tgz -d absolute_binding_ITK-Active-J31-alt_run02_2-out.tgz -d absolute_binding_ITK-Active-J31-alt_run02_3-out.tgz -ADD_FILE absolute_binding_ITK-Active-J31-alt_run02_out.fmpdb -RETRIES 1 -OPLSDIR opls_dir -o ogawa20211005T081919-out.mae -encoded_description L2hvbWUvc2Nocm9kaW5nZXIvU0NIUk9ESU5HRVJfMjAyMC00LXIvZmVwX2Fic29sdXRlX2JpbmRpbmcgYWJzb2x1dGVfYmluZGluZ19JVEstQWN0aXZlLUozMS1hbHRfcnVuMDIubWFlZ3ogLVNVQkhPU1Qgc2V2ZW5zdGFyX2dwdSAtSE9TVCBzZXZlbnN0YXJfY3B1IC1jaGVja3BvaW50IGFic29sdXRlX2JpbmRpbmdfSVRLLUFjdGl2ZS1KMzEtYWx0X3J1bjAyLW11bHRpc2ltX2NoZWNrcG9pbnQgLU9QTFNESVIgb3Bsc19kaXIgLWV4dGVuZCBhYnNvbHV0ZV9iaW5kaW5nX0lUSy1BY3RpdmUtSjMxLWFsdF9ydW4wMi5saWdhbmQgLWZlcC1zaW0tdGltZSA1MDAwLjA=

Booting the multisim workflow engine...
           multisim version: 3.8.5.19
            mmshare version: 5.2
                    Jobname: ogawa20211005T081919
                   Username: ogawa
            Master job host: sevenstar
                Subjob host: sevenstar_gpu
                     Job ID: sevenstar-0-615b8c32
            multisim script: ogawa20211005T081919.extend.msj
       Structure input file: absolute_binding_ITK-Active-J31-alt_run02.maegz
            CPUs per subjob: "1"
             Job start time: Sun Oct  3 19:09:21 2021
           Launch directory: /home/ogawa/FEP/20210715_ITK_YCU_ABFEP/absolute_binding_ITK-Active-J31-alt_run02
               $SCHRODINGER: /home/schrodinger/SCHRODINGER_2020-4-r

Parsing the multisim script file...

Checkpoint state:
  Stage 1 completed.
  Stage 2 completed.
  Stage 3 partially completed. 2 subjobs failed, 2 subjobs done.
    Jobnames of failed subjobs:
      absolute_binding_ITK-Active-J31-alt_run02_551438c_complex
      absolute_binding_ITK-Active-J31-alt_run02_551438c_solvent
  Stage 4 completed.

Summary of user stages:
  stage 1 - task
  stage 2 - fep_absolute_binding_md_launcher
  stage 3 - fep_absolute_binding_fep_launcher
  stage 4 - fep_absolute_binding_analysis
(4 stages in total)

Workflow is started now.
Updating stages with the new .msj file: /var/tmp/ogawa/ogawa20211005T081919/ogawa20211005T081919.extend.msj...
Stage 3 and after will be affected by the new .msj file.
Restart workflow from stage 3.

Stage 3 - fep_absolute_binding_fep_launcher

Running subjobs on hosts:
  sevenstar_gpu (Max: No limit)
Number of jobs:       2
Max retries per job:  1
Max allowed failures: unlimited
Run with -LOCAL:      False
Verbosity:            normal

Starting JobDJ...

Keep one job on driver host: False
JobDJ columns:
  C: Number of completed subjobs
  A: Number of active subjobs (e.g., submitted, running)
  W: Number of waiting/pending subjobs

C A W | Activity  JobId  JobName  JobHost
- - - | --------- -----------------------
0 1 1 | launched  sevenstar-0-615b8c45 ogawa20211005T081919_551438c_complex sevenstar_gpu
0 2 0 | launched  sevenstar-0-615b8c49 ogawa20211005T081919_551438c_solvent sevenstar_gpu
1 1 0 | finished  sevenstar-0-615b8c45 ogawa20211005T081919_551438c_complex sevenstar_gpu [sevenstar]
2 0 0 | finished  sevenstar-0-615b8c49 ogawa20211005T081919_551438c_solvent sevenstar_gpu [sevenstar]

All jobs have completed.

2 of 2 job(s) succeeded; 0 job(s) failed.


Job("sevenstar-0-615b8c45") was successfully finished.
  Host       : localhost
  Launch time: Tue Oct  5 08:20:37 2021
  Start time : Tue Oct  5 15:46:25 2021
  End time   : Tue Oct  5 19:53:24 2021
  Duration   : 4h 6' 59"
  CPUs       : 1
  CPU time   : 4h 6' 59"
  Exit code  : 0
  Jobname    : ogawa20211005T081919_551438c_complex
  Stage      : 3 (fep_absolute_binding_fep_launcher)
Stage 3 duration: 13h 38' 40"


Job("sevenstar-0-615b8c49") was successfully finished.
  Host       : localhost
  Launch time: Tue Oct  5 08:20:41 2021
  Start time : Tue Oct  5 19:53:52 2021
  End time   : Tue Oct  5 21:59:13 2021
  Duration   : 2h 5' 21"
  CPUs       : 1
  CPU time   : 2h 5' 21"
  Exit code  : 0
  Jobname    : ogawa20211005T081919_551438c_solvent
  Stage      : 3 (fep_absolute_binding_fep_launcher)
Stage 3 duration: 13h 38' 40"


Stage 3 completed successfully.

Stage 3 duration: 13h 38' 40"

run -FROM scisol fep_mapper_cleanup.py ogawa20211005T081919-multisim_checkpoint -force -fmp absolute_binding_ITK-Active-J31-alt_run02_out.fmp -out-fmp ogawa20211005T081919_out.fmp
Start cleanup...
absolute_binding_ITK-Active-J31-alt_run02_out.fmpdb exists. Making a backup (.bk) file...
processing: absolute_binding_ITK-Active-J31-alt_run02_3/ogawa20211005T081919_551438c_complex_16-out.tgz
Attach sid file for 551438c_complex to out.fmp file
processing: absolute_binding_ITK-Active-J31-alt_run02_3/ogawa20211005T081919_551438c_solvent_17-out.tgz
Attach sid file for 551438c_solvent to out.fmp file
Writing ogawa20211005T081919_out.fmp file...
Copying content from the existing absolute_binding_ITK-Active-J31-alt_run02_out.fmpdb.bk...
Cleanup done.
   Ligand Title      Ligand Binding DG (kcal/mol)    Ligand Binding DG Error (kcal/mol)
   --------------  ------------------------------  ------------------------------------
   J-31-3                                   -13.8                                   0.1
Results for J-31-3:
Complex dG: 49.282+-0.0648022
Complex correction dG: -9.14491373982674
Solvent dG: 26.2952+-0.0430836
Final dG: -13.8419+-0.0778172
Number of new compounds completed in the current job: 0

Stage 4 completed successfully.
Stage 4 duration: 0h 0' 8"

Cleaning up files...

Multisim summary (Tue Oct  5 21:59:24 2021):
  Stage 1 completed.
  Stage 2 completed.
  Stage 3 completed.
  Stage 4 completed.
  Total duration: 13h 38' 49"
Multisim completed.
