/home/schrodinger/SCHRODINGER_2020-4-r/fep_absolute_binding absolute_binding_ITK-Active-J13-2_run03.maegz -SUBHOST sevenstar_gpu -ppj 4 -maxjob 0 -ensemble muVT -fep-sim-time 5000.0 -md-sim-time 5000.0 -seed 2003 -OPLSDIR opls_dir -JOBNAME absolute_binding_ITK-Active-J13-2_run03 -HOST sevenstar_cpu -VIEWNAME AbfeJob -PROJ /home/ogawa/FEP/20210715_ITK_YCU_ABFEP/01-working.prj
Job launching command:
$SCHRODINGER/utilities/multisim absolute_binding_ITK-Active-J13-2_run03.maegz -HOST sevenstar_cpu -SUBHOST sevenstar_gpu -JOBNAME absolute_binding_ITK-Active-J13-2_run03 -maxjob 0 -m absolute_binding_ITK-Active-J13-2_run03.msj -RETRIES 1 -NICE -OPLSDIR opls_dir -o absolute_binding_ITK-Active-J13-2_run03-out.mae -encoded_description L2hvbWUvc2Nocm9kaW5nZXIvU0NIUk9ESU5HRVJfMjAyMC00LXIvZmVwX2Fic29sdXRlX2JpbmRpbmcgYWJzb2x1dGVfYmluZGluZ19JVEstQWN0aXZlLUoxMy0yX3J1bjAzLm1hZWd6IC1TVUJIT1NUIHNldmVuc3Rhcl9ncHUgLXBwaiA0IC1tYXhqb2IgMCAtZW5zZW1ibGUgbXVWVCAtZmVwLXNpbS10aW1lIDUwMDAuMCAtbWQtc2ltLXRpbWUgNTAwMC4wIC1zZWVkIDIwMDMgLU9QTFNESVIgb3Bsc19kaXIgLUpPQk5BTUUgYWJzb2x1dGVfYmluZGluZ19JVEstQWN0aXZlLUoxMy0yX3J1bjAzIC1IT1NUIHNldmVuc3Rhcl9jcHUgLVZJRVdOQU1FIEFiZmVKb2IgLVBST0ogL2hvbWUvb2dhd2EvRkVQLzIwMjEwNzE1X0lUS19ZQ1VfQUJGRVAvMDEtd29ya2luZy5wcmo=

Booting the multisim workflow engine...
           multisim version: 3.8.5.19
            mmshare version: 5.2
                    Jobname: absolute_binding_ITK-Active-J13-2_run03
                   Username: ogawa
            Master job host: sevenstar
                Subjob host: sevenstar_gpu
                     Job ID: sevenstar-0-616cae9a
            multisim script: absolute_binding_ITK-Active-J13-2_run03.msj
       Structure input file: absolute_binding_ITK-Active-J13-2_run03.maegz
            CPUs per subjob: "1"
             Job start time: Mon Oct 18 08:15:51 2021
           Launch directory: /home/ogawa/FEP/20210715_ITK_YCU_ABFEP/absolute_binding_ITK-Active-J13-2_run03
               $SCHRODINGER: /home/schrodinger/SCHRODINGER_2020-4-r

Parsing the multisim script file...

Summary of user stages:
  stage 1 - task
  stage 2 - fep_absolute_binding_md_launcher
  stage 3 - fep_absolute_binding_fep_launcher
  stage 4 - fep_absolute_binding_analysis
(4 stages in total)

Workflow is started now.

Stage 1 - task
stage[1] task: Detecting system type...
stage[1] task:   It seems 
stage[1] task: Recognizing traits of system...
stage[1] task:   (none)

Stage 1 completed successfully.
Stage 1 duration: 0h 0' 0"


Stage 2 - fep_absolute_binding_md_launcher
[running at reduced cpu priority]

Running subjobs on hosts:
  sevenstar_gpu (Max: No limit)
Number of jobs:       1
Max retries per job:  1
Max allowed failures: unlimited
Run with -LOCAL:      False
Verbosity:            normal

Starting JobDJ...

Keep one job on driver host: False
JobDJ columns:
  C: Number of completed subjobs
  A: Number of active subjobs (e.g., submitted, running)
  W: Number of waiting/pending subjobs

C A W | Activity  JobId  JobName  JobHost
- - - | --------- -----------------------
0 1 0 | launched  sevenstar-0-616caeaa absolute_binding_ITK-Active-J13-2_run03_2494660 sevenstar_gpu
1 0 0 | finished  sevenstar-0-616caeaa absolute_binding_ITK-Active-J13-2_run03_2494660 sevenstar_gpu [sevenstar]

All jobs have completed.

1 of 1 job(s) succeeded; 0 job(s) failed.


Job("sevenstar-0-616caeaa") was successfully finished.
  Host       : localhost
  Launch time: Mon Oct 18 08:15:54 2021
  Start time : Mon Oct 18 17:46:05 2021
  End time   : Mon Oct 18 18:06:29 2021
  Duration   : 0h 20' 24"
  CPUs       : 1
  CPU time   : 0h 20' 24"
  Exit code  : 0
  Jobname    : absolute_binding_ITK-Active-J13-2_run03_2494660
  Stage      : 2 (fep_absolute_binding_md_launcher)
Stage 2 duration: 9h 50' 38"


Stage 2 completed successfully.

Stage 2 duration: 9h 50' 39"


Stage 3 - fep_absolute_binding_fep_launcher

Running subjobs on hosts:
  sevenstar_gpu (Max: No limit)
Number of jobs:       2
Max retries per job:  1
Max allowed failures: unlimited
Run with -LOCAL:      False
Verbosity:            normal

Starting JobDJ...

Keep one job on driver host: False
JobDJ columns:
  C: Number of completed subjobs
  A: Number of active subjobs (e.g., submitted, running)
  W: Number of waiting/pending subjobs

C A W | Activity  JobId  JobName  JobHost
- - - | --------- -----------------------
0 1 1 | launched  sevenstar-0-616d3919 absolute_binding_ITK-Active-J13-2_run03_2494660_complex sevenstar_gpu
0 2 0 | launched  sevenstar-0-616d391c absolute_binding_ITK-Active-J13-2_run03_2494660_solvent sevenstar_gpu
1 1 0 | finished  sevenstar-0-616d3919 absolute_binding_ITK-Active-J13-2_run03_2494660_complex sevenstar_gpu [sevenstar]
2 0 0 | finished  sevenstar-0-616d391c absolute_binding_ITK-Active-J13-2_run03_2494660_solvent sevenstar_gpu [sevenstar]

All jobs have completed.

2 of 2 job(s) succeeded; 0 job(s) failed.


Job("sevenstar-0-616d3919") was successfully finished.
  Host       : localhost
  Launch time: Mon Oct 18 18:06:33 2021
  Start time : Mon Oct 18 18:07:20 2021
  End time   : Tue Oct 19 00:52:23 2021
  Duration   : 6h 45' 3"
  CPUs       : 1
  CPU time   : 6h 45' 3"
  Exit code  : 0
  Jobname    : absolute_binding_ITK-Active-J13-2_run03_2494660_complex
  Stage      : 3 (fep_absolute_binding_fep_launcher)
Stage 3 duration: 9h 32' 2"


Job("sevenstar-0-616d391c") was successfully finished.
  Host       : localhost
  Launch time: Mon Oct 18 18:06:36 2021
  Start time : Tue Oct 19 00:52:35 2021
  End time   : Tue Oct 19 03:38:32 2021
  Duration   : 2h 45' 57"
  CPUs       : 1
  CPU time   : 2h 45' 57"
  Exit code  : 0
  Jobname    : absolute_binding_ITK-Active-J13-2_run03_2494660_solvent
  Stage      : 3 (fep_absolute_binding_fep_launcher)
Stage 3 duration: 9h 32' 2"


Stage 3 completed successfully.

Stage 3 duration: 9h 32' 2"


Stage 4 - fep_absolute_binding_analysis
run -FROM scisol fep_mapper_cleanup.py absolute_binding_ITK-Active-J13-2_run03-multisim_checkpoint -force -fmp absolute_binding_ITK-Active-J13-2_run03.fmp -out-fmp absolute_binding_ITK-Active-J13-2_run03_out.fmp
Start cleanup...
processing: absolute_binding_ITK-Active-J13-2_run03_3/absolute_binding_ITK-Active-J13-2_run03_2494660_complex_16-out.tgz
Attach sid file for 2494660_complex to out.fmp file
processing: absolute_binding_ITK-Active-J13-2_run03_3/absolute_binding_ITK-Active-J13-2_run03_2494660_solvent_17-out.tgz
Attach sid file for 2494660_solvent to out.fmp file
Writing absolute_binding_ITK-Active-J13-2_run03_out.fmp file...
Cleanup done.
   Ligand Title      Ligand Binding DG (kcal/mol)    Ligand Binding DG Error (kcal/mol)
   --------------  ------------------------------  ------------------------------------
   J-13-2                                    -4.6                                   0.2
Results for J-13-2:
Complex dG: 62.8262+-0.170412
Complex correction dG: -9.05263537302211
Solvent dG: 49.1608+-0.046591
Final dG: -4.61276+-0.176666
Number of new compounds completed in the current job: 1

Stage 4 completed successfully.
Stage 4 duration: 0h 0' 6"

Cleaning up files...

Multisim summary (Tue Oct 19 03:38:40 2021):
  Stage 1 completed.
  Stage 2 completed.
  Stage 3 completed.
  Stage 4 completed.
  Total duration: 19h 22' 48"
Multisim completed.
