Reboot from the checkpoint: extend_absolute_binding_ITK-Active-cpdC_run03-multisim_checkpoint

/home/schrodinger/SCHRODINGER_2020-4-r/fep_absolute_binding absolute_binding_ITK-Active-cpdC_run03.maegz -SUBHOST sevenstar_gpu -HOST sevenstar_cpu -checkpoint absolute_binding_ITK-Active-cpdC_run03-multisim_checkpoint -OPLSDIR opls_dir -extend absolute_binding_ITK-Active-cpdC_run03.ligand -fep-sim-time 5000.0
Job launching command:
$SCHRODINGER/utilities/multisim -HOST sevenstar_cpu -SUBHOST sevenstar_gpu -JOBNAME ogawa20211013T193625 -RESTART extend_absolute_binding_ITK-Active-cpdC_run03-multisim_checkpoint -m ogawa20211013T193625.extend.msj -d absolute_binding_ITK-Active-cpdC_run03_1-out.tgz -d absolute_binding_ITK-Active-cpdC_run03_2-out.tgz -d absolute_binding_ITK-Active-cpdC_run03_3-out.tgz -ADD_FILE absolute_binding_ITK-Active-cpdC_run03_out.fmpdb -RETRIES 1 -OPLSDIR opls_dir -o ogawa20211013T193625-out.mae -encoded_description L2hvbWUvc2Nocm9kaW5nZXIvU0NIUk9ESU5HRVJfMjAyMC00LXIvZmVwX2Fic29sdXRlX2JpbmRpbmcgYWJzb2x1dGVfYmluZGluZ19JVEstQWN0aXZlLWNwZENfcnVuMDMubWFlZ3ogLVNVQkhPU1Qgc2V2ZW5zdGFyX2dwdSAtSE9TVCBzZXZlbnN0YXJfY3B1IC1jaGVja3BvaW50IGFic29sdXRlX2JpbmRpbmdfSVRLLUFjdGl2ZS1jcGRDX3J1bjAzLW11bHRpc2ltX2NoZWNrcG9pbnQgLU9QTFNESVIgb3Bsc19kaXIgLWV4dGVuZCBhYnNvbHV0ZV9iaW5kaW5nX0lUSy1BY3RpdmUtY3BkQ19ydW4wMy5saWdhbmQgLWZlcC1zaW0tdGltZSA1MDAwLjA=

Booting the multisim workflow engine...
           multisim version: 3.8.5.19
            mmshare version: 5.2
                    Jobname: ogawa20211013T193625
                   Username: ogawa
            Master job host: sevenstar
                Subjob host: sevenstar_gpu
                     Job ID: sevenstar-0-6166b6e6
            multisim script: ogawa20211013T193625.extend.msj
       Structure input file: absolute_binding_ITK-Active-cpdC_run03.maegz
            CPUs per subjob: "1"
             Job start time: Sat Oct  9 10:22:06 2021
           Launch directory: /home/ogawa/FEP/20210715_ITK_YCU_ABFEP/absolute_binding_ITK-Active-cpdC_run03
               $SCHRODINGER: /home/schrodinger/SCHRODINGER_2020-4-r

Parsing the multisim script file...

Checkpoint state:
  Stage 1 completed.
  Stage 2 completed.
  Stage 3 partially completed. 2 subjobs failed, 2 subjobs done.
    Jobnames of failed subjobs:
      absolute_binding_ITK-Active-cpdC_run03_25732d0_complex
      absolute_binding_ITK-Active-cpdC_run03_25732d0_solvent
  Stage 4 completed.

Summary of user stages:
  stage 1 - task
  stage 2 - fep_absolute_binding_md_launcher
  stage 3 - fep_absolute_binding_fep_launcher
  stage 4 - fep_absolute_binding_analysis
(4 stages in total)

Workflow is started now.
Updating stages with the new .msj file: /var/tmp/ogawa/ogawa20211013T193625/ogawa20211013T193625.extend.msj...
Stage 3 and after will be affected by the new .msj file.
Restart workflow from stage 3.

Stage 3 - fep_absolute_binding_fep_launcher

Running subjobs on hosts:
  sevenstar_gpu (Max: No limit)
Number of jobs:       2
Max retries per job:  1
Max allowed failures: unlimited
Run with -LOCAL:      False
Verbosity:            normal

Starting JobDJ...

Keep one job on driver host: False
JobDJ columns:
  C: Number of completed subjobs
  A: Number of active subjobs (e.g., submitted, running)
  W: Number of waiting/pending subjobs

C A W | Activity  JobId  JobName  JobHost
- - - | --------- -----------------------
0 1 1 | launched  sevenstar-0-6166b700 ogawa20211013T193625_25732d0_solvent sevenstar_gpu
0 2 0 | launched  sevenstar-0-6166b703 ogawa20211013T193625_25732d0_complex sevenstar_gpu
1 1 0 | finished  sevenstar-0-6166b700 ogawa20211013T193625_25732d0_solvent sevenstar_gpu [sevenstar]
2 0 0 | finished  sevenstar-0-6166b703 ogawa20211013T193625_25732d0_complex sevenstar_gpu [sevenstar]

All jobs have completed.

2 of 2 job(s) succeeded; 0 job(s) failed.


Job("sevenstar-0-6166b700") was successfully finished.
  Host       : localhost
  Launch time: Wed Oct 13 19:37:52 2021
  Start time : Thu Oct 14 13:57:50 2021
  End time   : Thu Oct 14 16:05:27 2021
  Duration   : 2h 7' 37"
  CPUs       : 1
  CPU time   : 2h 7' 37"
  Exit code  : 0
  Jobname    : ogawa20211013T193625_25732d0_solvent
  Stage      : 3 (fep_absolute_binding_fep_launcher)
Stage 3 duration: 24h 40' 38"


Job("sevenstar-0-6166b703") was successfully finished.
  Host       : localhost
  Launch time: Wed Oct 13 19:37:55 2021
  Start time : Thu Oct 14 16:05:53 2021
  End time   : Thu Oct 14 20:17:37 2021
  Duration   : 4h 11' 44"
  CPUs       : 1
  CPU time   : 4h 11' 44"
  Exit code  : 0
  Jobname    : ogawa20211013T193625_25732d0_complex
  Stage      : 3 (fep_absolute_binding_fep_launcher)
Stage 3 duration: 24h 40' 38"


Stage 3 completed successfully.

Stage 3 duration: 24h 40' 38"

run -FROM scisol fep_mapper_cleanup.py ogawa20211013T193625-multisim_checkpoint -force -fmp absolute_binding_ITK-Active-cpdC_run03_out.fmp -out-fmp ogawa20211013T193625_out.fmp
Start cleanup...
absolute_binding_ITK-Active-cpdC_run03_out.fmpdb exists. Making a backup (.bk) file...
processing: absolute_binding_ITK-Active-cpdC_run03_3/ogawa20211013T193625_25732d0_complex_16-out.tgz
Attach sid file for 25732d0_complex to out.fmp file
processing: absolute_binding_ITK-Active-cpdC_run03_3/ogawa20211013T193625_25732d0_solvent_17-out.tgz
Attach sid file for 25732d0_solvent to out.fmp file
Writing ogawa20211013T193625_out.fmp file...
Copying content from the existing absolute_binding_ITK-Active-cpdC_run03_out.fmpdb.bk...
Cleanup done.
   Ligand Title      Ligand Binding DG (kcal/mol)    Ligand Binding DG Error (kcal/mol)
   --------------  ------------------------------  ------------------------------------
   cpdC                                      -9.2                                   0.1
Results for cpdC:
Complex dG: 150.627+-0.0943702
Complex correction dG: -9.18099337528589
Solvent dG: 132.211+-0.0460093
Final dG: -9.23501+-0.104989
Number of new compounds completed in the current job: 0

Stage 4 completed successfully.
Stage 4 duration: 0h 0' 8"

Cleaning up files...

Multisim summary (Thu Oct 14 20:18:36 2021):
  Stage 1 completed.
  Stage 2 completed.
  Stage 3 completed.
  Stage 4 completed.
  Total duration: 24h 40' 46"
Multisim completed.
