/home/schrodinger/SCHRODINGER_2020-4-r/fep_absolute_binding absolute_binding_ITK-Active-cpdJ_run01.maegz -SUBHOST sevenstar_gpu -ppj 4 -maxjob 0 -ensemble muVT -fep-sim-time 5000.0 -md-sim-time 5000.0 -seed 2007 -OPLSDIR opls_dir -JOBNAME absolute_binding_ITK-Active-cpdJ_run01 -HOST sevenstar_cpu -VIEWNAME AbfeJob -PROJ /home/ogawa/FEP/20210715_ITK_YCU_ABFEP/01-working.prj
Job launching command:
$SCHRODINGER/utilities/multisim absolute_binding_ITK-Active-cpdJ_run01.maegz -HOST sevenstar_cpu -SUBHOST sevenstar_gpu -JOBNAME absolute_binding_ITK-Active-cpdJ_run01 -maxjob 0 -m absolute_binding_ITK-Active-cpdJ_run01.msj -RETRIES 1 -NICE -OPLSDIR opls_dir -o absolute_binding_ITK-Active-cpdJ_run01-out.mae -encoded_description L2hvbWUvc2Nocm9kaW5nZXIvU0NIUk9ESU5HRVJfMjAyMC00LXIvZmVwX2Fic29sdXRlX2JpbmRpbmcgYWJzb2x1dGVfYmluZGluZ19JVEstQWN0aXZlLWNwZEpfcnVuMDEubWFlZ3ogLVNVQkhPU1Qgc2V2ZW5zdGFyX2dwdSAtcHBqIDQgLW1heGpvYiAwIC1lbnNlbWJsZSBtdVZUIC1mZXAtc2ltLXRpbWUgNTAwMC4wIC1tZC1zaW0tdGltZSA1MDAwLjAgLXNlZWQgMjAwNyAtT1BMU0RJUiBvcGxzX2RpciAtSk9CTkFNRSBhYnNvbHV0ZV9iaW5kaW5nX0lUSy1BY3RpdmUtY3BkSl9ydW4wMSAtSE9TVCBzZXZlbnN0YXJfY3B1IC1WSUVXTkFNRSBBYmZlSm9iIC1QUk9KIC9ob21lL29nYXdhL0ZFUC8yMDIxMDcxNV9JVEtfWUNVX0FCRkVQLzAxLXdvcmtpbmcucHJq

Booting the multisim workflow engine...
           multisim version: 3.8.5.19
            mmshare version: 5.2
                    Jobname: absolute_binding_ITK-Active-cpdJ_run01
                   Username: ogawa
            Master job host: sevenstar
                Subjob host: sevenstar_gpu
                     Job ID: sevenstar-0-6121a7d2
            multisim script: absolute_binding_ITK-Active-cpdJ_run01.msj
       Structure input file: absolute_binding_ITK-Active-cpdJ_run01.maegz
            CPUs per subjob: "1"
             Job start time: Sun Aug 22 10:26:58 2021
           Launch directory: /home/ogawa/FEP/20210715_ITK_YCU_ABFEP/absolute_binding_ITK-Active-cpdJ_run01
               $SCHRODINGER: /home/schrodinger/SCHRODINGER_2020-4-r

Parsing the multisim script file...

Summary of user stages:
  stage 1 - task
  stage 2 - fep_absolute_binding_md_launcher
  stage 3 - fep_absolute_binding_fep_launcher
  stage 4 - fep_absolute_binding_analysis
(4 stages in total)

Workflow is started now.

Stage 1 - task
stage[1] task: Detecting system type...
stage[1] task:   It seems 
stage[1] task: Recognizing traits of system...
stage[1] task:   (none)

Stage 1 completed successfully.
Stage 1 duration: 0h 0' 0"


Stage 2 - fep_absolute_binding_md_launcher
[running at reduced cpu priority]

Running subjobs on hosts:
  sevenstar_gpu (Max: No limit)
Number of jobs:       1
Max retries per job:  1
Max allowed failures: unlimited
Run with -LOCAL:      False
Verbosity:            normal

Starting JobDJ...

Keep one job on driver host: False
JobDJ columns:
  C: Number of completed subjobs
  A: Number of active subjobs (e.g., submitted, running)
  W: Number of waiting/pending subjobs

C A W | Activity  JobId  JobName  JobHost
- - - | --------- -----------------------
0 1 0 | launched  sevenstar-0-6121a7e5 absolute_binding_ITK-Active-cpdJ_run01_6f31b72 sevenstar_gpu
1 0 0 | finished  sevenstar-0-6121a7e5 absolute_binding_ITK-Active-cpdJ_run01_6f31b72 sevenstar_gpu [sevenstar]

All jobs have completed.

1 of 1 job(s) succeeded; 0 job(s) failed.


Job("sevenstar-0-6121a7e5") was successfully finished.
  Host       : localhost
  Launch time: Sun Aug 22 10:27:01 2021
  Start time : Sun Aug 22 20:09:41 2021
  End time   : Sun Aug 22 20:33:16 2021
  Duration   : 0h 23' 35"
  CPUs       : 1
  CPU time   : 0h 23' 35"
  Exit code  : 0
  Jobname    : absolute_binding_ITK-Active-cpdJ_run01_6f31b72
  Stage      : 2 (fep_absolute_binding_md_launcher)
Stage 2 duration: 10h 6' 19"


Stage 2 completed successfully.

Stage 2 duration: 10h 6' 19"


Stage 3 - fep_absolute_binding_fep_launcher

Running subjobs on hosts:
  sevenstar_gpu (Max: No limit)
Number of jobs:       2
Max retries per job:  1
Max allowed failures: unlimited
Run with -LOCAL:      False
Verbosity:            normal

Starting JobDJ...

Keep one job on driver host: False
JobDJ columns:
  C: Number of completed subjobs
  A: Number of active subjobs (e.g., submitted, running)
  W: Number of waiting/pending subjobs

C A W | Activity  JobId  JobName  JobHost
- - - | --------- -----------------------
0 1 1 | launched  sevenstar-0-61223600 absolute_binding_ITK-Active-cpdJ_run01_6f31b72_complex sevenstar_gpu
0 2 0 | launched  sevenstar-0-61223603 absolute_binding_ITK-Active-cpdJ_run01_6f31b72_solvent sevenstar_gpu
1 1 0 | finished  sevenstar-0-61223600 absolute_binding_ITK-Active-cpdJ_run01_6f31b72_complex sevenstar_gpu [sevenstar]
2 0 0 | finished  sevenstar-0-61223603 absolute_binding_ITK-Active-cpdJ_run01_6f31b72_solvent sevenstar_gpu [sevenstar]

All jobs have completed.

2 of 2 job(s) succeeded; 0 job(s) failed.


Job("sevenstar-0-61223600") was successfully finished.
  Host       : localhost
  Launch time: Sun Aug 22 20:33:20 2021
  Start time : Sun Aug 22 20:33:41 2021
  End time   : Mon Aug 23 07:21:25 2021
  Duration   : 10h 47' 44"
  CPUs       : 1
  CPU time   : 10h 47' 44"
  Exit code  : 0
  Jobname    : absolute_binding_ITK-Active-cpdJ_run01_6f31b72_complex
  Stage      : 3 (fep_absolute_binding_fep_launcher)
Stage 3 duration: 13h 43' 51"


Job("sevenstar-0-61223603") was successfully finished.
  Host       : localhost
  Launch time: Sun Aug 22 20:33:23 2021
  Start time : Mon Aug 23 07:21:41 2021
  End time   : Mon Aug 23 10:17:08 2021
  Duration   : 2h 55' 27"
  CPUs       : 1
  CPU time   : 2h 55' 27"
  Exit code  : 0
  Jobname    : absolute_binding_ITK-Active-cpdJ_run01_6f31b72_solvent
  Stage      : 3 (fep_absolute_binding_fep_launcher)
Stage 3 duration: 13h 43' 51"


Stage 3 completed successfully.

Stage 3 duration: 13h 43' 51"


Stage 4 - fep_absolute_binding_analysis
run -FROM scisol fep_mapper_cleanup.py absolute_binding_ITK-Active-cpdJ_run01-multisim_checkpoint -force -fmp absolute_binding_ITK-Active-cpdJ_run01.fmp -out-fmp absolute_binding_ITK-Active-cpdJ_run01_out.fmp
Start cleanup...
processing: absolute_binding_ITK-Active-cpdJ_run01_3/absolute_binding_ITK-Active-cpdJ_run01_6f31b72_complex_16-out.tgz
Attach sid file for 6f31b72_complex to out.fmp file
processing: absolute_binding_ITK-Active-cpdJ_run01_3/absolute_binding_ITK-Active-cpdJ_run01_6f31b72_solvent_17-out.tgz
Attach sid file for 6f31b72_solvent to out.fmp file
Writing absolute_binding_ITK-Active-cpdJ_run01_out.fmp file...
Cleanup done.
   Ligand Title      Ligand Binding DG (kcal/mol)    Ligand Binding DG Error (kcal/mol)
   --------------  ------------------------------  ------------------------------------
   cpdJ                                     -18.2                                   0.1
Results for cpdJ:
Complex dG: 120.684+-0.0781181
Complex correction dG: -9.02286500410335
Solvent dG: 93.4085+-0.0723945
Final dG: -18.2526+-0.106505
Number of new compounds completed in the current job: 1

Stage 4 completed successfully.
Stage 4 duration: 0h 0' 7"

Cleaning up files...

Multisim summary (Mon Aug 23 10:17:16 2021):
  Stage 1 completed.
  Stage 2 completed.
  Stage 3 completed.
  Stage 4 completed.
  Total duration: 23h 50' 18"
Multisim completed.
