Reboot from the checkpoint: extend_absolute_binding_ITK-Inactive-J31_run01-multisim_checkpoint

/home/schrodinger/SCHRODINGER_2020-4-r/fep_absolute_binding absolute_binding_ITK-Inactive-J31_run01.maegz -SUBHOST sevenstar_gpu -HOST sevenstar_cpu -checkpoint absolute_binding_ITK-Inactive-J31_run01-multisim_checkpoint -OPLSDIR opls_dir -extend absolute_binding_ITK-Inactive-J31_run01.ligand -fep-sim-time 5000.0
Job launching command:
$SCHRODINGER/utilities/multisim -HOST sevenstar_cpu -SUBHOST sevenstar_gpu -JOBNAME ogawa20210930T085245 -RESTART extend_absolute_binding_ITK-Inactive-J31_run01-multisim_checkpoint -m ogawa20210930T085245.extend.msj -d absolute_binding_ITK-Inactive-J31_run01_1-out.tgz -d absolute_binding_ITK-Inactive-J31_run01_2-out.tgz -d absolute_binding_ITK-Inactive-J31_run01_3-out.tgz -ADD_FILE absolute_binding_ITK-Inactive-J31_run01_out.fmpdb -RETRIES 1 -OPLSDIR opls_dir -o ogawa20210930T085245-out.mae -encoded_description L2hvbWUvc2Nocm9kaW5nZXIvU0NIUk9ESU5HRVJfMjAyMC00LXIvZmVwX2Fic29sdXRlX2JpbmRpbmcgYWJzb2x1dGVfYmluZGluZ19JVEstSW5hY3RpdmUtSjMxX3J1bjAxLm1hZWd6IC1TVUJIT1NUIHNldmVuc3Rhcl9ncHUgLUhPU1Qgc2V2ZW5zdGFyX2NwdSAtY2hlY2twb2ludCBhYnNvbHV0ZV9iaW5kaW5nX0lUSy1JbmFjdGl2ZS1KMzFfcnVuMDEtbXVsdGlzaW1fY2hlY2twb2ludCAtT1BMU0RJUiBvcGxzX2RpciAtZXh0ZW5kIGFic29sdXRlX2JpbmRpbmdfSVRLLUluYWN0aXZlLUozMV9ydW4wMS5saWdhbmQgLWZlcC1zaW0tdGltZSA1MDAwLjA=

Booting the multisim workflow engine...
           multisim version: 3.8.5.19
            mmshare version: 5.2
                    Jobname: ogawa20210930T085245
                   Username: ogawa
            Master job host: sevenstar
                Subjob host: sevenstar_gpu
                     Job ID: sevenstar-0-6154fc85
            multisim script: ogawa20210930T085245.extend.msj
       Structure input file: absolute_binding_ITK-Inactive-J31_run01.maegz
            CPUs per subjob: "1"
             Job start time: Mon Sep 27 17:56:06 2021
           Launch directory: /home/ogawa/FEP/20210715_ITK_YCU_ABFEP/absolute_binding_ITK-Inactive-J31_run01
               $SCHRODINGER: /home/schrodinger/SCHRODINGER_2020-4-r

Parsing the multisim script file...

Checkpoint state:
  Stage 1 completed.
  Stage 2 completed.
  Stage 3 partially completed. 2 subjobs failed, 2 subjobs done.
    Jobnames of failed subjobs:
      absolute_binding_ITK-Inactive-J31_run01_6e60ade_complex
      absolute_binding_ITK-Inactive-J31_run01_6e60ade_solvent
  Stage 4 completed.

Summary of user stages:
  stage 1 - task
  stage 2 - fep_absolute_binding_md_launcher
  stage 3 - fep_absolute_binding_fep_launcher
  stage 4 - fep_absolute_binding_analysis
(4 stages in total)

Workflow is started now.
Updating stages with the new .msj file: /var/tmp/ogawa/ogawa20210930T085245/ogawa20210930T085245.extend.msj...
Stage 3 and after will be affected by the new .msj file.
Restart workflow from stage 3.

Stage 3 - fep_absolute_binding_fep_launcher

Running subjobs on hosts:
  sevenstar_gpu (Max: No limit)
Number of jobs:       2
Max retries per job:  1
Max allowed failures: unlimited
Run with -LOCAL:      False
Verbosity:            normal

Starting JobDJ...

Keep one job on driver host: False
JobDJ columns:
  C: Number of completed subjobs
  A: Number of active subjobs (e.g., submitted, running)
  W: Number of waiting/pending subjobs

C A W | Activity  JobId  JobName  JobHost
- - - | --------- -----------------------
0 1 1 | launched  sevenstar-0-6154fc9e ogawa20210930T085245_6e60ade_complex sevenstar_gpu
0 2 0 | launched  sevenstar-0-6154fca4 ogawa20210930T085245_6e60ade_solvent sevenstar_gpu
1 1 0 | finished  sevenstar-0-6154fc9e ogawa20210930T085245_6e60ade_complex sevenstar_gpu [sevenstar]
2 0 0 | finished  sevenstar-0-6154fca4 ogawa20210930T085245_6e60ade_solvent sevenstar_gpu [sevenstar]

All jobs have completed.

2 of 2 job(s) succeeded; 0 job(s) failed.


Job("sevenstar-0-6154fc9e") was successfully finished.
  Host       : localhost
  Launch time: Thu Sep 30 08:54:06 2021
  Start time : Thu Sep 30 13:22:52 2021
  End time   : Thu Sep 30 17:30:55 2021
  Duration   : 4h 8' 3"
  CPUs       : 1
  CPU time   : 4h 8' 3"
  Exit code  : 0
  Jobname    : ogawa20210930T085245_6e60ade_complex
  Stage      : 3 (fep_absolute_binding_fep_launcher)
Stage 3 duration: 10h 45' 36"


Job("sevenstar-0-6154fca4") was successfully finished.
  Host       : localhost
  Launch time: Thu Sep 30 08:54:12 2021
  Start time : Thu Sep 30 17:31:20 2021
  End time   : Thu Sep 30 19:39:39 2021
  Duration   : 2h 8' 19"
  CPUs       : 1
  CPU time   : 2h 8' 19"
  Exit code  : 0
  Jobname    : ogawa20210930T085245_6e60ade_solvent
  Stage      : 3 (fep_absolute_binding_fep_launcher)
Stage 3 duration: 10h 45' 36"


Stage 3 completed successfully.

Stage 3 duration: 10h 45' 36"

run -FROM scisol fep_mapper_cleanup.py ogawa20210930T085245-multisim_checkpoint -force -fmp absolute_binding_ITK-Inactive-J31_run01_out.fmp -out-fmp ogawa20210930T085245_out.fmp
Start cleanup...
absolute_binding_ITK-Inactive-J31_run01_out.fmpdb exists. Making a backup (.bk) file...
processing: absolute_binding_ITK-Inactive-J31_run01_3/ogawa20210930T085245_6e60ade_complex_16-out.tgz
Attach sid file for 6e60ade_complex to out.fmp file
processing: absolute_binding_ITK-Inactive-J31_run01_3/ogawa20210930T085245_6e60ade_solvent_17-out.tgz
Attach sid file for 6e60ade_solvent to out.fmp file
Writing ogawa20210930T085245_out.fmp file...
Copying content from the existing absolute_binding_ITK-Inactive-J31_run01_out.fmpdb.bk...
Cleanup done.
   Ligand Title      Ligand Binding DG (kcal/mol)    Ligand Binding DG Error (kcal/mol)
   --------------  ------------------------------  ------------------------------------
   J-31                                     -10.6                                   0.1
Results for J-31:
Complex dG: 32.7104+-0.0740699
Complex correction dG: -8.87149686388601
Solvent dG: 13.2085+-0.0423713
Final dG: -10.6304+-0.0853327
Number of new compounds completed in the current job: 0

Stage 4 completed successfully.
Stage 4 duration: 0h 0' 9"

Cleaning up files...

Multisim summary (Thu Sep 30 19:39:49 2021):
  Stage 1 completed.
  Stage 2 completed.
  Stage 3 completed.
  Stage 4 completed.
  Total duration: 10h 45' 45"
Multisim completed.
